CRITICAL - 2022-10-10 03:17:34 --> Unknown column 'undefined' in 'where clause'
#0 E:\Projets\marketplace\system\Database\MySQLi\Connection.php(331): mysqli->query('SELECT *\nFROM `...')
#1 E:\Projets\marketplace\system\Database\BaseConnection.php(738): CodeIgniter\Database\MySQLi\Connection->execute('SELECT *\nFROM `...')
#2 E:\Projets\marketplace\system\Database\BaseConnection.php(666): CodeIgniter\Database\BaseConnection->simpleQuery('SELECT *\nFROM `...')
#3 E:\Projets\marketplace\system\Database\BaseBuilder.php(1845): CodeIgniter\Database\BaseConnection->query('SELECT *\nFROM `...', Array, false)
#4 E:\Projets\marketplace\system\Model.php(387): CodeIgniter\Database\BaseBuilder->get()
#5 E:\Projets\marketplace\app\Models\Productmodel.php(56): CodeIgniter\Model->find()
#6 E:\Projets\marketplace\app\Controllers\Produit.php(56): App\Models\Productmodel->getSelectedProduct(NULL, '6', 'undefined')
#7 E:\Projets\marketplace\app\Controllers\Filtre.php(48): App\Controllers\Produit::getSelectedProduct(NULL, '6', 'undefined')
#8 E:\Projets\marketplace\system\CodeIgniter.php(914): App\Controllers\Filtre::getResultat('getSelectedProd...', NULL, '6', 'carouselproduct...', 'undefined')
#9 E:\Projets\marketplace\system\CodeIgniter.php(400): CodeIgniter\CodeIgniter->runController(Object(App\Controllers\Filtre))
#10 E:\Projets\marketplace\system\CodeIgniter.php(308): CodeIgniter\CodeIgniter->handleRequest(NULL, Object(Config\Cache), false)
#11 E:\Projets\marketplace\public\index.php(45): CodeIgniter\CodeIgniter->run()
#12 E:\Projets\marketplace\system\Commands\Server\rewrite.php(34): require_once('E:\\Projets\\mark...')
#13 {main}
CRITICAL - 2022-10-10 03:17:34 --> Unknown column 'undefined' in 'where clause'
#0 E:\Projets\marketplace\system\Database\MySQLi\Connection.php(331): mysqli->query('SELECT *\nFROM `...')
#1 E:\Projets\marketplace\system\Database\BaseConnection.php(738): CodeIgniter\Database\MySQLi\Connection->execute('SELECT *\nFROM `...')
#2 E:\Projets\marketplace\system\Database\BaseConnection.php(666): CodeIgniter\Database\BaseConnection->simpleQuery('SELECT *\nFROM `...')
#3 E:\Projets\marketplace\system\Database\BaseBuilder.php(1845): CodeIgniter\Database\BaseConnection->query('SELECT *\nFROM `...', Array, false)
#4 E:\Projets\marketplace\system\Model.php(387): CodeIgniter\Database\BaseBuilder->get()
#5 E:\Projets\marketplace\app\Models\Productmodel.php(56): CodeIgniter\Model->find()
#6 E:\Projets\marketplace\app\Controllers\Produit.php(56): App\Models\Productmodel->getSelectedProduct(NULL, '6', 'undefined')
#7 E:\Projets\marketplace\app\Controllers\Filtre.php(48): App\Controllers\Produit::getSelectedProduct(NULL, '6', 'undefined')
#8 E:\Projets\marketplace\system\CodeIgniter.php(914): App\Controllers\Filtre::getResultat('getSelectedProd...', NULL, '6', 'selectedproduct...', 'undefined')
#9 E:\Projets\marketplace\system\CodeIgniter.php(400): CodeIgniter\CodeIgniter->runController(Object(App\Controllers\Filtre))
#10 E:\Projets\marketplace\system\CodeIgniter.php(308): CodeIgniter\CodeIgniter->handleRequest(NULL, Object(Config\Cache), false)
#11 E:\Projets\marketplace\public\index.php(45): CodeIgniter\CodeIgniter->run()
#12 E:\Projets\marketplace\system\Commands\Server\rewrite.php(34): require_once('E:\\Projets\\mark...')
#13 {main}
CRITICAL - 2022-10-10 03:17:40 --> Unknown column 'undefined' in 'where clause'
#0 E:\Projets\marketplace\system\Database\MySQLi\Connection.php(331): mysqli->query('SELECT *\nFROM `...')
#1 E:\Projets\marketplace\system\Database\BaseConnection.php(738): CodeIgniter\Database\MySQLi\Connection->execute('SELECT *\nFROM `...')
#2 E:\Projets\marketplace\system\Database\BaseConnection.php(666): CodeIgniter\Database\BaseConnection->simpleQuery('SELECT *\nFROM `...')
#3 E:\Projets\marketplace\system\Database\BaseBuilder.php(1845): CodeIgniter\Database\BaseConnection->query('SELECT *\nFROM `...', Array, false)
#4 E:\Projets\marketplace\system\Model.php(387): CodeIgniter\Database\BaseBuilder->get()
#5 E:\Projets\marketplace\app\Models\Productmodel.php(56): CodeIgniter\Model->find()
#6 E:\Projets\marketplace\app\Controllers\Produit.php(56): App\Models\Productmodel->getSelectedProduct(NULL, '6', 'undefined')
#7 E:\Projets\marketplace\app\Controllers\Filtre.php(48): App\Controllers\Produit::getSelectedProduct(NULL, '6', 'undefined')
#8 E:\Projets\marketplace\system\CodeIgniter.php(914): App\Controllers\Filtre::getResultat('getSelectedProd...', NULL, '6', 'carouselproduct...', 'undefined')
#9 E:\Projets\marketplace\system\CodeIgniter.php(400): CodeIgniter\CodeIgniter->runController(Object(App\Controllers\Filtre))
#10 E:\Projets\marketplace\system\CodeIgniter.php(308): CodeIgniter\CodeIgniter->handleRequest(NULL, Object(Config\Cache), false)
#11 E:\Projets\marketplace\public\index.php(45): CodeIgniter\CodeIgniter->run()
#12 E:\Projets\marketplace\system\Commands\Server\rewrite.php(34): require_once('E:\\Projets\\mark...')
#13 {main}
CRITICAL - 2022-10-10 03:17:40 --> Unknown column 'undefined' in 'where clause'
#0 E:\Projets\marketplace\system\Database\MySQLi\Connection.php(331): mysqli->query('SELECT *\nFROM `...')
#1 E:\Projets\marketplace\system\Database\BaseConnection.php(738): CodeIgniter\Database\MySQLi\Connection->execute('SELECT *\nFROM `...')
#2 E:\Projets\marketplace\system\Database\BaseConnection.php(666): CodeIgniter\Database\BaseConnection->simpleQuery('SELECT *\nFROM `...')
#3 E:\Projets\marketplace\system\Database\BaseBuilder.php(1845): CodeIgniter\Database\BaseConnection->query('SELECT *\nFROM `...', Array, false)
#4 E:\Projets\marketplace\system\Model.php(387): CodeIgniter\Database\BaseBuilder->get()
#5 E:\Projets\marketplace\app\Models\Productmodel.php(56): CodeIgniter\Model->find()
#6 E:\Projets\marketplace\app\Controllers\Produit.php(56): App\Models\Productmodel->getSelectedProduct(NULL, '6', 'undefined')
#7 E:\Projets\marketplace\app\Controllers\Filtre.php(48): App\Controllers\Produit::getSelectedProduct(NULL, '6', 'undefined')
#8 E:\Projets\marketplace\system\CodeIgniter.php(914): App\Controllers\Filtre::getResultat('getSelectedProd...', NULL, '6', 'selectedproduct...', 'undefined')
#9 E:\Projets\marketplace\system\CodeIgniter.php(400): CodeIgniter\CodeIgniter->runController(Object(App\Controllers\Filtre))
#10 E:\Projets\marketplace\system\CodeIgniter.php(308): CodeIgniter\CodeIgniter->handleRequest(NULL, Object(Config\Cache), false)
#11 E:\Projets\marketplace\public\index.php(45): CodeIgniter\CodeIgniter->run()
#12 E:\Projets\marketplace\system\Commands\Server\rewrite.php(34): require_once('E:\\Projets\\mark...')
#13 {main}
CRITICAL - 2022-10-10 03:25:08 --> Undefined variable: product
#0 E:\Projets\marketplace\app\Views\Template-parts\selectedproducts.php(31): CodeIgniter\Debug\Exceptions->errorHandler(8, 'Undefined varia...', 'E:\\Projets\\mark...', 31, Array)
#1 E:\Projets\marketplace\system\View\View.php(246): include('E:\\Projets\\mark...')
#2 E:\Projets\marketplace\system\Common.php(1087): CodeIgniter\View\View->render('Template-parts/...', Array, true)
#3 E:\Projets\marketplace\app\Controllers\Filtre.php(68): view('Template-parts/...', Array)
#4 E:\Projets\marketplace\system\CodeIgniter.php(914): App\Controllers\Filtre::getResultat('getSelectedProd...', '4', '6', 'selectedproduct...', 'allprod')
#5 E:\Projets\marketplace\system\CodeIgniter.php(400): CodeIgniter\CodeIgniter->runController(Object(App\Controllers\Filtre))
#6 E:\Projets\marketplace\system\CodeIgniter.php(308): CodeIgniter\CodeIgniter->handleRequest(NULL, Object(Config\Cache), false)
#7 E:\Projets\marketplace\public\index.php(45): CodeIgniter\CodeIgniter->run()
#8 E:\Projets\marketplace\system\Commands\Server\rewrite.php(34): require_once('E:\\Projets\\mark...')
#9 {main}
CRITICAL - 2022-10-10 03:25:13 --> Undefined variable: product
#0 E:\Projets\marketplace\app\Views\Template-parts\selectedproducts.php(31): CodeIgniter\Debug\Exceptions->errorHandler(8, 'Undefined varia...', 'E:\\Projets\\mark...', 31, Array)
#1 E:\Projets\marketplace\system\View\View.php(246): include('E:\\Projets\\mark...')
#2 E:\Projets\marketplace\system\Common.php(1087): CodeIgniter\View\View->render('Template-parts/...', Array, true)
#3 E:\Projets\marketplace\app\Controllers\Filtre.php(68): view('Template-parts/...', Array)
#4 E:\Projets\marketplace\system\CodeIgniter.php(914): App\Controllers\Filtre::getResultat('getSelectedProd...', '7', '6', 'selectedproduct...', 'allprod')
#5 E:\Projets\marketplace\system\CodeIgniter.php(400): CodeIgniter\CodeIgniter->runController(Object(App\Controllers\Filtre))
#6 E:\Projets\marketplace\system\CodeIgniter.php(308): CodeIgniter\CodeIgniter->handleRequest(NULL, Object(Config\Cache), false)
#7 E:\Projets\marketplace\public\index.php(45): CodeIgniter\CodeIgniter->run()
#8 E:\Projets\marketplace\system\Commands\Server\rewrite.php(34): require_once('E:\\Projets\\mark...')
#9 {main}
CRITICAL - 2022-10-10 03:25:25 --> Undefined variable: product
#0 E:\Projets\marketplace\app\Views\Template-parts\selectedproducts.php(31): CodeIgniter\Debug\Exceptions->errorHandler(8, 'Undefined varia...', 'E:\\Projets\\mark...', 31, Array)
#1 E:\Projets\marketplace\system\View\View.php(246): include('E:\\Projets\\mark...')
#2 E:\Projets\marketplace\system\Common.php(1087): CodeIgniter\View\View->render('Template-parts/...', Array, true)
#3 E:\Projets\marketplace\app\Controllers\Filtre.php(68): view('Template-parts/...', Array)
#4 E:\Projets\marketplace\system\CodeIgniter.php(914): App\Controllers\Filtre::getResultat('getSelectedProd...', '4', '6', 'selectedproduct...', 'selection')
#5 E:\Projets\marketplace\system\CodeIgniter.php(400): CodeIgniter\CodeIgniter->runController(Object(App\Controllers\Filtre))
#6 E:\Projets\marketplace\system\CodeIgniter.php(308): CodeIgniter\CodeIgniter->handleRequest(NULL, Object(Config\Cache), false)
#7 E:\Projets\marketplace\public\index.php(45): CodeIgniter\CodeIgniter->run()
#8 E:\Projets\marketplace\system\Commands\Server\rewrite.php(34): require_once('E:\\Projets\\mark...')
#9 {main}
CRITICAL - 2022-10-10 03:25:35 --> Undefined variable: product
#0 E:\Projets\marketplace\app\Views\Template-parts\selectedproducts.php(31): CodeIgniter\Debug\Exceptions->errorHandler(8, 'Undefined varia...', 'E:\\Projets\\mark...', 31, Array)
#1 E:\Projets\marketplace\system\View\View.php(246): include('E:\\Projets\\mark...')
#2 E:\Projets\marketplace\system\Common.php(1087): CodeIgniter\View\View->render('Template-parts/...', Array, true)
#3 E:\Projets\marketplace\app\Controllers\Filtre.php(68): view('Template-parts/...', Array)
#4 E:\Projets\marketplace\system\CodeIgniter.php(914): App\Controllers\Filtre::getResultat('getSelectedProd...', '8', '6', 'selectedproduct...', 'selection')
#5 E:\Projets\marketplace\system\CodeIgniter.php(400): CodeIgniter\CodeIgniter->runController(Object(App\Controllers\Filtre))
#6 E:\Projets\marketplace\system\CodeIgniter.php(308): CodeIgniter\CodeIgniter->handleRequest(NULL, Object(Config\Cache), false)
#7 E:\Projets\marketplace\public\index.php(45): CodeIgniter\CodeIgniter->run()
#8 E:\Projets\marketplace\system\Commands\Server\rewrite.php(34): require_once('E:\\Projets\\mark...')
#9 {main}
CRITICAL - 2022-10-10 03:44:12 --> Undefined variable: product
#0 E:\Projets\marketplace\app\Views\Template-parts\selectedproducts.php(31): CodeIgniter\Debug\Exceptions->errorHandler(8, 'Undefined varia...', 'E:\\Projets\\mark...', 31, Array)
#1 E:\Projets\marketplace\system\View\View.php(246): include('E:\\Projets\\mark...')
#2 E:\Projets\marketplace\system\Common.php(1087): CodeIgniter\View\View->render('Template-parts/...', Array, true)
#3 E:\Projets\marketplace\app\Controllers\Filtre.php(68): view('Template-parts/...', Array)
#4 E:\Projets\marketplace\system\CodeIgniter.php(914): App\Controllers\Filtre::getResultat('getSelectedProd...', '3', '6', 'selectedproduct...', 'promo')
#5 E:\Projets\marketplace\system\CodeIgniter.php(400): CodeIgniter\CodeIgniter->runController(Object(App\Controllers\Filtre))
#6 E:\Projets\marketplace\system\CodeIgniter.php(308): CodeIgniter\CodeIgniter->handleRequest(NULL, Object(Config\Cache), false)
#7 E:\Projets\marketplace\public\index.php(45): CodeIgniter\CodeIgniter->run()
#8 E:\Projets\marketplace\system\Commands\Server\rewrite.php(34): require_once('E:\\Projets\\mark...')
#9 {main}
CRITICAL - 2022-10-10 03:44:16 --> Undefined variable: product
#0 E:\Projets\marketplace\app\Views\Template-parts\selectedproducts.php(31): CodeIgniter\Debug\Exceptions->errorHandler(8, 'Undefined varia...', 'E:\\Projets\\mark...', 31, Array)
#1 E:\Projets\marketplace\system\View\View.php(246): include('E:\\Projets\\mark...')
#2 E:\Projets\marketplace\system\Common.php(1087): CodeIgniter\View\View->render('Template-parts/...', Array, true)
#3 E:\Projets\marketplace\app\Controllers\Filtre.php(68): view('Template-parts/...', Array)
#4 E:\Projets\marketplace\system\CodeIgniter.php(914): App\Controllers\Filtre::getResultat('getSelectedProd...', '1', '6', 'selectedproduct...', 'promo')
#5 E:\Projets\marketplace\system\CodeIgniter.php(400): CodeIgniter\CodeIgniter->runController(Object(App\Controllers\Filtre))
#6 E:\Projets\marketplace\system\CodeIgniter.php(308): CodeIgniter\CodeIgniter->handleRequest(NULL, Object(Config\Cache), false)
#7 E:\Projets\marketplace\public\index.php(45): CodeIgniter\CodeIgniter->run()
#8 E:\Projets\marketplace\system\Commands\Server\rewrite.php(34): require_once('E:\\Projets\\mark...')
#9 {main}
CRITICAL - 2022-10-10 03:56:03 --> Undefined variable: product
#0 E:\Projets\marketplace\app\Views\Template-parts\selectedproducts.php(31): CodeIgniter\Debug\Exceptions->errorHandler(8, 'Undefined varia...', 'E:\\Projets\\mark...', 31, Array)
#1 E:\Projets\marketplace\system\View\View.php(246): include('E:\\Projets\\mark...')
#2 E:\Projets\marketplace\system\Common.php(1087): CodeIgniter\View\View->render('Template-parts/...', Array, true)
#3 E:\Projets\marketplace\app\Controllers\Filtre.php(68): view('Template-parts/...', Array)
#4 E:\Projets\marketplace\system\CodeIgniter.php(914): App\Controllers\Filtre::getResultat('getSelectedProd...', '4', '6', 'selectedproduct...', 'selection')
#5 E:\Projets\marketplace\system\CodeIgniter.php(400): CodeIgniter\CodeIgniter->runController(Object(App\Controllers\Filtre))
#6 E:\Projets\marketplace\system\CodeIgniter.php(308): CodeIgniter\CodeIgniter->handleRequest(NULL, Object(Config\Cache), false)
#7 E:\Projets\marketplace\public\index.php(45): CodeIgniter\CodeIgniter->run()
#8 E:\Projets\marketplace\system\Commands\Server\rewrite.php(34): require_once('E:\\Projets\\mark...')
#9 {main}
CRITICAL - 2022-10-10 03:57:59 --> Undefined variable: product
#0 E:\Projets\marketplace\app\Views\Template-parts\selectedproducts.php(31): CodeIgniter\Debug\Exceptions->errorHandler(8, 'Undefined varia...', 'E:\\Projets\\mark...', 31, Array)
#1 E:\Projets\marketplace\system\View\View.php(246): include('E:\\Projets\\mark...')
#2 E:\Projets\marketplace\system\Common.php(1087): CodeIgniter\View\View->render('Template-parts/...', Array, true)
#3 E:\Projets\marketplace\app\Controllers\Filtre.php(68): view('Template-parts/...', Array)
#4 E:\Projets\marketplace\system\CodeIgniter.php(914): App\Controllers\Filtre::getResultat('getSelectedProd...', '10', '6', 'selectedproduct...', 'allprod')
#5 E:\Projets\marketplace\system\CodeIgniter.php(400): CodeIgniter\CodeIgniter->runController(Object(App\Controllers\Filtre))
#6 E:\Projets\marketplace\system\CodeIgniter.php(308): CodeIgniter\CodeIgniter->handleRequest(NULL, Object(Config\Cache), false)
#7 E:\Projets\marketplace\public\index.php(45): CodeIgniter\CodeIgniter->run()
#8 E:\Projets\marketplace\system\Commands\Server\rewrite.php(34): require_once('E:\\Projets\\mark...')
#9 {main}
CRITICAL - 2022-10-10 03:59:12 --> Undefined variable: product
#0 E:\Projets\marketplace\app\Views\Template-parts\selectedproducts.php(27): CodeIgniter\Debug\Exceptions->errorHandler(8, 'Undefined varia...', 'E:\\Projets\\mark...', 27, Array)
#1 E:\Projets\marketplace\system\View\View.php(246): include('E:\\Projets\\mark...')
#2 E:\Projets\marketplace\system\Common.php(1087): CodeIgniter\View\View->render('Template-parts/...', Array, true)
#3 E:\Projets\marketplace\app\Controllers\Filtre.php(68): view('Template-parts/...', Array)
#4 E:\Projets\marketplace\system\CodeIgniter.php(914): App\Controllers\Filtre::getResultat('getSelectedProd...', '6', '6', 'selectedproduct...', 'allprod')
#5 E:\Projets\marketplace\system\CodeIgniter.php(400): CodeIgniter\CodeIgniter->runController(Object(App\Controllers\Filtre))
#6 E:\Projets\marketplace\system\CodeIgniter.php(308): CodeIgniter\CodeIgniter->handleRequest(NULL, Object(Config\Cache), false)
#7 E:\Projets\marketplace\public\index.php(45): CodeIgniter\CodeIgniter->run()
#8 E:\Projets\marketplace\system\Commands\Server\rewrite.php(34): require_once('E:\\Projets\\mark...')
#9 {main}
CRITICAL - 2022-10-10 04:01:34 --> Unknown column 'undefined' in 'where clause'
#0 E:\Projets\marketplace\system\Database\MySQLi\Connection.php(331): mysqli->query('SELECT *\nFROM `...')
#1 E:\Projets\marketplace\system\Database\BaseConnection.php(738): CodeIgniter\Database\MySQLi\Connection->execute('SELECT *\nFROM `...')
#2 E:\Projets\marketplace\system\Database\BaseConnection.php(666): CodeIgniter\Database\BaseConnection->simpleQuery('SELECT *\nFROM `...')
#3 E:\Projets\marketplace\system\Database\BaseBuilder.php(1845): CodeIgniter\Database\BaseConnection->query('SELECT *\nFROM `...', Array, false)
#4 E:\Projets\marketplace\system\Model.php(387): CodeIgniter\Database\BaseBuilder->get()
#5 E:\Projets\marketplace\app\Models\Productmodel.php(56): CodeIgniter\Model->find()
#6 E:\Projets\marketplace\app\Controllers\Produit.php(56): App\Models\Productmodel->getSelectedProduct(NULL, '6', 'undefined')
#7 E:\Projets\marketplace\app\Controllers\Filtre.php(48): App\Controllers\Produit::getSelectedProduct(NULL, '6', 'undefined')
#8 E:\Projets\marketplace\system\CodeIgniter.php(914): App\Controllers\Filtre::getResultat('getSelectedProd...', NULL, '6', 'carouselproduct...', 'undefined')
#9 E:\Projets\marketplace\system\CodeIgniter.php(400): CodeIgniter\CodeIgniter->runController(Object(App\Controllers\Filtre))
#10 E:\Projets\marketplace\system\CodeIgniter.php(308): CodeIgniter\CodeIgniter->handleRequest(NULL, Object(Config\Cache), false)
#11 E:\Projets\marketplace\public\index.php(45): CodeIgniter\CodeIgniter->run()
#12 E:\Projets\marketplace\system\Commands\Server\rewrite.php(34): require_once('E:\\Projets\\mark...')
#13 {main}
CRITICAL - 2022-10-10 04:01:34 --> Unknown column 'undefined' in 'where clause'
#0 E:\Projets\marketplace\system\Database\MySQLi\Connection.php(331): mysqli->query('SELECT *\nFROM `...')
#1 E:\Projets\marketplace\system\Database\BaseConnection.php(738): CodeIgniter\Database\MySQLi\Connection->execute('SELECT *\nFROM `...')
#2 E:\Projets\marketplace\system\Database\BaseConnection.php(666): CodeIgniter\Database\BaseConnection->simpleQuery('SELECT *\nFROM `...')
#3 E:\Projets\marketplace\system\Database\BaseBuilder.php(1845): CodeIgniter\Database\BaseConnection->query('SELECT *\nFROM `...', Array, false)
#4 E:\Projets\marketplace\system\Model.php(387): CodeIgniter\Database\BaseBuilder->get()
#5 E:\Projets\marketplace\app\Models\Productmodel.php(56): CodeIgniter\Model->find()
#6 E:\Projets\marketplace\app\Controllers\Produit.php(56): App\Models\Productmodel->getSelectedProduct(NULL, '6', 'undefined')
#7 E:\Projets\marketplace\app\Controllers\Filtre.php(48): App\Controllers\Produit::getSelectedProduct(NULL, '6', 'undefined')
#8 E:\Projets\marketplace\system\CodeIgniter.php(914): App\Controllers\Filtre::getResultat('getSelectedProd...', NULL, '6', 'selectedproduct...', 'undefined')
#9 E:\Projets\marketplace\system\CodeIgniter.php(400): CodeIgniter\CodeIgniter->runController(Object(App\Controllers\Filtre))
#10 E:\Projets\marketplace\system\CodeIgniter.php(308): CodeIgniter\CodeIgniter->handleRequest(NULL, Object(Config\Cache), false)
#11 E:\Projets\marketplace\public\index.php(45): CodeIgniter\CodeIgniter->run()
#12 E:\Projets\marketplace\system\Commands\Server\rewrite.php(34): require_once('E:\\Projets\\mark...')
#13 {main}
CRITICAL - 2022-10-10 04:02:10 --> Unknown column 'undefined' in 'where clause'
#0 E:\Projets\marketplace\system\Database\MySQLi\Connection.php(331): mysqli->query('SELECT *\nFROM `...')
#1 E:\Projets\marketplace\system\Database\BaseConnection.php(738): CodeIgniter\Database\MySQLi\Connection->execute('SELECT *\nFROM `...')
#2 E:\Projets\marketplace\system\Database\BaseConnection.php(666): CodeIgniter\Database\BaseConnection->simpleQuery('SELECT *\nFROM `...')
#3 E:\Projets\marketplace\system\Database\BaseBuilder.php(1845): CodeIgniter\Database\BaseConnection->query('SELECT *\nFROM `...', Array, false)
#4 E:\Projets\marketplace\system\Model.php(387): CodeIgniter\Database\BaseBuilder->get()
#5 E:\Projets\marketplace\app\Models\Productmodel.php(67): CodeIgniter\Model->find()
#6 E:\Projets\marketplace\app\Controllers\Produit.php(56): App\Models\Productmodel->getSelectedProduct('2', '6', 'undefined')
#7 E:\Projets\marketplace\app\Controllers\Filtre.php(63): App\Controllers\Produit::getSelectedProduct('2', '6', 'undefined')
#8 E:\Projets\marketplace\system\CodeIgniter.php(914): App\Controllers\Filtre::getResultat('getSelectedProd...', '2', '6', 'carouselproduct...', 'undefined')
#9 E:\Projets\marketplace\system\CodeIgniter.php(400): CodeIgniter\CodeIgniter->runController(Object(App\Controllers\Filtre))
#10 E:\Projets\marketplace\system\CodeIgniter.php(308): CodeIgniter\CodeIgniter->handleRequest(NULL, Object(Config\Cache), false)
#11 E:\Projets\marketplace\public\index.php(45): CodeIgniter\CodeIgniter->run()
#12 E:\Projets\marketplace\system\Commands\Server\rewrite.php(34): require_once('E:\\Projets\\mark...')
#13 {main}
CRITICAL - 2022-10-10 04:09:32 --> Undefined variable: product
#0 E:\Projets\marketplace\app\Views\Template-parts\selectedproducts.php(27): CodeIgniter\Debug\Exceptions->errorHandler(8, 'Undefined varia...', 'E:\\Projets\\mark...', 27, Array)
#1 E:\Projets\marketplace\system\View\View.php(246): include('E:\\Projets\\mark...')
#2 E:\Projets\marketplace\system\Common.php(1087): CodeIgniter\View\View->render('Template-parts/...', Array, true)
#3 E:\Projets\marketplace\app\Controllers\Filtre.php(68): view('Template-parts/...', Array)
#4 E:\Projets\marketplace\system\CodeIgniter.php(914): App\Controllers\Filtre::getResultat('getSelectedProd...', '4', '6', 'selectedproduct...', 'selection')
#5 E:\Projets\marketplace\system\CodeIgniter.php(400): CodeIgniter\CodeIgniter->runController(Object(App\Controllers\Filtre))
#6 E:\Projets\marketplace\system\CodeIgniter.php(308): CodeIgniter\CodeIgniter->handleRequest(NULL, Object(Config\Cache), false)
#7 E:\Projets\marketplace\public\index.php(45): CodeIgniter\CodeIgniter->run()
#8 E:\Projets\marketplace\system\Commands\Server\rewrite.php(34): require_once('E:\\Projets\\mark...')
#9 {main}
CRITICAL - 2022-10-10 05:14:47 --> Function name must be a string
#0 E:\Projets\marketplace\app\Views\Template-parts\allproducts.php(9): App\Controllers\Filtre::getResultat('getSelectedProd...', NULL, 10, 'allproductshome', 'allprod')
#1 E:\Projets\marketplace\system\View\View.php(246): include('E:\\Projets\\mark...')
#2 E:\Projets\marketplace\system\Common.php(1087): CodeIgniter\View\View->render('/Template-parts...', Array, true)
#3 E:\Projets\marketplace\app\Controllers\Assets.php(42): view('/Template-parts...')
#4 E:\Projets\marketplace\app\Controllers\Accueil.php(25): App\Controllers\Assets->allproducts()
#5 E:\Projets\marketplace\system\CodeIgniter.php(914): App\Controllers\Accueil->accueil()
#6 E:\Projets\marketplace\system\CodeIgniter.php(400): CodeIgniter\CodeIgniter->runController(Object(App\Controllers\Accueil))
#7 E:\Projets\marketplace\system\CodeIgniter.php(308): CodeIgniter\CodeIgniter->handleRequest(NULL, Object(Config\Cache), false)
#8 E:\Projets\marketplace\public\index.php(45): CodeIgniter\CodeIgniter->run()
#9 E:\Projets\marketplace\system\Commands\Server\rewrite.php(34): require_once('E:\\Projets\\mark...')
#10 {main}
CRITICAL - 2022-10-10 05:14:53 --> Function name must be a string
#0 E:\Projets\marketplace\app\Views\Template-parts\allproducts.php(9): App\Controllers\Filtre::getResultat('getSelectedProd...', NULL, 10, 'allproductshome', 'allprod')
#1 E:\Projets\marketplace\system\View\View.php(246): include('E:\\Projets\\mark...')
#2 E:\Projets\marketplace\system\Common.php(1087): CodeIgniter\View\View->render('/Template-parts...', Array, true)
#3 E:\Projets\marketplace\app\Controllers\Assets.php(42): view('/Template-parts...')
#4 E:\Projets\marketplace\app\Controllers\Accueil.php(25): App\Controllers\Assets->allproducts()
#5 E:\Projets\marketplace\system\CodeIgniter.php(914): App\Controllers\Accueil->accueil()
#6 E:\Projets\marketplace\system\CodeIgniter.php(400): CodeIgniter\CodeIgniter->runController(Object(App\Controllers\Accueil))
#7 E:\Projets\marketplace\system\CodeIgniter.php(308): CodeIgniter\CodeIgniter->handleRequest(NULL, Object(Config\Cache), false)
#8 E:\Projets\marketplace\public\index.php(45): CodeIgniter\CodeIgniter->run()
#9 E:\Projets\marketplace\system\Commands\Server\rewrite.php(34): require_once('E:\\Projets\\mark...')
#10 {main}
CRITICAL - 2022-10-10 05:15:03 --> Function name must be a string
#0 E:\Projets\marketplace\app\Views\Template-parts\allproducts.php(9): App\Controllers\Filtre::getResultat('getSelectedProd...', NULL, 10, 'allproductshome', 'allprod')
#1 E:\Projets\marketplace\system\View\View.php(246): include('E:\\Projets\\mark...')
#2 E:\Projets\marketplace\system\Common.php(1087): CodeIgniter\View\View->render('/Template-parts...', Array, true)
#3 E:\Projets\marketplace\app\Controllers\Assets.php(42): view('/Template-parts...')
#4 E:\Projets\marketplace\app\Controllers\Accueil.php(25): App\Controllers\Assets->allproducts()
#5 E:\Projets\marketplace\system\CodeIgniter.php(914): App\Controllers\Accueil->accueil()
#6 E:\Projets\marketplace\system\CodeIgniter.php(400): CodeIgniter\CodeIgniter->runController(Object(App\Controllers\Accueil))
#7 E:\Projets\marketplace\system\CodeIgniter.php(308): CodeIgniter\CodeIgniter->handleRequest(NULL, Object(Config\Cache), false)
#8 E:\Projets\marketplace\public\index.php(45): CodeIgniter\CodeIgniter->run()
#9 E:\Projets\marketplace\system\Commands\Server\rewrite.php(34): require_once('E:\\Projets\\mark...')
#10 {main}
CRITICAL - 2022-10-10 05:15:14 --> Function name must be a string
#0 E:\Projets\marketplace\app\Views\Template-parts\allproducts.php(9): App\Controllers\Filtre::getResultat('getSelectedProd...', NULL, 10, 'allproductshome', 'allprod')
#1 E:\Projets\marketplace\system\View\View.php(246): include('E:\\Projets\\mark...')
#2 E:\Projets\marketplace\system\Common.php(1087): CodeIgniter\View\View->render('/Template-parts...', Array, true)
#3 E:\Projets\marketplace\app\Controllers\Assets.php(42): view('/Template-parts...')
#4 E:\Projets\marketplace\app\Controllers\Accueil.php(25): App\Controllers\Assets->allproducts()
#5 E:\Projets\marketplace\system\CodeIgniter.php(914): App\Controllers\Accueil->accueil()
#6 E:\Projets\marketplace\system\CodeIgniter.php(400): CodeIgniter\CodeIgniter->runController(Object(App\Controllers\Accueil))
#7 E:\Projets\marketplace\system\CodeIgniter.php(308): CodeIgniter\CodeIgniter->handleRequest(NULL, Object(Config\Cache), false)
#8 E:\Projets\marketplace\public\index.php(45): CodeIgniter\CodeIgniter->run()
#9 E:\Projets\marketplace\system\Commands\Server\rewrite.php(34): require_once('E:\\Projets\\mark...')
#10 {main}
CRITICAL - 2022-10-10 07:15:04 --> Unknown column 'undefined' in 'where clause'
#0 E:\Projets\marketplace\system\Database\MySQLi\Connection.php(331): mysqli->query('SELECT *\nFROM `...')
#1 E:\Projets\marketplace\system\Database\BaseConnection.php(738): CodeIgniter\Database\MySQLi\Connection->execute('SELECT *\nFROM `...')
#2 E:\Projets\marketplace\system\Database\BaseConnection.php(666): CodeIgniter\Database\BaseConnection->simpleQuery('SELECT *\nFROM `...')
#3 E:\Projets\marketplace\system\Database\BaseBuilder.php(1845): CodeIgniter\Database\BaseConnection->query('SELECT *\nFROM `...', Array, false)
#4 E:\Projets\marketplace\system\Model.php(387): CodeIgniter\Database\BaseBuilder->get()
#5 E:\Projets\marketplace\app\Models\Productmodel.php(56): CodeIgniter\Model->find()
#6 E:\Projets\marketplace\app\Controllers\Produit.php(56): App\Models\Productmodel->getSelectedProduct(NULL, '6', 'undefined')
#7 E:\Projets\marketplace\app\Controllers\Filtre.php(48): App\Controllers\Produit::getSelectedProduct(NULL, '6', 'undefined')
#8 E:\Projets\marketplace\system\CodeIgniter.php(914): App\Controllers\Filtre::getResultat('getSelectedProd...', NULL, '6', 'carouselproduct...', 'undefined')
#9 E:\Projets\marketplace\system\CodeIgniter.php(400): CodeIgniter\CodeIgniter->runController(Object(App\Controllers\Filtre))
#10 E:\Projets\marketplace\system\CodeIgniter.php(308): CodeIgniter\CodeIgniter->handleRequest(NULL, Object(Config\Cache), false)
#11 E:\Projets\marketplace\public\index.php(45): CodeIgniter\CodeIgniter->run()
#12 E:\Projets\marketplace\system\Commands\Server\rewrite.php(34): require_once('E:\\Projets\\mark...')
#13 {main}
CRITICAL - 2022-10-10 07:15:05 --> Unknown column 'undefined' in 'where clause'
#0 E:\Projets\marketplace\system\Database\MySQLi\Connection.php(331): mysqli->query('SELECT *\nFROM `...')
#1 E:\Projets\marketplace\system\Database\BaseConnection.php(738): CodeIgniter\Database\MySQLi\Connection->execute('SELECT *\nFROM `...')
#2 E:\Projets\marketplace\system\Database\BaseConnection.php(666): CodeIgniter\Database\BaseConnection->simpleQuery('SELECT *\nFROM `...')
#3 E:\Projets\marketplace\system\Database\BaseBuilder.php(1845): CodeIgniter\Database\BaseConnection->query('SELECT *\nFROM `...', Array, false)
#4 E:\Projets\marketplace\system\Model.php(387): CodeIgniter\Database\BaseBuilder->get()
#5 E:\Projets\marketplace\app\Models\Productmodel.php(56): CodeIgniter\Model->find()
#6 E:\Projets\marketplace\app\Controllers\Produit.php(56): App\Models\Productmodel->getSelectedProduct(NULL, '6', 'undefined')
#7 E:\Projets\marketplace\app\Controllers\Filtre.php(48): App\Controllers\Produit::getSelectedProduct(NULL, '6', 'undefined')
#8 E:\Projets\marketplace\system\CodeIgniter.php(914): App\Controllers\Filtre::getResultat('getSelectedProd...', NULL, '6', 'selectedproduct...', 'undefined')
#9 E:\Projets\marketplace\system\CodeIgniter.php(400): CodeIgniter\CodeIgniter->runController(Object(App\Controllers\Filtre))
#10 E:\Projets\marketplace\system\CodeIgniter.php(308): CodeIgniter\CodeIgniter->handleRequest(NULL, Object(Config\Cache), false)
#11 E:\Projets\marketplace\public\index.php(45): CodeIgniter\CodeIgniter->run()
#12 E:\Projets\marketplace\system\Commands\Server\rewrite.php(34): require_once('E:\\Projets\\mark...')
#13 {main}
CRITICAL - 2022-10-10 07:17:14 --> Unknown column 'undefined' in 'where clause'
#0 E:\Projets\marketplace\system\Database\MySQLi\Connection.php(331): mysqli->query('SELECT *\nFROM `...')
#1 E:\Projets\marketplace\system\Database\BaseConnection.php(738): CodeIgniter\Database\MySQLi\Connection->execute('SELECT *\nFROM `...')
#2 E:\Projets\marketplace\system\Database\BaseConnection.php(666): CodeIgniter\Database\BaseConnection->simpleQuery('SELECT *\nFROM `...')
#3 E:\Projets\marketplace\system\Database\BaseBuilder.php(1845): CodeIgniter\Database\BaseConnection->query('SELECT *\nFROM `...', Array, false)
#4 E:\Projets\marketplace\system\Model.php(387): CodeIgniter\Database\BaseBuilder->get()
#5 E:\Projets\marketplace\app\Models\Productmodel.php(56): CodeIgniter\Model->find()
#6 E:\Projets\marketplace\app\Controllers\Produit.php(56): App\Models\Productmodel->getSelectedProduct(NULL, '6', 'undefined')
#7 E:\Projets\marketplace\app\Controllers\Filtre.php(48): App\Controllers\Produit::getSelectedProduct(NULL, '6', 'undefined')
#8 E:\Projets\marketplace\system\CodeIgniter.php(914): App\Controllers\Filtre::getResultat('getSelectedProd...', NULL, '6', 'carouselproduct...', 'undefined')
#9 E:\Projets\marketplace\system\CodeIgniter.php(400): CodeIgniter\CodeIgniter->runController(Object(App\Controllers\Filtre))
#10 E:\Projets\marketplace\system\CodeIgniter.php(308): CodeIgniter\CodeIgniter->handleRequest(NULL, Object(Config\Cache), false)
#11 E:\Projets\marketplace\public\index.php(45): CodeIgniter\CodeIgniter->run()
#12 E:\Projets\marketplace\system\Commands\Server\rewrite.php(34): require_once('E:\\Projets\\mark...')
#13 {main}
CRITICAL - 2022-10-10 07:17:14 --> Unknown column 'undefined' in 'where clause'
#0 E:\Projets\marketplace\system\Database\MySQLi\Connection.php(331): mysqli->query('SELECT *\nFROM `...')
#1 E:\Projets\marketplace\system\Database\BaseConnection.php(738): CodeIgniter\Database\MySQLi\Connection->execute('SELECT *\nFROM `...')
#2 E:\Projets\marketplace\system\Database\BaseConnection.php(666): CodeIgniter\Database\BaseConnection->simpleQuery('SELECT *\nFROM `...')
#3 E:\Projets\marketplace\system\Database\BaseBuilder.php(1845): CodeIgniter\Database\BaseConnection->query('SELECT *\nFROM `...', Array, false)
#4 E:\Projets\marketplace\system\Model.php(387): CodeIgniter\Database\BaseBuilder->get()
#5 E:\Projets\marketplace\app\Models\Productmodel.php(56): CodeIgniter\Model->find()
#6 E:\Projets\marketplace\app\Controllers\Produit.php(56): App\Models\Productmodel->getSelectedProduct(NULL, '6', 'undefined')
#7 E:\Projets\marketplace\app\Controllers\Filtre.php(48): App\Controllers\Produit::getSelectedProduct(NULL, '6', 'undefined')
#8 E:\Projets\marketplace\system\CodeIgniter.php(914): App\Controllers\Filtre::getResultat('getSelectedProd...', NULL, '6', 'selectedproduct...', 'undefined')
#9 E:\Projets\marketplace\system\CodeIgniter.php(400): CodeIgniter\CodeIgniter->runController(Object(App\Controllers\Filtre))
#10 E:\Projets\marketplace\system\CodeIgniter.php(308): CodeIgniter\CodeIgniter->handleRequest(NULL, Object(Config\Cache), false)
#11 E:\Projets\marketplace\public\index.php(45): CodeIgniter\CodeIgniter->run()
#12 E:\Projets\marketplace\system\Commands\Server\rewrite.php(34): require_once('E:\\Projets\\mark...')
#13 {main}
CRITICAL - 2022-10-10 07:17:27 --> Unknown column 'undefined' in 'where clause'
#0 E:\Projets\marketplace\system\Database\MySQLi\Connection.php(331): mysqli->query('SELECT *\nFROM `...')
#1 E:\Projets\marketplace\system\Database\BaseConnection.php(738): CodeIgniter\Database\MySQLi\Connection->execute('SELECT *\nFROM `...')
#2 E:\Projets\marketplace\system\Database\BaseConnection.php(666): CodeIgniter\Database\BaseConnection->simpleQuery('SELECT *\nFROM `...')
#3 E:\Projets\marketplace\system\Database\BaseBuilder.php(1845): CodeIgniter\Database\BaseConnection->query('SELECT *\nFROM `...', Array, false)
#4 E:\Projets\marketplace\system\Model.php(387): CodeIgniter\Database\BaseBuilder->get()
#5 E:\Projets\marketplace\app\Models\Productmodel.php(67): CodeIgniter\Model->find()
#6 E:\Projets\marketplace\app\Controllers\Produit.php(56): App\Models\Productmodel->getSelectedProduct('3', '6', 'undefined')
#7 E:\Projets\marketplace\app\Controllers\Filtre.php(63): App\Controllers\Produit::getSelectedProduct('3', '6', 'undefined')
#8 E:\Projets\marketplace\system\CodeIgniter.php(914): App\Controllers\Filtre::getResultat('getSelectedProd...', '3', '6', 'selectedproduct...', 'undefined')
#9 E:\Projets\marketplace\system\CodeIgniter.php(400): CodeIgniter\CodeIgniter->runController(Object(App\Controllers\Filtre))
#10 E:\Projets\marketplace\system\CodeIgniter.php(308): CodeIgniter\CodeIgniter->handleRequest(NULL, Object(Config\Cache), false)
#11 E:\Projets\marketplace\public\index.php(45): CodeIgniter\CodeIgniter->run()
#12 E:\Projets\marketplace\system\Commands\Server\rewrite.php(34): require_once('E:\\Projets\\mark...')
#13 {main}
CRITICAL - 2022-10-10 07:17:27 --> Unknown column 'undefined' in 'where clause'
#0 E:\Projets\marketplace\system\Database\MySQLi\Connection.php(331): mysqli->query('SELECT *\nFROM `...')
#1 E:\Projets\marketplace\system\Database\BaseConnection.php(738): CodeIgniter\Database\MySQLi\Connection->execute('SELECT *\nFROM `...')
#2 E:\Projets\marketplace\system\Database\BaseConnection.php(666): CodeIgniter\Database\BaseConnection->simpleQuery('SELECT *\nFROM `...')
#3 E:\Projets\marketplace\system\Database\BaseBuilder.php(1845): CodeIgniter\Database\BaseConnection->query('SELECT *\nFROM `...', Array, false)
#4 E:\Projets\marketplace\system\Model.php(387): CodeIgniter\Database\BaseBuilder->get()
#5 E:\Projets\marketplace\app\Models\Productmodel.php(67): CodeIgniter\Model->find()
#6 E:\Projets\marketplace\app\Controllers\Produit.php(56): App\Models\Productmodel->getSelectedProduct('3', '6', 'undefined')
#7 E:\Projets\marketplace\app\Controllers\Filtre.php(63): App\Controllers\Produit::getSelectedProduct('3', '6', 'undefined')
#8 E:\Projets\marketplace\system\CodeIgniter.php(914): App\Controllers\Filtre::getResultat('getSelectedProd...', '3', '6', 'carouselproduct...', 'undefined')
#9 E:\Projets\marketplace\system\CodeIgniter.php(400): CodeIgniter\CodeIgniter->runController(Object(App\Controllers\Filtre))
#10 E:\Projets\marketplace\system\CodeIgniter.php(308): CodeIgniter\CodeIgniter->handleRequest(NULL, Object(Config\Cache), false)
#11 E:\Projets\marketplace\public\index.php(45): CodeIgniter\CodeIgniter->run()
#12 E:\Projets\marketplace\system\Commands\Server\rewrite.php(34): require_once('E:\\Projets\\mark...')
#13 {main}
CRITICAL - 2022-10-10 07:17:58 --> Unknown column 'undefined' in 'where clause'
#0 E:\Projets\marketplace\system\Database\MySQLi\Connection.php(331): mysqli->query('SELECT *\nFROM `...')
#1 E:\Projets\marketplace\system\Database\BaseConnection.php(738): CodeIgniter\Database\MySQLi\Connection->execute('SELECT *\nFROM `...')
#2 E:\Projets\marketplace\system\Database\BaseConnection.php(666): CodeIgniter\Database\BaseConnection->simpleQuery('SELECT *\nFROM `...')
#3 E:\Projets\marketplace\system\Database\BaseBuilder.php(1845): CodeIgniter\Database\BaseConnection->query('SELECT *\nFROM `...', Array, false)
#4 E:\Projets\marketplace\system\Model.php(387): CodeIgniter\Database\BaseBuilder->get()
#5 E:\Projets\marketplace\app\Models\Productmodel.php(67): CodeIgniter\Model->find()
#6 E:\Projets\marketplace\app\Controllers\Produit.php(56): App\Models\Productmodel->getSelectedProduct('5', '6', 'undefined')
#7 E:\Projets\marketplace\app\Controllers\Filtre.php(63): App\Controllers\Produit::getSelectedProduct('5', '6', 'undefined')
#8 E:\Projets\marketplace\system\CodeIgniter.php(914): App\Controllers\Filtre::getResultat('getSelectedProd...', '5', '6', 'selectedproduct...', 'undefined')
#9 E:\Projets\marketplace\system\CodeIgniter.php(400): CodeIgniter\CodeIgniter->runController(Object(App\Controllers\Filtre))
#10 E:\Projets\marketplace\system\CodeIgniter.php(308): CodeIgniter\CodeIgniter->handleRequest(NULL, Object(Config\Cache), false)
#11 E:\Projets\marketplace\public\index.php(45): CodeIgniter\CodeIgniter->run()
#12 E:\Projets\marketplace\system\Commands\Server\rewrite.php(34): require_once('E:\\Projets\\mark...')
#13 {main}
CRITICAL - 2022-10-10 07:17:58 --> Unknown column 'undefined' in 'where clause'
#0 E:\Projets\marketplace\system\Database\MySQLi\Connection.php(331): mysqli->query('SELECT *\nFROM `...')
#1 E:\Projets\marketplace\system\Database\BaseConnection.php(738): CodeIgniter\Database\MySQLi\Connection->execute('SELECT *\nFROM `...')
#2 E:\Projets\marketplace\system\Database\BaseConnection.php(666): CodeIgniter\Database\BaseConnection->simpleQuery('SELECT *\nFROM `...')
#3 E:\Projets\marketplace\system\Database\BaseBuilder.php(1845): CodeIgniter\Database\BaseConnection->query('SELECT *\nFROM `...', Array, false)
#4 E:\Projets\marketplace\system\Model.php(387): CodeIgniter\Database\BaseBuilder->get()
#5 E:\Projets\marketplace\app\Models\Productmodel.php(67): CodeIgniter\Model->find()
#6 E:\Projets\marketplace\app\Controllers\Produit.php(56): App\Models\Productmodel->getSelectedProduct('5', '6', 'undefined')
#7 E:\Projets\marketplace\app\Controllers\Filtre.php(63): App\Controllers\Produit::getSelectedProduct('5', '6', 'undefined')
#8 E:\Projets\marketplace\system\CodeIgniter.php(914): App\Controllers\Filtre::getResultat('getSelectedProd...', '5', '6', 'carouselproduct...', 'undefined')
#9 E:\Projets\marketplace\system\CodeIgniter.php(400): CodeIgniter\CodeIgniter->runController(Object(App\Controllers\Filtre))
#10 E:\Projets\marketplace\system\CodeIgniter.php(308): CodeIgniter\CodeIgniter->handleRequest(NULL, Object(Config\Cache), false)
#11 E:\Projets\marketplace\public\index.php(45): CodeIgniter\CodeIgniter->run()
#12 E:\Projets\marketplace\system\Commands\Server\rewrite.php(34): require_once('E:\\Projets\\mark...')
#13 {main}
CRITICAL - 2022-10-10 10:10:41 --> Class 'App\Controllers\App\Controllers\Assets' not found
#0 E:\Projets\marketplace\system\CodeIgniter.php(914): App\Controllers\Filtre::getResultat('getSelectedProd...', '7', '6', 'selectedproduct...', 'selection')
#1 E:\Projets\marketplace\system\CodeIgniter.php(400): CodeIgniter\CodeIgniter->runController(Object(App\Controllers\Filtre))
#2 E:\Projets\marketplace\system\CodeIgniter.php(308): CodeIgniter\CodeIgniter->handleRequest(NULL, Object(Config\Cache), false)
#3 E:\Projets\marketplace\public\index.php(45): CodeIgniter\CodeIgniter->run()
#4 E:\Projets\marketplace\system\Commands\Server\rewrite.php(34): require_once('E:\\Projets\\mark...')
#5 {main}
CRITICAL - 2022-10-10 10:10:42 --> Class 'App\Controllers\App\Controllers\Assets' not found
#0 E:\Projets\marketplace\system\CodeIgniter.php(914): App\Controllers\Filtre::getResultat('getSelectedProd...', '7', '6', 'carouselproduct...', 'selection')
#1 E:\Projets\marketplace\system\CodeIgniter.php(400): CodeIgniter\CodeIgniter->runController(Object(App\Controllers\Filtre))
#2 E:\Projets\marketplace\system\CodeIgniter.php(308): CodeIgniter\CodeIgniter->handleRequest(NULL, Object(Config\Cache), false)
#3 E:\Projets\marketplace\public\index.php(45): CodeIgniter\CodeIgniter->run()
#4 E:\Projets\marketplace\system\Commands\Server\rewrite.php(34): require_once('E:\\Projets\\mark...')
#5 {main}
CRITICAL - 2022-10-10 10:10:55 --> Class 'App\Controllers\App\Controllers\Assets' not found
#0 E:\Projets\marketplace\system\CodeIgniter.php(914): App\Controllers\Filtre::getResultat('getSelectedProd...', '9', '6', 'selectedproduct...', 'selection')
#1 E:\Projets\marketplace\system\CodeIgniter.php(400): CodeIgniter\CodeIgniter->runController(Object(App\Controllers\Filtre))
#2 E:\Projets\marketplace\system\CodeIgniter.php(308): CodeIgniter\CodeIgniter->handleRequest(NULL, Object(Config\Cache), false)
#3 E:\Projets\marketplace\public\index.php(45): CodeIgniter\CodeIgniter->run()
#4 E:\Projets\marketplace\system\Commands\Server\rewrite.php(34): require_once('E:\\Projets\\mark...')
#5 {main}
CRITICAL - 2022-10-10 10:10:55 --> Class 'App\Controllers\App\Controllers\Assets' not found
#0 E:\Projets\marketplace\system\CodeIgniter.php(914): App\Controllers\Filtre::getResultat('getSelectedProd...', '9', '6', 'carouselproduct...', 'selection')
#1 E:\Projets\marketplace\system\CodeIgniter.php(400): CodeIgniter\CodeIgniter->runController(Object(App\Controllers\Filtre))
#2 E:\Projets\marketplace\system\CodeIgniter.php(308): CodeIgniter\CodeIgniter->handleRequest(NULL, Object(Config\Cache), false)
#3 E:\Projets\marketplace\public\index.php(45): CodeIgniter\CodeIgniter->run()
#4 E:\Projets\marketplace\system\Commands\Server\rewrite.php(34): require_once('E:\\Projets\\mark...')
#5 {main}
CRITICAL - 2022-10-10 10:12:42 --> Class 'App\Controllers\App\Controllers\Assets' not found
#0 E:\Projets\marketplace\system\CodeIgniter.php(914): App\Controllers\Filtre::getResultat('getSelectedProd...', '8', '6', 'selectedproduct...', 'selection')
#1 E:\Projets\marketplace\system\CodeIgniter.php(400): CodeIgniter\CodeIgniter->runController(Object(App\Controllers\Filtre))
#2 E:\Projets\marketplace\system\CodeIgniter.php(308): CodeIgniter\CodeIgniter->handleRequest(NULL, Object(Config\Cache), false)
#3 E:\Projets\marketplace\public\index.php(45): CodeIgniter\CodeIgniter->run()
#4 E:\Projets\marketplace\system\Commands\Server\rewrite.php(34): require_once('E:\\Projets\\mark...')
#5 {main}
CRITICAL - 2022-10-10 10:12:42 --> Class 'App\Controllers\App\Controllers\Assets' not found
#0 E:\Projets\marketplace\system\CodeIgniter.php(914): App\Controllers\Filtre::getResultat('getSelectedProd...', '8', '6', 'carouselproduct...', 'selection')
#1 E:\Projets\marketplace\system\CodeIgniter.php(400): CodeIgniter\CodeIgniter->runController(Object(App\Controllers\Filtre))
#2 E:\Projets\marketplace\system\CodeIgniter.php(308): CodeIgniter\CodeIgniter->handleRequest(NULL, Object(Config\Cache), false)
#3 E:\Projets\marketplace\public\index.php(45): CodeIgniter\CodeIgniter->run()
#4 E:\Projets\marketplace\system\Commands\Server\rewrite.php(34): require_once('E:\\Projets\\mark...')
#5 {main}
CRITICAL - 2022-10-10 10:45:15 --> Unknown column 'undefined' in 'where clause'
#0 E:\Projets\marketplace\system\Database\MySQLi\Connection.php(331): mysqli->query('SELECT *\nFROM `...')
#1 E:\Projets\marketplace\system\Database\BaseConnection.php(738): CodeIgniter\Database\MySQLi\Connection->execute('SELECT *\nFROM `...')
#2 E:\Projets\marketplace\system\Database\BaseConnection.php(666): CodeIgniter\Database\BaseConnection->simpleQuery('SELECT *\nFROM `...')
#3 E:\Projets\marketplace\system\Database\BaseBuilder.php(1845): CodeIgniter\Database\BaseConnection->query('SELECT *\nFROM `...', Array, false)
#4 E:\Projets\marketplace\system\Model.php(387): CodeIgniter\Database\BaseBuilder->get()
#5 E:\Projets\marketplace\app\Models\Productmodel.php(56): CodeIgniter\Model->find()
#6 E:\Projets\marketplace\app\Controllers\Produit.php(56): App\Models\Productmodel->getSelectedProduct(NULL, '6', 'undefined')
#7 E:\Projets\marketplace\app\Controllers\Filtre.php(48): App\Controllers\Produit::getSelectedProduct(NULL, '6', 'undefined')
#8 E:\Projets\marketplace\system\CodeIgniter.php(914): App\Controllers\Filtre::getResultat('getSelectedProd...', NULL, '6', 'carouselproduct...', 'undefined')
#9 E:\Projets\marketplace\system\CodeIgniter.php(400): CodeIgniter\CodeIgniter->runController(Object(App\Controllers\Filtre))
#10 E:\Projets\marketplace\system\CodeIgniter.php(308): CodeIgniter\CodeIgniter->handleRequest(NULL, Object(Config\Cache), false)
#11 E:\Projets\marketplace\public\index.php(45): CodeIgniter\CodeIgniter->run()
#12 E:\Projets\marketplace\system\Commands\Server\rewrite.php(34): require_once('E:\\Projets\\mark...')
#13 {main}
CRITICAL - 2022-10-10 10:45:16 --> Unknown column 'undefined' in 'where clause'
#0 E:\Projets\marketplace\system\Database\MySQLi\Connection.php(331): mysqli->query('SELECT *\nFROM `...')
#1 E:\Projets\marketplace\system\Database\BaseConnection.php(738): CodeIgniter\Database\MySQLi\Connection->execute('SELECT *\nFROM `...')
#2 E:\Projets\marketplace\system\Database\BaseConnection.php(666): CodeIgniter\Database\BaseConnection->simpleQuery('SELECT *\nFROM `...')
#3 E:\Projets\marketplace\system\Database\BaseBuilder.php(1845): CodeIgniter\Database\BaseConnection->query('SELECT *\nFROM `...', Array, false)
#4 E:\Projets\marketplace\system\Model.php(387): CodeIgniter\Database\BaseBuilder->get()
#5 E:\Projets\marketplace\app\Models\Productmodel.php(56): CodeIgniter\Model->find()
#6 E:\Projets\marketplace\app\Controllers\Produit.php(56): App\Models\Productmodel->getSelectedProduct(NULL, '6', 'undefined')
#7 E:\Projets\marketplace\app\Controllers\Filtre.php(48): App\Controllers\Produit::getSelectedProduct(NULL, '6', 'undefined')
#8 E:\Projets\marketplace\system\CodeIgniter.php(914): App\Controllers\Filtre::getResultat('getSelectedProd...', NULL, '6', 'selectedproduct...', 'undefined')
#9 E:\Projets\marketplace\system\CodeIgniter.php(400): CodeIgniter\CodeIgniter->runController(Object(App\Controllers\Filtre))
#10 E:\Projets\marketplace\system\CodeIgniter.php(308): CodeIgniter\CodeIgniter->handleRequest(NULL, Object(Config\Cache), false)
#11 E:\Projets\marketplace\public\index.php(45): CodeIgniter\CodeIgniter->run()
#12 E:\Projets\marketplace\system\Commands\Server\rewrite.php(34): require_once('E:\\Projets\\mark...')
#13 {main}
CRITICAL - 2022-10-10 10:46:23 --> Unknown column 'undefined' in 'where clause'
#0 E:\Projets\marketplace\system\Database\MySQLi\Connection.php(331): mysqli->query('SELECT *\nFROM `...')
#1 E:\Projets\marketplace\system\Database\BaseConnection.php(738): CodeIgniter\Database\MySQLi\Connection->execute('SELECT *\nFROM `...')
#2 E:\Projets\marketplace\system\Database\BaseConnection.php(666): CodeIgniter\Database\BaseConnection->simpleQuery('SELECT *\nFROM `...')
#3 E:\Projets\marketplace\system\Database\BaseBuilder.php(1845): CodeIgniter\Database\BaseConnection->query('SELECT *\nFROM `...', Array, false)
#4 E:\Projets\marketplace\system\Model.php(387): CodeIgniter\Database\BaseBuilder->get()
#5 E:\Projets\marketplace\app\Models\Productmodel.php(67): CodeIgniter\Model->find()
#6 E:\Projets\marketplace\app\Controllers\Produit.php(56): App\Models\Productmodel->getSelectedProduct('4', '6', 'undefined')
#7 E:\Projets\marketplace\app\Controllers\Filtre.php(63): App\Controllers\Produit::getSelectedProduct('4', '6', 'undefined')
#8 E:\Projets\marketplace\system\CodeIgniter.php(914): App\Controllers\Filtre::getResultat('getSelectedProd...', '4', '6', 'selectedproduct...', 'undefined')
#9 E:\Projets\marketplace\system\CodeIgniter.php(400): CodeIgniter\CodeIgniter->runController(Object(App\Controllers\Filtre))
#10 E:\Projets\marketplace\system\CodeIgniter.php(308): CodeIgniter\CodeIgniter->handleRequest(NULL, Object(Config\Cache), false)
#11 E:\Projets\marketplace\public\index.php(45): CodeIgniter\CodeIgniter->run()
#12 E:\Projets\marketplace\system\Commands\Server\rewrite.php(34): require_once('E:\\Projets\\mark...')
#13 {main}
CRITICAL - 2022-10-10 10:46:23 --> Unknown column 'undefined' in 'where clause'
#0 E:\Projets\marketplace\system\Database\MySQLi\Connection.php(331): mysqli->query('SELECT *\nFROM `...')
#1 E:\Projets\marketplace\system\Database\BaseConnection.php(738): CodeIgniter\Database\MySQLi\Connection->execute('SELECT *\nFROM `...')
#2 E:\Projets\marketplace\system\Database\BaseConnection.php(666): CodeIgniter\Database\BaseConnection->simpleQuery('SELECT *\nFROM `...')
#3 E:\Projets\marketplace\system\Database\BaseBuilder.php(1845): CodeIgniter\Database\BaseConnection->query('SELECT *\nFROM `...', Array, false)
#4 E:\Projets\marketplace\system\Model.php(387): CodeIgniter\Database\BaseBuilder->get()
#5 E:\Projets\marketplace\app\Models\Productmodel.php(67): CodeIgniter\Model->find()
#6 E:\Projets\marketplace\app\Controllers\Produit.php(56): App\Models\Productmodel->getSelectedProduct('4', '6', 'undefined')
#7 E:\Projets\marketplace\app\Controllers\Filtre.php(63): App\Controllers\Produit::getSelectedProduct('4', '6', 'undefined')
#8 E:\Projets\marketplace\system\CodeIgniter.php(914): App\Controllers\Filtre::getResultat('getSelectedProd...', '4', '6', 'carouselproduct...', 'undefined')
#9 E:\Projets\marketplace\system\CodeIgniter.php(400): CodeIgniter\CodeIgniter->runController(Object(App\Controllers\Filtre))
#10 E:\Projets\marketplace\system\CodeIgniter.php(308): CodeIgniter\CodeIgniter->handleRequest(NULL, Object(Config\Cache), false)
#11 E:\Projets\marketplace\public\index.php(45): CodeIgniter\CodeIgniter->run()
#12 E:\Projets\marketplace\system\Commands\Server\rewrite.php(34): require_once('E:\\Projets\\mark...')
#13 {main}
CRITICAL - 2022-10-10 10:46:31 --> Unknown column 'undefined' in 'where clause'
#0 E:\Projets\marketplace\system\Database\MySQLi\Connection.php(331): mysqli->query('SELECT *\nFROM `...')
#1 E:\Projets\marketplace\system\Database\BaseConnection.php(738): CodeIgniter\Database\MySQLi\Connection->execute('SELECT *\nFROM `...')
#2 E:\Projets\marketplace\system\Database\BaseConnection.php(666): CodeIgniter\Database\BaseConnection->simpleQuery('SELECT *\nFROM `...')
#3 E:\Projets\marketplace\system\Database\BaseBuilder.php(1845): CodeIgniter\Database\BaseConnection->query('SELECT *\nFROM `...', Array, false)
#4 E:\Projets\marketplace\system\Model.php(387): CodeIgniter\Database\BaseBuilder->get()
#5 E:\Projets\marketplace\app\Models\Productmodel.php(67): CodeIgniter\Model->find()
#6 E:\Projets\marketplace\app\Controllers\Produit.php(56): App\Models\Productmodel->getSelectedProduct('2', '6', 'undefined')
#7 E:\Projets\marketplace\app\Controllers\Filtre.php(63): App\Controllers\Produit::getSelectedProduct('2', '6', 'undefined')
#8 E:\Projets\marketplace\system\CodeIgniter.php(914): App\Controllers\Filtre::getResultat('getSelectedProd...', '2', '6', 'selectedproduct...', 'undefined')
#9 E:\Projets\marketplace\system\CodeIgniter.php(400): CodeIgniter\CodeIgniter->runController(Object(App\Controllers\Filtre))
#10 E:\Projets\marketplace\system\CodeIgniter.php(308): CodeIgniter\CodeIgniter->handleRequest(NULL, Object(Config\Cache), false)
#11 E:\Projets\marketplace\public\index.php(45): CodeIgniter\CodeIgniter->run()
#12 E:\Projets\marketplace\system\Commands\Server\rewrite.php(34): require_once('E:\\Projets\\mark...')
#13 {main}
CRITICAL - 2022-10-10 10:46:31 --> Unknown column 'undefined' in 'where clause'
#0 E:\Projets\marketplace\system\Database\MySQLi\Connection.php(331): mysqli->query('SELECT *\nFROM `...')
#1 E:\Projets\marketplace\system\Database\BaseConnection.php(738): CodeIgniter\Database\MySQLi\Connection->execute('SELECT *\nFROM `...')
#2 E:\Projets\marketplace\system\Database\BaseConnection.php(666): CodeIgniter\Database\BaseConnection->simpleQuery('SELECT *\nFROM `...')
#3 E:\Projets\marketplace\system\Database\BaseBuilder.php(1845): CodeIgniter\Database\BaseConnection->query('SELECT *\nFROM `...', Array, false)
#4 E:\Projets\marketplace\system\Model.php(387): CodeIgniter\Database\BaseBuilder->get()
#5 E:\Projets\marketplace\app\Models\Productmodel.php(67): CodeIgniter\Model->find()
#6 E:\Projets\marketplace\app\Controllers\Produit.php(56): App\Models\Productmodel->getSelectedProduct('2', '6', 'undefined')
#7 E:\Projets\marketplace\app\Controllers\Filtre.php(63): App\Controllers\Produit::getSelectedProduct('2', '6', 'undefined')
#8 E:\Projets\marketplace\system\CodeIgniter.php(914): App\Controllers\Filtre::getResultat('getSelectedProd...', '2', '6', 'carouselproduct...', 'undefined')
#9 E:\Projets\marketplace\system\CodeIgniter.php(400): CodeIgniter\CodeIgniter->runController(Object(App\Controllers\Filtre))
#10 E:\Projets\marketplace\system\CodeIgniter.php(308): CodeIgniter\CodeIgniter->handleRequest(NULL, Object(Config\Cache), false)
#11 E:\Projets\marketplace\public\index.php(45): CodeIgniter\CodeIgniter->run()
#12 E:\Projets\marketplace\system\Commands\Server\rewrite.php(34): require_once('E:\\Projets\\mark...')
#13 {main}
CRITICAL - 2022-10-10 10:46:57 --> Unknown column 'undefined' in 'where clause'
#0 E:\Projets\marketplace\system\Database\MySQLi\Connection.php(331): mysqli->query('SELECT *\nFROM `...')
#1 E:\Projets\marketplace\system\Database\BaseConnection.php(738): CodeIgniter\Database\MySQLi\Connection->execute('SELECT *\nFROM `...')
#2 E:\Projets\marketplace\system\Database\BaseConnection.php(666): CodeIgniter\Database\BaseConnection->simpleQuery('SELECT *\nFROM `...')
#3 E:\Projets\marketplace\system\Database\BaseBuilder.php(1845): CodeIgniter\Database\BaseConnection->query('SELECT *\nFROM `...', Array, false)
#4 E:\Projets\marketplace\system\Model.php(387): CodeIgniter\Database\BaseBuilder->get()
#5 E:\Projets\marketplace\app\Models\Productmodel.php(56): CodeIgniter\Model->find()
#6 E:\Projets\marketplace\app\Controllers\Produit.php(56): App\Models\Productmodel->getSelectedProduct(NULL, '6', 'undefined')
#7 E:\Projets\marketplace\app\Controllers\Filtre.php(48): App\Controllers\Produit::getSelectedProduct(NULL, '6', 'undefined')
#8 E:\Projets\marketplace\system\CodeIgniter.php(914): App\Controllers\Filtre::getResultat('getSelectedProd...', NULL, '6', 'carouselproduct...', 'undefined')
#9 E:\Projets\marketplace\system\CodeIgniter.php(400): CodeIgniter\CodeIgniter->runController(Object(App\Controllers\Filtre))
#10 E:\Projets\marketplace\system\CodeIgniter.php(308): CodeIgniter\CodeIgniter->handleRequest(NULL, Object(Config\Cache), false)
#11 E:\Projets\marketplace\public\index.php(45): CodeIgniter\CodeIgniter->run()
#12 E:\Projets\marketplace\system\Commands\Server\rewrite.php(34): require_once('E:\\Projets\\mark...')
#13 {main}
CRITICAL - 2022-10-10 10:46:57 --> Unknown column 'undefined' in 'where clause'
#0 E:\Projets\marketplace\system\Database\MySQLi\Connection.php(331): mysqli->query('SELECT *\nFROM `...')
#1 E:\Projets\marketplace\system\Database\BaseConnection.php(738): CodeIgniter\Database\MySQLi\Connection->execute('SELECT *\nFROM `...')
#2 E:\Projets\marketplace\system\Database\BaseConnection.php(666): CodeIgniter\Database\BaseConnection->simpleQuery('SELECT *\nFROM `...')
#3 E:\Projets\marketplace\system\Database\BaseBuilder.php(1845): CodeIgniter\Database\BaseConnection->query('SELECT *\nFROM `...', Array, false)
#4 E:\Projets\marketplace\system\Model.php(387): CodeIgniter\Database\BaseBuilder->get()
#5 E:\Projets\marketplace\app\Models\Productmodel.php(56): CodeIgniter\Model->find()
#6 E:\Projets\marketplace\app\Controllers\Produit.php(56): App\Models\Productmodel->getSelectedProduct(NULL, '6', 'undefined')
#7 E:\Projets\marketplace\app\Controllers\Filtre.php(48): App\Controllers\Produit::getSelectedProduct(NULL, '6', 'undefined')
#8 E:\Projets\marketplace\system\CodeIgniter.php(914): App\Controllers\Filtre::getResultat('getSelectedProd...', NULL, '6', 'selectedproduct...', 'undefined')
#9 E:\Projets\marketplace\system\CodeIgniter.php(400): CodeIgniter\CodeIgniter->runController(Object(App\Controllers\Filtre))
#10 E:\Projets\marketplace\system\CodeIgniter.php(308): CodeIgniter\CodeIgniter->handleRequest(NULL, Object(Config\Cache), false)
#11 E:\Projets\marketplace\public\index.php(45): CodeIgniter\CodeIgniter->run()
#12 E:\Projets\marketplace\system\Commands\Server\rewrite.php(34): require_once('E:\\Projets\\mark...')
#13 {main}
CRITICAL - 2022-10-10 10:47:01 --> Unknown column 'undefined' in 'where clause'
#0 E:\Projets\marketplace\system\Database\MySQLi\Connection.php(331): mysqli->query('SELECT *\nFROM `...')
#1 E:\Projets\marketplace\system\Database\BaseConnection.php(738): CodeIgniter\Database\MySQLi\Connection->execute('SELECT *\nFROM `...')
#2 E:\Projets\marketplace\system\Database\BaseConnection.php(666): CodeIgniter\Database\BaseConnection->simpleQuery('SELECT *\nFROM `...')
#3 E:\Projets\marketplace\system\Database\BaseBuilder.php(1845): CodeIgniter\Database\BaseConnection->query('SELECT *\nFROM `...', Array, false)
#4 E:\Projets\marketplace\system\Model.php(387): CodeIgniter\Database\BaseBuilder->get()
#5 E:\Projets\marketplace\app\Models\Productmodel.php(67): CodeIgniter\Model->find()
#6 E:\Projets\marketplace\app\Controllers\Produit.php(56): App\Models\Productmodel->getSelectedProduct('4', '6', 'undefined')
#7 E:\Projets\marketplace\app\Controllers\Filtre.php(63): App\Controllers\Produit::getSelectedProduct('4', '6', 'undefined')
#8 E:\Projets\marketplace\system\CodeIgniter.php(914): App\Controllers\Filtre::getResultat('getSelectedProd...', '4', '6', 'selectedproduct...', 'undefined')
#9 E:\Projets\marketplace\system\CodeIgniter.php(400): CodeIgniter\CodeIgniter->runController(Object(App\Controllers\Filtre))
#10 E:\Projets\marketplace\system\CodeIgniter.php(308): CodeIgniter\CodeIgniter->handleRequest(NULL, Object(Config\Cache), false)
#11 E:\Projets\marketplace\public\index.php(45): CodeIgniter\CodeIgniter->run()
#12 E:\Projets\marketplace\system\Commands\Server\rewrite.php(34): require_once('E:\\Projets\\mark...')
#13 {main}
CRITICAL - 2022-10-10 10:47:01 --> Unknown column 'undefined' in 'where clause'
#0 E:\Projets\marketplace\system\Database\MySQLi\Connection.php(331): mysqli->query('SELECT *\nFROM `...')
#1 E:\Projets\marketplace\system\Database\BaseConnection.php(738): CodeIgniter\Database\MySQLi\Connection->execute('SELECT *\nFROM `...')
#2 E:\Projets\marketplace\system\Database\BaseConnection.php(666): CodeIgniter\Database\BaseConnection->simpleQuery('SELECT *\nFROM `...')
#3 E:\Projets\marketplace\system\Database\BaseBuilder.php(1845): CodeIgniter\Database\BaseConnection->query('SELECT *\nFROM `...', Array, false)
#4 E:\Projets\marketplace\system\Model.php(387): CodeIgniter\Database\BaseBuilder->get()
#5 E:\Projets\marketplace\app\Models\Productmodel.php(67): CodeIgniter\Model->find()
#6 E:\Projets\marketplace\app\Controllers\Produit.php(56): App\Models\Productmodel->getSelectedProduct('4', '6', 'undefined')
#7 E:\Projets\marketplace\app\Controllers\Filtre.php(63): App\Controllers\Produit::getSelectedProduct('4', '6', 'undefined')
#8 E:\Projets\marketplace\system\CodeIgniter.php(914): App\Controllers\Filtre::getResultat('getSelectedProd...', '4', '6', 'carouselproduct...', 'undefined')
#9 E:\Projets\marketplace\system\CodeIgniter.php(400): CodeIgniter\CodeIgniter->runController(Object(App\Controllers\Filtre))
#10 E:\Projets\marketplace\system\CodeIgniter.php(308): CodeIgniter\CodeIgniter->handleRequest(NULL, Object(Config\Cache), false)
#11 E:\Projets\marketplace\public\index.php(45): CodeIgniter\CodeIgniter->run()
#12 E:\Projets\marketplace\system\Commands\Server\rewrite.php(34): require_once('E:\\Projets\\mark...')
#13 {main}
CRITICAL - 2022-10-10 11:09:51 --> Unknown column 'undefined' in 'where clause'
#0 E:\Projets\marketplace\system\Database\MySQLi\Connection.php(331): mysqli->query('SELECT *\nFROM `...')
#1 E:\Projets\marketplace\system\Database\BaseConnection.php(738): CodeIgniter\Database\MySQLi\Connection->execute('SELECT *\nFROM `...')
#2 E:\Projets\marketplace\system\Database\BaseConnection.php(666): CodeIgniter\Database\BaseConnection->simpleQuery('SELECT *\nFROM `...')
#3 E:\Projets\marketplace\system\Database\BaseBuilder.php(1845): CodeIgniter\Database\BaseConnection->query('SELECT *\nFROM `...', Array, false)
#4 E:\Projets\marketplace\system\Model.php(387): CodeIgniter\Database\BaseBuilder->get()
#5 E:\Projets\marketplace\app\Models\Productmodel.php(56): CodeIgniter\Model->find()
#6 E:\Projets\marketplace\app\Controllers\Produit.php(56): App\Models\Productmodel->getSelectedProduct(NULL, '6', 'undefined')
#7 E:\Projets\marketplace\app\Controllers\Filtre.php(48): App\Controllers\Produit::getSelectedProduct(NULL, '6', 'undefined')
#8 E:\Projets\marketplace\system\CodeIgniter.php(914): App\Controllers\Filtre::getResultat('getSelectedProd...', NULL, '6', 'carouselproduct...', 'undefined')
#9 E:\Projets\marketplace\system\CodeIgniter.php(400): CodeIgniter\CodeIgniter->runController(Object(App\Controllers\Filtre))
#10 E:\Projets\marketplace\system\CodeIgniter.php(308): CodeIgniter\CodeIgniter->handleRequest(NULL, Object(Config\Cache), false)
#11 E:\Projets\marketplace\public\index.php(45): CodeIgniter\CodeIgniter->run()
#12 E:\Projets\marketplace\system\Commands\Server\rewrite.php(34): require_once('E:\\Projets\\mark...')
#13 {main}
CRITICAL - 2022-10-10 11:09:51 --> Unknown column 'undefined' in 'where clause'
#0 E:\Projets\marketplace\system\Database\MySQLi\Connection.php(331): mysqli->query('SELECT *\nFROM `...')
#1 E:\Projets\marketplace\system\Database\BaseConnection.php(738): CodeIgniter\Database\MySQLi\Connection->execute('SELECT *\nFROM `...')
#2 E:\Projets\marketplace\system\Database\BaseConnection.php(666): CodeIgniter\Database\BaseConnection->simpleQuery('SELECT *\nFROM `...')
#3 E:\Projets\marketplace\system\Database\BaseBuilder.php(1845): CodeIgniter\Database\BaseConnection->query('SELECT *\nFROM `...', Array, false)
#4 E:\Projets\marketplace\system\Model.php(387): CodeIgniter\Database\BaseBuilder->get()
#5 E:\Projets\marketplace\app\Models\Productmodel.php(56): CodeIgniter\Model->find()
#6 E:\Projets\marketplace\app\Controllers\Produit.php(56): App\Models\Productmodel->getSelectedProduct(NULL, '6', 'undefined')
#7 E:\Projets\marketplace\app\Controllers\Filtre.php(48): App\Controllers\Produit::getSelectedProduct(NULL, '6', 'undefined')
#8 E:\Projets\marketplace\system\CodeIgniter.php(914): App\Controllers\Filtre::getResultat('getSelectedProd...', NULL, '6', 'selectedproduct...', 'undefined')
#9 E:\Projets\marketplace\system\CodeIgniter.php(400): CodeIgniter\CodeIgniter->runController(Object(App\Controllers\Filtre))
#10 E:\Projets\marketplace\system\CodeIgniter.php(308): CodeIgniter\CodeIgniter->handleRequest(NULL, Object(Config\Cache), false)
#11 E:\Projets\marketplace\public\index.php(45): CodeIgniter\CodeIgniter->run()
#12 E:\Projets\marketplace\system\Commands\Server\rewrite.php(34): require_once('E:\\Projets\\mark...')
#13 {main}
