CRITICAL - 1980-01-03 17:29:51 --> Too few arguments to function App\Controllers\Assets::carouselcommand(), 0 passed in E:\Projets\marketplace\app\Views\assets\littlehorizontalcard.php on line 5 and exactly 1 expected
#0 E:\Projets\marketplace\app\Views\assets\littlehorizontalcard.php(5): App\Controllers\Assets::carouselcommand()
#1 E:\Projets\marketplace\system\View\View.php(246): include('E:\\Projets\\mark...')
#2 E:\Projets\marketplace\system\Common.php(1087): CodeIgniter\View\View->render('/assets/littleh...', Array, true)
#3 E:\Projets\marketplace\app\Controllers\Assets.php(10): view('/assets/littleh...')
#4 E:\Projets\marketplace\app\Controllers\Accueil.php(22): App\Controllers\Assets->littlehorizontalcard()
#5 E:\Projets\marketplace\system\CodeIgniter.php(914): App\Controllers\Accueil->accueil()
#6 E:\Projets\marketplace\system\CodeIgniter.php(400): CodeIgniter\CodeIgniter->runController(Object(App\Controllers\Accueil))
#7 E:\Projets\marketplace\system\CodeIgniter.php(308): CodeIgniter\CodeIgniter->handleRequest(NULL, Object(Config\Cache), false)
#8 E:\Projets\marketplace\public\index.php(45): CodeIgniter\CodeIgniter->run()
#9 E:\Projets\marketplace\system\Commands\Server\rewrite.php(34): require_once('E:\\Projets\\mark...')
#10 {main}
CRITICAL - 1980-01-03 17:30:32 --> Too few arguments to function App\Controllers\Assets::carouselcommand(), 0 passed in E:\Projets\marketplace\app\Views\assets\littlehorizontalcard.php on line 5 and exactly 1 expected
#0 E:\Projets\marketplace\app\Views\assets\littlehorizontalcard.php(5): App\Controllers\Assets::carouselcommand()
#1 E:\Projets\marketplace\system\View\View.php(246): include('E:\\Projets\\mark...')
#2 E:\Projets\marketplace\system\Common.php(1087): CodeIgniter\View\View->render('/assets/littleh...', Array, true)
#3 E:\Projets\marketplace\app\Controllers\Assets.php(10): view('/assets/littleh...')
#4 E:\Projets\marketplace\app\Controllers\Accueil.php(22): App\Controllers\Assets->littlehorizontalcard()
#5 E:\Projets\marketplace\system\CodeIgniter.php(914): App\Controllers\Accueil->accueil()
#6 E:\Projets\marketplace\system\CodeIgniter.php(400): CodeIgniter\CodeIgniter->runController(Object(App\Controllers\Accueil))
#7 E:\Projets\marketplace\system\CodeIgniter.php(308): CodeIgniter\CodeIgniter->handleRequest(NULL, Object(Config\Cache), false)
#8 E:\Projets\marketplace\public\index.php(45): CodeIgniter\CodeIgniter->run()
#9 E:\Projets\marketplace\system\Commands\Server\rewrite.php(34): require_once('E:\\Projets\\mark...')
#10 {main}
CRITICAL - 1980-01-03 17:59:27 --> Undefined variable: i
#0 E:\Projets\marketplace\app\Views\assets\carouselproducts.php(1): CodeIgniter\Debug\Exceptions->errorHandler(8, 'Undefined varia...', 'E:\\Projets\\mark...', 1, Array)
#1 E:\Projets\marketplace\system\View\View.php(246): include('E:\\Projets\\mark...')
#2 E:\Projets\marketplace\system\Common.php(1087): CodeIgniter\View\View->render('assets/carousel...', Array, true)
#3 E:\Projets\marketplace\app\Controllers\Filtre.php(47): view('assets/carousel...', Array)
#4 E:\Projets\marketplace\system\CodeIgniter.php(914): App\Controllers\Filtre::getResultat('getSelectedProd...', '2', '6', 'carouselproduct...')
#5 E:\Projets\marketplace\system\CodeIgniter.php(400): CodeIgniter\CodeIgniter->runController(Object(App\Controllers\Filtre))
#6 E:\Projets\marketplace\system\CodeIgniter.php(308): CodeIgniter\CodeIgniter->handleRequest(NULL, Object(Config\Cache), false)
#7 E:\Projets\marketplace\public\index.php(45): CodeIgniter\CodeIgniter->run()
#8 E:\Projets\marketplace\system\Commands\Server\rewrite.php(34): require_once('E:\\Projets\\mark...')
#9 {main}
CRITICAL - 1980-01-03 17:59:32 --> Undefined variable: i
#0 E:\Projets\marketplace\app\Views\assets\carouselproducts.php(1): CodeIgniter\Debug\Exceptions->errorHandler(8, 'Undefined varia...', 'E:\\Projets\\mark...', 1, Array)
#1 E:\Projets\marketplace\system\View\View.php(246): include('E:\\Projets\\mark...')
#2 E:\Projets\marketplace\system\Common.php(1087): CodeIgniter\View\View->render('assets/carousel...', Array, true)
#3 E:\Projets\marketplace\app\Controllers\Filtre.php(47): view('assets/carousel...', Array)
#4 E:\Projets\marketplace\system\CodeIgniter.php(914): App\Controllers\Filtre::getResultat('getSelectedProd...', '3', '6', 'carouselproduct...')
#5 E:\Projets\marketplace\system\CodeIgniter.php(400): CodeIgniter\CodeIgniter->runController(Object(App\Controllers\Filtre))
#6 E:\Projets\marketplace\system\CodeIgniter.php(308): CodeIgniter\CodeIgniter->handleRequest(NULL, Object(Config\Cache), false)
#7 E:\Projets\marketplace\public\index.php(45): CodeIgniter\CodeIgniter->run()
#8 E:\Projets\marketplace\system\Commands\Server\rewrite.php(34): require_once('E:\\Projets\\mark...')
#9 {main}
CRITICAL - 1980-01-03 18:01:34 --> Undefined variable: i
#0 E:\Projets\marketplace\app\Views\assets\carouselproducts.php(1): CodeIgniter\Debug\Exceptions->errorHandler(8, 'Undefined varia...', 'E:\\Projets\\mark...', 1, Array)
#1 E:\Projets\marketplace\system\View\View.php(246): include('E:\\Projets\\mark...')
#2 E:\Projets\marketplace\system\Common.php(1087): CodeIgniter\View\View->render('assets/carousel...', Array, true)
#3 E:\Projets\marketplace\app\Controllers\Filtre.php(47): view('assets/carousel...', Array)
#4 E:\Projets\marketplace\system\CodeIgniter.php(914): App\Controllers\Filtre::getResultat('getSelectedProd...', '1', '6', 'carouselproduct...')
#5 E:\Projets\marketplace\system\CodeIgniter.php(400): CodeIgniter\CodeIgniter->runController(Object(App\Controllers\Filtre))
#6 E:\Projets\marketplace\system\CodeIgniter.php(308): CodeIgniter\CodeIgniter->handleRequest(NULL, Object(Config\Cache), false)
#7 E:\Projets\marketplace\public\index.php(45): CodeIgniter\CodeIgniter->run()
#8 E:\Projets\marketplace\system\Commands\Server\rewrite.php(34): require_once('E:\\Projets\\mark...')
#9 {main}
CRITICAL - 1980-01-03 18:02:40 --> Undefined variable: i
#0 E:\Projets\marketplace\app\Views\assets\carouselproducts.php(1): CodeIgniter\Debug\Exceptions->errorHandler(8, 'Undefined varia...', 'E:\\Projets\\mark...', 1, Array)
#1 E:\Projets\marketplace\system\View\View.php(246): include('E:\\Projets\\mark...')
#2 E:\Projets\marketplace\system\Common.php(1087): CodeIgniter\View\View->render('assets/carousel...', Array, true)
#3 E:\Projets\marketplace\app\Controllers\Filtre.php(47): view('assets/carousel...', Array)
#4 E:\Projets\marketplace\system\CodeIgniter.php(914): App\Controllers\Filtre::getResultat('getSelectedProd...', '1', '6', 'carouselproduct...')
#5 E:\Projets\marketplace\system\CodeIgniter.php(400): CodeIgniter\CodeIgniter->runController(Object(App\Controllers\Filtre))
#6 E:\Projets\marketplace\system\CodeIgniter.php(308): CodeIgniter\CodeIgniter->handleRequest(NULL, Object(Config\Cache), false)
#7 E:\Projets\marketplace\public\index.php(45): CodeIgniter\CodeIgniter->run()
#8 E:\Projets\marketplace\system\Commands\Server\rewrite.php(34): require_once('E:\\Projets\\mark...')
#9 {main}
CRITICAL - 1980-01-03 18:03:21 --> Undefined variable: i
#0 E:\Projets\marketplace\app\Views\assets\carouselproducts.php(1): CodeIgniter\Debug\Exceptions->errorHandler(8, 'Undefined varia...', 'E:\\Projets\\mark...', 1, Array)
#1 E:\Projets\marketplace\system\View\View.php(246): include('E:\\Projets\\mark...')
#2 E:\Projets\marketplace\system\Common.php(1087): CodeIgniter\View\View->render('assets/carousel...', Array, true)
#3 E:\Projets\marketplace\app\Controllers\Filtre.php(47): view('assets/carousel...', Array)
#4 E:\Projets\marketplace\system\CodeIgniter.php(914): App\Controllers\Filtre::getResultat('getSelectedProd...', '2', '6', 'carouselproduct...')
#5 E:\Projets\marketplace\system\CodeIgniter.php(400): CodeIgniter\CodeIgniter->runController(Object(App\Controllers\Filtre))
#6 E:\Projets\marketplace\system\CodeIgniter.php(308): CodeIgniter\CodeIgniter->handleRequest(NULL, Object(Config\Cache), false)
#7 E:\Projets\marketplace\public\index.php(45): CodeIgniter\CodeIgniter->run()
#8 E:\Projets\marketplace\system\Commands\Server\rewrite.php(34): require_once('E:\\Projets\\mark...')
#9 {main}
CRITICAL - 1980-01-03 18:57:32 --> Undefined variable: rayon
#0 E:\Projets\marketplace\app\Views\Templates\header.php(85): CodeIgniter\Debug\Exceptions->errorHandler(8, 'Undefined varia...', 'E:\\Projets\\mark...', 85, Array)
#1 E:\Projets\marketplace\system\View\View.php(246): include('E:\\Projets\\mark...')
#2 E:\Projets\marketplace\system\Common.php(1087): CodeIgniter\View\View->render('Templates/heade...', Array, true)
#3 E:\Projets\marketplace\app\Controllers\Storebackoffice.php(12): view('Templates/heade...', Array)
#4 E:\Projets\marketplace\system\CodeIgniter.php(914): App\Controllers\Storebackoffice->createstore()
#5 E:\Projets\marketplace\system\CodeIgniter.php(400): CodeIgniter\CodeIgniter->runController(Object(App\Controllers\Storebackoffice))
#6 E:\Projets\marketplace\system\CodeIgniter.php(308): CodeIgniter\CodeIgniter->handleRequest(NULL, Object(Config\Cache), false)
#7 E:\Projets\marketplace\public\index.php(45): CodeIgniter\CodeIgniter->run()
#8 E:\Projets\marketplace\system\Commands\Server\rewrite.php(34): require_once('E:\\Projets\\mark...')
#9 {main}
CRITICAL - 1980-01-03 19:02:04 --> syntax error, unexpected ':'
#0 E:\Projets\marketplace\system\Autoloader\Autoloader.php(296): CodeIgniter\Autoloader\Autoloader->requireFile('E:\\Projets\\mark...')
#1 E:\Projets\marketplace\system\Autoloader\Autoloader.php(258): CodeIgniter\Autoloader\Autoloader->loadInNamespace('App\\Controllers...')
#2 [internal function]: CodeIgniter\Autoloader\Autoloader->loadClass('App\\Controllers...')
#3 [internal function]: spl_autoload_call('App\\Controllers...')
#4 E:\Projets\marketplace\system\CodeIgniter.php(865): class_exists('\\App\\Controller...', true)
#5 E:\Projets\marketplace\system\CodeIgniter.php(390): CodeIgniter\CodeIgniter->startController()
#6 E:\Projets\marketplace\system\CodeIgniter.php(308): CodeIgniter\CodeIgniter->handleRequest(NULL, Object(Config\Cache), false)
#7 E:\Projets\marketplace\public\index.php(45): CodeIgniter\CodeIgniter->run()
#8 E:\Projets\marketplace\system\Commands\Server\rewrite.php(34): require_once('E:\\Projets\\mark...')
#9 {main}
