CRITICAL - 2022-10-18 14:43:32 --> Trying to get property 'pager' of non-object
#0 E:\Projets\marketplace\app\Controllers\Filtre.php(66): CodeIgniter\Debug\Exceptions->errorHandler(8, 'Trying to get p...', 'E:\\Projets\\mark...', 66, Array)
#1 E:\Projets\marketplace\system\CodeIgniter.php(914): App\Controllers\Filtre::getResultat('getSelectedProd...', '1', '100', 'allproductshome', 'allprod')
#2 E:\Projets\marketplace\system\CodeIgniter.php(400): CodeIgniter\CodeIgniter->runController(Object(App\Controllers\Filtre))
#3 E:\Projets\marketplace\system\CodeIgniter.php(308): CodeIgniter\CodeIgniter->handleRequest(NULL, Object(Config\Cache), false)
#4 E:\Projets\marketplace\public\index.php(45): CodeIgniter\CodeIgniter->run()
#5 E:\Projets\marketplace\system\Commands\Server\rewrite.php(34): require_once('E:\\Projets\\mark...')
#6 {main}
CRITICAL - 2022-10-18 14:43:33 --> Trying to get property 'pager' of non-object
#0 E:\Projets\marketplace\app\Controllers\Filtre.php(66): CodeIgniter\Debug\Exceptions->errorHandler(8, 'Trying to get p...', 'E:\\Projets\\mark...', 66, Array)
#1 E:\Projets\marketplace\system\CodeIgniter.php(914): App\Controllers\Filtre::getResultat('getSelectedProd...', '1', '100', 'storebackoffice...', 'allprod')
#2 E:\Projets\marketplace\system\CodeIgniter.php(400): CodeIgniter\CodeIgniter->runController(Object(App\Controllers\Filtre))
#3 E:\Projets\marketplace\system\CodeIgniter.php(308): CodeIgniter\CodeIgniter->handleRequest(NULL, Object(Config\Cache), false)
#4 E:\Projets\marketplace\public\index.php(45): CodeIgniter\CodeIgniter->run()
#5 E:\Projets\marketplace\system\Commands\Server\rewrite.php(34): require_once('E:\\Projets\\mark...')
#6 {main}
CRITICAL - 2022-10-18 14:43:53 --> Trying to get property 'pager' of non-object
#0 E:\Projets\marketplace\app\Controllers\Filtre.php(66): CodeIgniter\Debug\Exceptions->errorHandler(8, 'Trying to get p...', 'E:\\Projets\\mark...', 66, Array)
#1 E:\Projets\marketplace\system\CodeIgniter.php(914): App\Controllers\Filtre::getResultat('getSelectedProd...', '2', '6', 'selectedproduct...', 'selection')
#2 E:\Projets\marketplace\system\CodeIgniter.php(400): CodeIgniter\CodeIgniter->runController(Object(App\Controllers\Filtre))
#3 E:\Projets\marketplace\system\CodeIgniter.php(308): CodeIgniter\CodeIgniter->handleRequest(NULL, Object(Config\Cache), false)
#4 E:\Projets\marketplace\public\index.php(45): CodeIgniter\CodeIgniter->run()
#5 E:\Projets\marketplace\system\Commands\Server\rewrite.php(34): require_once('E:\\Projets\\mark...')
#6 {main}
CRITICAL - 2022-10-18 14:43:53 --> Trying to get property 'pager' of non-object
#0 E:\Projets\marketplace\app\Controllers\Filtre.php(66): CodeIgniter\Debug\Exceptions->errorHandler(8, 'Trying to get p...', 'E:\\Projets\\mark...', 66, Array)
#1 E:\Projets\marketplace\system\CodeIgniter.php(914): App\Controllers\Filtre::getResultat('getSelectedProd...', '2', '6', 'carouselproduct...', 'selection')
#2 E:\Projets\marketplace\system\CodeIgniter.php(400): CodeIgniter\CodeIgniter->runController(Object(App\Controllers\Filtre))
#3 E:\Projets\marketplace\system\CodeIgniter.php(308): CodeIgniter\CodeIgniter->handleRequest(NULL, Object(Config\Cache), false)
#4 E:\Projets\marketplace\public\index.php(45): CodeIgniter\CodeIgniter->run()
#5 E:\Projets\marketplace\system\Commands\Server\rewrite.php(34): require_once('E:\\Projets\\mark...')
#6 {main}
CRITICAL - 2022-10-18 14:48:01 --> Trying to get property 'pager' of non-object
#0 E:\Projets\marketplace\app\Controllers\Filtre.php(66): CodeIgniter\Debug\Exceptions->errorHandler(8, 'Trying to get p...', 'E:\\Projets\\mark...', 66, Array)
#1 E:\Projets\marketplace\system\CodeIgniter.php(914): App\Controllers\Filtre::getResultat('getSelectedProd...', '4', '6', 'selectedproduct...', 'selection')
#2 E:\Projets\marketplace\system\CodeIgniter.php(400): CodeIgniter\CodeIgniter->runController(Object(App\Controllers\Filtre))
#3 E:\Projets\marketplace\system\CodeIgniter.php(308): CodeIgniter\CodeIgniter->handleRequest(NULL, Object(Config\Cache), false)
#4 E:\Projets\marketplace\public\index.php(45): CodeIgniter\CodeIgniter->run()
#5 E:\Projets\marketplace\system\Commands\Server\rewrite.php(34): require_once('E:\\Projets\\mark...')
#6 {main}
CRITICAL - 2022-10-18 14:48:01 --> Trying to get property 'pager' of non-object
#0 E:\Projets\marketplace\app\Controllers\Filtre.php(66): CodeIgniter\Debug\Exceptions->errorHandler(8, 'Trying to get p...', 'E:\\Projets\\mark...', 66, Array)
#1 E:\Projets\marketplace\system\CodeIgniter.php(914): App\Controllers\Filtre::getResultat('getSelectedProd...', '4', '6', 'carouselproduct...', 'selection')
#2 E:\Projets\marketplace\system\CodeIgniter.php(400): CodeIgniter\CodeIgniter->runController(Object(App\Controllers\Filtre))
#3 E:\Projets\marketplace\system\CodeIgniter.php(308): CodeIgniter\CodeIgniter->handleRequest(NULL, Object(Config\Cache), false)
#4 E:\Projets\marketplace\public\index.php(45): CodeIgniter\CodeIgniter->run()
#5 E:\Projets\marketplace\system\Commands\Server\rewrite.php(34): require_once('E:\\Projets\\mark...')
#6 {main}
CRITICAL - 2022-10-18 15:12:07 --> Call to a member function paginate() on array
#0 E:\Projets\marketplace\app\Views\Template-parts\allproducts.php(2): App\Controllers\Filtre::getResultat('getSelectedProd...', NULL, 100, 'allproductshome', 'allprod')
#1 E:\Projets\marketplace\system\View\View.php(246): include('E:\\Projets\\mark...')
#2 E:\Projets\marketplace\system\Common.php(1087): CodeIgniter\View\View->render('/Template-parts...', Array, true)
#3 E:\Projets\marketplace\app\Controllers\Assets.php(42): view('/Template-parts...')
#4 E:\Projets\marketplace\app\Controllers\Accueil.php(24): App\Controllers\Assets->allproducts()
#5 E:\Projets\marketplace\system\CodeIgniter.php(914): App\Controllers\Accueil->accueil()
#6 E:\Projets\marketplace\system\CodeIgniter.php(400): CodeIgniter\CodeIgniter->runController(Object(App\Controllers\Accueil))
#7 E:\Projets\marketplace\system\CodeIgniter.php(308): CodeIgniter\CodeIgniter->handleRequest(NULL, Object(Config\Cache), false)
#8 E:\Projets\marketplace\public\index.php(45): CodeIgniter\CodeIgniter->run()
#9 E:\Projets\marketplace\system\Commands\Server\rewrite.php(34): require_once('E:\\Projets\\mark...')
#10 {main}
CRITICAL - 2022-10-18 15:14:40 --> Call to a member function paginate() on array
#0 E:\Projets\marketplace\app\Views\Template-parts\allproducts.php(2): App\Controllers\Filtre::getResultat('getSelectedProd...', NULL, 100, 'allproductshome', 'allprod')
#1 E:\Projets\marketplace\system\View\View.php(246): include('E:\\Projets\\mark...')
#2 E:\Projets\marketplace\system\Common.php(1087): CodeIgniter\View\View->render('/Template-parts...', Array, true)
#3 E:\Projets\marketplace\app\Controllers\Assets.php(42): view('/Template-parts...')
#4 E:\Projets\marketplace\app\Controllers\Accueil.php(24): App\Controllers\Assets->allproducts()
#5 E:\Projets\marketplace\system\CodeIgniter.php(914): App\Controllers\Accueil->accueil()
#6 E:\Projets\marketplace\system\CodeIgniter.php(400): CodeIgniter\CodeIgniter->runController(Object(App\Controllers\Accueil))
#7 E:\Projets\marketplace\system\CodeIgniter.php(308): CodeIgniter\CodeIgniter->handleRequest(NULL, Object(Config\Cache), false)
#8 E:\Projets\marketplace\public\index.php(45): CodeIgniter\CodeIgniter->run()
#9 E:\Projets\marketplace\system\Commands\Server\rewrite.php(34): require_once('E:\\Projets\\mark...')
#10 {main}
CRITICAL - 2022-10-18 15:14:46 --> Call to a member function paginate() on array
#0 E:\Projets\marketplace\app\Views\Template-parts\allproducts.php(2): App\Controllers\Filtre::getResultat('getSelectedProd...', NULL, 100, 'allproductshome', 'allprod')
#1 E:\Projets\marketplace\system\View\View.php(246): include('E:\\Projets\\mark...')
#2 E:\Projets\marketplace\system\Common.php(1087): CodeIgniter\View\View->render('/Template-parts...', Array, true)
#3 E:\Projets\marketplace\app\Controllers\Assets.php(42): view('/Template-parts...')
#4 E:\Projets\marketplace\app\Controllers\Accueil.php(24): App\Controllers\Assets->allproducts()
#5 E:\Projets\marketplace\system\CodeIgniter.php(914): App\Controllers\Accueil->accueil()
#6 E:\Projets\marketplace\system\CodeIgniter.php(400): CodeIgniter\CodeIgniter->runController(Object(App\Controllers\Accueil))
#7 E:\Projets\marketplace\system\CodeIgniter.php(308): CodeIgniter\CodeIgniter->handleRequest(NULL, Object(Config\Cache), false)
#8 E:\Projets\marketplace\public\index.php(45): CodeIgniter\CodeIgniter->run()
#9 E:\Projets\marketplace\system\Commands\Server\rewrite.php(34): require_once('E:\\Projets\\mark...')
#10 {main}
CRITICAL - 2022-10-18 15:15:22 --> Call to a member function paginate() on array
#0 E:\Projets\marketplace\app\Views\Template-parts\allproducts.php(2): App\Controllers\Filtre::getResultat('getSelectedProd...', NULL, 100, 'allproductshome', 'allprod')
#1 E:\Projets\marketplace\system\View\View.php(246): include('E:\\Projets\\mark...')
#2 E:\Projets\marketplace\system\Common.php(1087): CodeIgniter\View\View->render('/Template-parts...', Array, true)
#3 E:\Projets\marketplace\app\Controllers\Assets.php(42): view('/Template-parts...')
#4 E:\Projets\marketplace\app\Controllers\Accueil.php(24): App\Controllers\Assets->allproducts()
#5 E:\Projets\marketplace\system\CodeIgniter.php(914): App\Controllers\Accueil->accueil()
#6 E:\Projets\marketplace\system\CodeIgniter.php(400): CodeIgniter\CodeIgniter->runController(Object(App\Controllers\Accueil))
#7 E:\Projets\marketplace\system\CodeIgniter.php(308): CodeIgniter\CodeIgniter->handleRequest(NULL, Object(Config\Cache), false)
#8 E:\Projets\marketplace\public\index.php(45): CodeIgniter\CodeIgniter->run()
#9 E:\Projets\marketplace\system\Commands\Server\rewrite.php(34): require_once('E:\\Projets\\mark...')
#10 {main}
CRITICAL - 2022-10-18 15:15:25 --> Call to a member function paginate() on array
#0 E:\Projets\marketplace\app\Views\Template-parts\allproducts.php(2): App\Controllers\Filtre::getResultat('getSelectedProd...', NULL, 100, 'allproductshome', 'allprod')
#1 E:\Projets\marketplace\system\View\View.php(246): include('E:\\Projets\\mark...')
#2 E:\Projets\marketplace\system\Common.php(1087): CodeIgniter\View\View->render('/Template-parts...', Array, true)
#3 E:\Projets\marketplace\app\Controllers\Assets.php(42): view('/Template-parts...')
#4 E:\Projets\marketplace\app\Controllers\Accueil.php(24): App\Controllers\Assets->allproducts()
#5 E:\Projets\marketplace\system\CodeIgniter.php(914): App\Controllers\Accueil->accueil()
#6 E:\Projets\marketplace\system\CodeIgniter.php(400): CodeIgniter\CodeIgniter->runController(Object(App\Controllers\Accueil))
#7 E:\Projets\marketplace\system\CodeIgniter.php(308): CodeIgniter\CodeIgniter->handleRequest(NULL, Object(Config\Cache), false)
#8 E:\Projets\marketplace\public\index.php(45): CodeIgniter\CodeIgniter->run()
#9 E:\Projets\marketplace\system\Commands\Server\rewrite.php(34): require_once('E:\\Projets\\mark...')
#10 {main}
CRITICAL - 2022-10-18 15:15:55 --> Call to a member function paginate() on array
#0 E:\Projets\marketplace\app\Views\Template-parts\allproducts.php(2): App\Controllers\Filtre::getResultat('getSelectedProd...', NULL, 100, 'allproductshome', 'allprod')
#1 E:\Projets\marketplace\system\View\View.php(246): include('E:\\Projets\\mark...')
#2 E:\Projets\marketplace\system\Common.php(1087): CodeIgniter\View\View->render('/Template-parts...', Array, true)
#3 E:\Projets\marketplace\app\Controllers\Assets.php(42): view('/Template-parts...')
#4 E:\Projets\marketplace\app\Controllers\Accueil.php(24): App\Controllers\Assets->allproducts()
#5 E:\Projets\marketplace\system\CodeIgniter.php(914): App\Controllers\Accueil->accueil()
#6 E:\Projets\marketplace\system\CodeIgniter.php(400): CodeIgniter\CodeIgniter->runController(Object(App\Controllers\Accueil))
#7 E:\Projets\marketplace\system\CodeIgniter.php(308): CodeIgniter\CodeIgniter->handleRequest(NULL, Object(Config\Cache), false)
#8 E:\Projets\marketplace\public\index.php(45): CodeIgniter\CodeIgniter->run()
#9 E:\Projets\marketplace\system\Commands\Server\rewrite.php(34): require_once('E:\\Projets\\mark...')
#10 {main}
CRITICAL - 2022-10-18 15:16:40 --> Call to a member function paginate() on array
#0 E:\Projets\marketplace\app\Views\Template-parts\allproducts.php(2): App\Controllers\Filtre::getResultat('getSelectedProd...', NULL, 100, 'allproductshome', 'allprod')
#1 E:\Projets\marketplace\system\View\View.php(246): include('E:\\Projets\\mark...')
#2 E:\Projets\marketplace\system\Common.php(1087): CodeIgniter\View\View->render('/Template-parts...', Array, true)
#3 E:\Projets\marketplace\app\Controllers\Assets.php(42): view('/Template-parts...')
#4 E:\Projets\marketplace\app\Controllers\Accueil.php(24): App\Controllers\Assets->allproducts()
#5 E:\Projets\marketplace\system\CodeIgniter.php(914): App\Controllers\Accueil->accueil()
#6 E:\Projets\marketplace\system\CodeIgniter.php(400): CodeIgniter\CodeIgniter->runController(Object(App\Controllers\Accueil))
#7 E:\Projets\marketplace\system\CodeIgniter.php(308): CodeIgniter\CodeIgniter->handleRequest(NULL, Object(Config\Cache), false)
#8 E:\Projets\marketplace\public\index.php(45): CodeIgniter\CodeIgniter->run()
#9 E:\Projets\marketplace\system\Commands\Server\rewrite.php(34): require_once('E:\\Projets\\mark...')
#10 {main}
CRITICAL - 2022-10-18 15:17:52 --> Call to a member function paginate() on string
#0 E:\Projets\marketplace\app\Views\Template-parts\allproducts.php(2): App\Controllers\Filtre::getResultat('getSelectedProd...', NULL, 100, 'allproductshome', 'allprod')
#1 E:\Projets\marketplace\system\View\View.php(246): include('E:\\Projets\\mark...')
#2 E:\Projets\marketplace\system\Common.php(1087): CodeIgniter\View\View->render('/Template-parts...', Array, true)
#3 E:\Projets\marketplace\app\Controllers\Assets.php(42): view('/Template-parts...')
#4 E:\Projets\marketplace\app\Controllers\Accueil.php(24): App\Controllers\Assets->allproducts()
#5 E:\Projets\marketplace\system\CodeIgniter.php(914): App\Controllers\Accueil->accueil()
#6 E:\Projets\marketplace\system\CodeIgniter.php(400): CodeIgniter\CodeIgniter->runController(Object(App\Controllers\Accueil))
#7 E:\Projets\marketplace\system\CodeIgniter.php(308): CodeIgniter\CodeIgniter->handleRequest(NULL, Object(Config\Cache), false)
#8 E:\Projets\marketplace\public\index.php(45): CodeIgniter\CodeIgniter->run()
#9 E:\Projets\marketplace\system\Commands\Server\rewrite.php(34): require_once('E:\\Projets\\mark...')
#10 {main}
CRITICAL - 2022-10-18 15:18:40 --> Call to undefined method App\Controllers\Produit::paginate()
#0 E:\Projets\marketplace\app\Views\Template-parts\allproducts.php(2): App\Controllers\Filtre::getResultat('getSelectedProd...', NULL, 100, 'allproductshome', 'allprod')
#1 E:\Projets\marketplace\system\View\View.php(246): include('E:\\Projets\\mark...')
#2 E:\Projets\marketplace\system\Common.php(1087): CodeIgniter\View\View->render('/Template-parts...', Array, true)
#3 E:\Projets\marketplace\app\Controllers\Assets.php(42): view('/Template-parts...')
#4 E:\Projets\marketplace\app\Controllers\Accueil.php(24): App\Controllers\Assets->allproducts()
#5 E:\Projets\marketplace\system\CodeIgniter.php(914): App\Controllers\Accueil->accueil()
#6 E:\Projets\marketplace\system\CodeIgniter.php(400): CodeIgniter\CodeIgniter->runController(Object(App\Controllers\Accueil))
#7 E:\Projets\marketplace\system\CodeIgniter.php(308): CodeIgniter\CodeIgniter->handleRequest(NULL, Object(Config\Cache), false)
#8 E:\Projets\marketplace\public\index.php(45): CodeIgniter\CodeIgniter->run()
#9 E:\Projets\marketplace\system\Commands\Server\rewrite.php(34): require_once('E:\\Projets\\mark...')
#10 {main}
CRITICAL - 2022-10-18 21:38:40 --> Aucune connexion n’a pu être établie car l’ordinateur cible l’a expressément refusée.

#0 E:\Projets\marketplace\system\Database\BaseConnection.php(377): CodeIgniter\Database\MySQLi\Connection->connect(false)
#1 E:\Projets\marketplace\system\Database\BaseConnection.php(643): CodeIgniter\Database\BaseConnection->initialize()
#2 E:\Projets\marketplace\system\Database\BaseBuilder.php(1845): CodeIgniter\Database\BaseConnection->query('SELECT *\nFROM `...', Array, false)
#3 E:\Projets\marketplace\system\Model.php(445): CodeIgniter\Database\BaseBuilder->get()
#4 E:\Projets\marketplace\app\Models\RayonModel.php(13): CodeIgniter\Model->findAll()
#5 E:\Projets\marketplace\app\Controllers\Accueil.php(15): App\Models\RayonModel->getRayon()
#6 E:\Projets\marketplace\system\CodeIgniter.php(914): App\Controllers\Accueil->accueil()
#7 E:\Projets\marketplace\system\CodeIgniter.php(400): CodeIgniter\CodeIgniter->runController(Object(App\Controllers\Accueil))
#8 E:\Projets\marketplace\system\CodeIgniter.php(308): CodeIgniter\CodeIgniter->handleRequest(NULL, Object(Config\Cache), false)
#9 E:\Projets\marketplace\public\index.php(45): CodeIgniter\CodeIgniter->run()
#10 E:\Projets\marketplace\system\Commands\Server\rewrite.php(34): require_once('E:\\Projets\\mark...')
#11 {main}
CRITICAL - 2022-10-18 21:40:31 --> Invalid file: OK.php
#0 E:\Projets\marketplace\system\View\View.php(228): CodeIgniter\Exceptions\FrameworkException::forInvalidFile('OK.php')
#1 E:\Projets\marketplace\system\Common.php(1087): CodeIgniter\View\View->render('OK', Array, true)
#2 E:\Projets\marketplace\app\Controllers\Accueil.php(20): view('OK')
#3 E:\Projets\marketplace\system\CodeIgniter.php(914): App\Controllers\Accueil->accueil()
#4 E:\Projets\marketplace\system\CodeIgniter.php(400): CodeIgniter\CodeIgniter->runController(Object(App\Controllers\Accueil))
#5 E:\Projets\marketplace\system\CodeIgniter.php(308): CodeIgniter\CodeIgniter->handleRequest(NULL, Object(Config\Cache), false)
#6 E:\Projets\marketplace\public\index.php(45): CodeIgniter\CodeIgniter->run()
#7 E:\Projets\marketplace\system\Commands\Server\rewrite.php(34): require_once('E:\\Projets\\mark...')
#8 {main}
CRITICAL - 2022-10-18 21:42:03 --> Undefined variable: mesrayons
#0 E:\Projets\marketplace\app\Views\testhtml.php(3): CodeIgniter\Debug\Exceptions->errorHandler(8, 'Undefined varia...', 'E:\\Projets\\mark...', 3, Array)
#1 E:\Projets\marketplace\system\View\View.php(246): include('E:\\Projets\\mark...')
#2 E:\Projets\marketplace\system\Common.php(1087): CodeIgniter\View\View->render('testhtml', Array, true)
#3 E:\Projets\marketplace\app\Controllers\Accueil.php(20): view('testhtml')
#4 E:\Projets\marketplace\system\CodeIgniter.php(914): App\Controllers\Accueil->accueil()
#5 E:\Projets\marketplace\system\CodeIgniter.php(400): CodeIgniter\CodeIgniter->runController(Object(App\Controllers\Accueil))
#6 E:\Projets\marketplace\system\CodeIgniter.php(308): CodeIgniter\CodeIgniter->handleRequest(NULL, Object(Config\Cache), false)
#7 E:\Projets\marketplace\public\index.php(45): CodeIgniter\CodeIgniter->run()
#8 E:\Projets\marketplace\system\Commands\Server\rewrite.php(34): require_once('E:\\Projets\\mark...')
#9 {main}
CRITICAL - 2022-10-18 21:53:50 --> Call to undefined method App\Controllers\Produit::getselectedproducts02()
#0 E:\Projets\marketplace\system\CodeIgniter.php(914): App\Controllers\Accueil->accueil()
#1 E:\Projets\marketplace\system\CodeIgniter.php(400): CodeIgniter\CodeIgniter->runController(Object(App\Controllers\Accueil))
#2 E:\Projets\marketplace\system\CodeIgniter.php(308): CodeIgniter\CodeIgniter->handleRequest(NULL, Object(Config\Cache), false)
#3 E:\Projets\marketplace\public\index.php(45): CodeIgniter\CodeIgniter->run()
#4 E:\Projets\marketplace\system\Commands\Server\rewrite.php(34): require_once('E:\\Projets\\mark...')
#5 {main}
CRITICAL - 2022-10-18 21:54:13 --> Call to a member function paginate() on array
#0 E:\Projets\marketplace\app\Controllers\Accueil.php(20): App\Controllers\Produit::getSelectedProduct02(NULL, 0, 'allprod')
#1 E:\Projets\marketplace\system\CodeIgniter.php(914): App\Controllers\Accueil->accueil()
#2 E:\Projets\marketplace\system\CodeIgniter.php(400): CodeIgniter\CodeIgniter->runController(Object(App\Controllers\Accueil))
#3 E:\Projets\marketplace\system\CodeIgniter.php(308): CodeIgniter\CodeIgniter->handleRequest(NULL, Object(Config\Cache), false)
#4 E:\Projets\marketplace\public\index.php(45): CodeIgniter\CodeIgniter->run()
#5 E:\Projets\marketplace\system\Commands\Server\rewrite.php(34): require_once('E:\\Projets\\mark...')
#6 {main}
CRITICAL - 2022-10-18 21:54:16 --> Call to a member function paginate() on array
#0 E:\Projets\marketplace\app\Controllers\Accueil.php(20): App\Controllers\Produit::getSelectedProduct02(NULL, 0, 'allprod')
#1 E:\Projets\marketplace\system\CodeIgniter.php(914): App\Controllers\Accueil->accueil()
#2 E:\Projets\marketplace\system\CodeIgniter.php(400): CodeIgniter\CodeIgniter->runController(Object(App\Controllers\Accueil))
#3 E:\Projets\marketplace\system\CodeIgniter.php(308): CodeIgniter\CodeIgniter->handleRequest(NULL, Object(Config\Cache), false)
#4 E:\Projets\marketplace\public\index.php(45): CodeIgniter\CodeIgniter->run()
#5 E:\Projets\marketplace\system\Commands\Server\rewrite.php(34): require_once('E:\\Projets\\mark...')
#6 {main}
CRITICAL - 2022-10-18 21:57:00 --> Undefined variable: products
#0 E:\Projets\marketplace\app\Views\Template-parts\selectedproducts.php(3): CodeIgniter\Debug\Exceptions->errorHandler(8, 'Undefined varia...', 'E:\\Projets\\mark...', 3, Array)
#1 E:\Projets\marketplace\system\View\View.php(246): include('E:\\Projets\\mark...')
#2 E:\Projets\marketplace\system\Common.php(1087): CodeIgniter\View\View->render('Template-parts/...', Array, true)
#3 E:\Projets\marketplace\app\Controllers\Produit.php(65): view('Template-parts/...', Array)
#4 E:\Projets\marketplace\app\Controllers\Accueil.php(17): App\Controllers\Produit::getSelectedProduct02(NULL, 100, 'selection')
#5 E:\Projets\marketplace\system\CodeIgniter.php(914): App\Controllers\Accueil->accueil()
#6 E:\Projets\marketplace\system\CodeIgniter.php(400): CodeIgniter\CodeIgniter->runController(Object(App\Controllers\Accueil))
#7 E:\Projets\marketplace\system\CodeIgniter.php(308): CodeIgniter\CodeIgniter->handleRequest(NULL, Object(Config\Cache), false)
#8 E:\Projets\marketplace\public\index.php(45): CodeIgniter\CodeIgniter->run()
#9 E:\Projets\marketplace\system\Commands\Server\rewrite.php(34): require_once('E:\\Projets\\mark...')
#10 {main}
CRITICAL - 2022-10-18 21:58:07 --> Call to a member function paginate() on array
#0 E:\Projets\marketplace\system\CodeIgniter.php(914): App\Controllers\Filtre::getResultat('getSelectedProd...', NULL, '6', 'carouselproduct...', 'allprod')
#1 E:\Projets\marketplace\system\CodeIgniter.php(400): CodeIgniter\CodeIgniter->runController(Object(App\Controllers\Filtre))
#2 E:\Projets\marketplace\system\CodeIgniter.php(308): CodeIgniter\CodeIgniter->handleRequest(NULL, Object(Config\Cache), false)
#3 E:\Projets\marketplace\public\index.php(45): CodeIgniter\CodeIgniter->run()
#4 E:\Projets\marketplace\system\Commands\Server\rewrite.php(34): require_once('E:\\Projets\\mark...')
#5 {main}
CRITICAL - 2022-10-18 21:58:07 --> Call to a member function paginate() on array
#0 E:\Projets\marketplace\system\CodeIgniter.php(914): App\Controllers\Filtre::getResultat('getSelectedProd...', NULL, '6', 'selectedproduct...', 'allprod')
#1 E:\Projets\marketplace\system\CodeIgniter.php(400): CodeIgniter\CodeIgniter->runController(Object(App\Controllers\Filtre))
#2 E:\Projets\marketplace\system\CodeIgniter.php(308): CodeIgniter\CodeIgniter->handleRequest(NULL, Object(Config\Cache), false)
#3 E:\Projets\marketplace\public\index.php(45): CodeIgniter\CodeIgniter->run()
#4 E:\Projets\marketplace\system\Commands\Server\rewrite.php(34): require_once('E:\\Projets\\mark...')
#5 {main}
CRITICAL - 2022-10-18 21:58:12 --> Call to a member function paginate() on array
#0 E:\Projets\marketplace\system\CodeIgniter.php(914): App\Controllers\Filtre::getResultat('getSelectedProd...', NULL, '6', 'carouselproduct...', 'promo')
#1 E:\Projets\marketplace\system\CodeIgniter.php(400): CodeIgniter\CodeIgniter->runController(Object(App\Controllers\Filtre))
#2 E:\Projets\marketplace\system\CodeIgniter.php(308): CodeIgniter\CodeIgniter->handleRequest(NULL, Object(Config\Cache), false)
#3 E:\Projets\marketplace\public\index.php(45): CodeIgniter\CodeIgniter->run()
#4 E:\Projets\marketplace\system\Commands\Server\rewrite.php(34): require_once('E:\\Projets\\mark...')
#5 {main}
CRITICAL - 2022-10-18 21:58:12 --> Call to a member function paginate() on array
#0 E:\Projets\marketplace\system\CodeIgniter.php(914): App\Controllers\Filtre::getResultat('getSelectedProd...', NULL, '6', 'selectedproduct...', 'promo')
#1 E:\Projets\marketplace\system\CodeIgniter.php(400): CodeIgniter\CodeIgniter->runController(Object(App\Controllers\Filtre))
#2 E:\Projets\marketplace\system\CodeIgniter.php(308): CodeIgniter\CodeIgniter->handleRequest(NULL, Object(Config\Cache), false)
#3 E:\Projets\marketplace\public\index.php(45): CodeIgniter\CodeIgniter->run()
#4 E:\Projets\marketplace\system\Commands\Server\rewrite.php(34): require_once('E:\\Projets\\mark...')
#5 {main}
CRITICAL - 2022-10-18 21:58:16 --> Call to a member function paginate() on array
#0 E:\Projets\marketplace\system\CodeIgniter.php(914): App\Controllers\Filtre::getResultat('getSelectedProd...', NULL, '6', 'carouselproduct...', 'selection')
#1 E:\Projets\marketplace\system\CodeIgniter.php(400): CodeIgniter\CodeIgniter->runController(Object(App\Controllers\Filtre))
#2 E:\Projets\marketplace\system\CodeIgniter.php(308): CodeIgniter\CodeIgniter->handleRequest(NULL, Object(Config\Cache), false)
#3 E:\Projets\marketplace\public\index.php(45): CodeIgniter\CodeIgniter->run()
#4 E:\Projets\marketplace\system\Commands\Server\rewrite.php(34): require_once('E:\\Projets\\mark...')
#5 {main}
CRITICAL - 2022-10-18 21:58:16 --> Call to a member function paginate() on array
#0 E:\Projets\marketplace\system\CodeIgniter.php(914): App\Controllers\Filtre::getResultat('getSelectedProd...', NULL, '6', 'selectedproduct...', 'selection')
#1 E:\Projets\marketplace\system\CodeIgniter.php(400): CodeIgniter\CodeIgniter->runController(Object(App\Controllers\Filtre))
#2 E:\Projets\marketplace\system\CodeIgniter.php(308): CodeIgniter\CodeIgniter->handleRequest(NULL, Object(Config\Cache), false)
#3 E:\Projets\marketplace\public\index.php(45): CodeIgniter\CodeIgniter->run()
#4 E:\Projets\marketplace\system\Commands\Server\rewrite.php(34): require_once('E:\\Projets\\mark...')
#5 {main}
CRITICAL - 2022-10-18 21:58:20 --> Call to a member function paginate() on array
#0 E:\Projets\marketplace\system\CodeIgniter.php(914): App\Controllers\Filtre::getResultat('getSelectedProd...', '2', '6', 'selectedproduct...', 'selection')
#1 E:\Projets\marketplace\system\CodeIgniter.php(400): CodeIgniter\CodeIgniter->runController(Object(App\Controllers\Filtre))
#2 E:\Projets\marketplace\system\CodeIgniter.php(308): CodeIgniter\CodeIgniter->handleRequest(NULL, Object(Config\Cache), false)
#3 E:\Projets\marketplace\public\index.php(45): CodeIgniter\CodeIgniter->run()
#4 E:\Projets\marketplace\system\Commands\Server\rewrite.php(34): require_once('E:\\Projets\\mark...')
#5 {main}
CRITICAL - 2022-10-18 21:58:20 --> Call to a member function paginate() on array
#0 E:\Projets\marketplace\system\CodeIgniter.php(914): App\Controllers\Filtre::getResultat('getSelectedProd...', '2', '6', 'carouselproduct...', 'selection')
#1 E:\Projets\marketplace\system\CodeIgniter.php(400): CodeIgniter\CodeIgniter->runController(Object(App\Controllers\Filtre))
#2 E:\Projets\marketplace\system\CodeIgniter.php(308): CodeIgniter\CodeIgniter->handleRequest(NULL, Object(Config\Cache), false)
#3 E:\Projets\marketplace\public\index.php(45): CodeIgniter\CodeIgniter->run()
#4 E:\Projets\marketplace\system\Commands\Server\rewrite.php(34): require_once('E:\\Projets\\mark...')
#5 {main}
CRITICAL - 2022-10-18 21:58:25 --> Call to a member function paginate() on array
#0 E:\Projets\marketplace\system\CodeIgniter.php(914): App\Controllers\Filtre::getResultat('getSelectedProd...', '4', '6', 'selectedproduct...', 'selection')
#1 E:\Projets\marketplace\system\CodeIgniter.php(400): CodeIgniter\CodeIgniter->runController(Object(App\Controllers\Filtre))
#2 E:\Projets\marketplace\system\CodeIgniter.php(308): CodeIgniter\CodeIgniter->handleRequest(NULL, Object(Config\Cache), false)
#3 E:\Projets\marketplace\public\index.php(45): CodeIgniter\CodeIgniter->run()
#4 E:\Projets\marketplace\system\Commands\Server\rewrite.php(34): require_once('E:\\Projets\\mark...')
#5 {main}
CRITICAL - 2022-10-18 21:58:25 --> Call to a member function paginate() on array
#0 E:\Projets\marketplace\system\CodeIgniter.php(914): App\Controllers\Filtre::getResultat('getSelectedProd...', '4', '6', 'carouselproduct...', 'selection')
#1 E:\Projets\marketplace\system\CodeIgniter.php(400): CodeIgniter\CodeIgniter->runController(Object(App\Controllers\Filtre))
#2 E:\Projets\marketplace\system\CodeIgniter.php(308): CodeIgniter\CodeIgniter->handleRequest(NULL, Object(Config\Cache), false)
#3 E:\Projets\marketplace\public\index.php(45): CodeIgniter\CodeIgniter->run()
#4 E:\Projets\marketplace\system\Commands\Server\rewrite.php(34): require_once('E:\\Projets\\mark...')
#5 {main}
CRITICAL - 2022-10-18 21:58:28 --> Call to a member function paginate() on array
#0 E:\Projets\marketplace\system\CodeIgniter.php(914): App\Controllers\Filtre::getResultat('getSelectedProd...', NULL, '6', 'selectedproduct...', 'selection')
#1 E:\Projets\marketplace\system\CodeIgniter.php(400): CodeIgniter\CodeIgniter->runController(Object(App\Controllers\Filtre))
#2 E:\Projets\marketplace\system\CodeIgniter.php(308): CodeIgniter\CodeIgniter->handleRequest(NULL, Object(Config\Cache), false)
#3 E:\Projets\marketplace\public\index.php(45): CodeIgniter\CodeIgniter->run()
#4 E:\Projets\marketplace\system\Commands\Server\rewrite.php(34): require_once('E:\\Projets\\mark...')
#5 {main}
CRITICAL - 2022-10-18 21:58:28 --> Call to a member function paginate() on array
#0 E:\Projets\marketplace\system\CodeIgniter.php(914): App\Controllers\Filtre::getResultat('getSelectedProd...', NULL, '6', 'carouselproduct...', 'selection')
#1 E:\Projets\marketplace\system\CodeIgniter.php(400): CodeIgniter\CodeIgniter->runController(Object(App\Controllers\Filtre))
#2 E:\Projets\marketplace\system\CodeIgniter.php(308): CodeIgniter\CodeIgniter->handleRequest(NULL, Object(Config\Cache), false)
#3 E:\Projets\marketplace\public\index.php(45): CodeIgniter\CodeIgniter->run()
#4 E:\Projets\marketplace\system\Commands\Server\rewrite.php(34): require_once('E:\\Projets\\mark...')
#5 {main}
CRITICAL - 2022-10-18 22:02:12 --> Array to string conversion
#0 E:\Projets\marketplace\app\Views\Template-parts\selectedproducts.php(24): CodeIgniter\Debug\Exceptions->errorHandler(8, 'Array to string...', 'E:\\Projets\\mark...', 24, Array)
#1 E:\Projets\marketplace\system\View\View.php(246): include('E:\\Projets\\mark...')
#2 E:\Projets\marketplace\system\Common.php(1087): CodeIgniter\View\View->render('Template-parts/...', Array, true)
#3 E:\Projets\marketplace\app\Controllers\Assets.php(22): view('Template-parts/...')
#4 E:\Projets\marketplace\app\Views\Template-parts\littlehorizontalcard.php(24): App\Controllers\Assets::selectedproducts()
#5 E:\Projets\marketplace\system\View\View.php(246): include('E:\\Projets\\mark...')
#6 E:\Projets\marketplace\system\Common.php(1087): CodeIgniter\View\View->render('/Template-parts...', Array, true)
#7 E:\Projets\marketplace\app\Controllers\Assets.php(10): view('/Template-parts...')
#8 E:\Projets\marketplace\app\Controllers\Accueil.php(21): App\Controllers\Assets->littlehorizontalcard()
#9 E:\Projets\marketplace\system\CodeIgniter.php(914): App\Controllers\Accueil->accueil()
#10 E:\Projets\marketplace\system\CodeIgniter.php(400): CodeIgniter\CodeIgniter->runController(Object(App\Controllers\Accueil))
#11 E:\Projets\marketplace\system\CodeIgniter.php(308): CodeIgniter\CodeIgniter->handleRequest(NULL, Object(Config\Cache), false)
#12 E:\Projets\marketplace\public\index.php(45): CodeIgniter\CodeIgniter->run()
#13 E:\Projets\marketplace\system\Commands\Server\rewrite.php(34): require_once('E:\\Projets\\mark...')
#14 {main}
CRITICAL - 2022-10-18 22:02:16 --> Array to string conversion
#0 E:\Projets\marketplace\app\Views\Template-parts\selectedproducts.php(24): CodeIgniter\Debug\Exceptions->errorHandler(8, 'Array to string...', 'E:\\Projets\\mark...', 24, Array)
#1 E:\Projets\marketplace\system\View\View.php(246): include('E:\\Projets\\mark...')
#2 E:\Projets\marketplace\system\Common.php(1087): CodeIgniter\View\View->render('Template-parts/...', Array, true)
#3 E:\Projets\marketplace\app\Controllers\Assets.php(22): view('Template-parts/...')
#4 E:\Projets\marketplace\app\Views\Template-parts\littlehorizontalcard.php(24): App\Controllers\Assets::selectedproducts()
#5 E:\Projets\marketplace\system\View\View.php(246): include('E:\\Projets\\mark...')
#6 E:\Projets\marketplace\system\Common.php(1087): CodeIgniter\View\View->render('/Template-parts...', Array, true)
#7 E:\Projets\marketplace\app\Controllers\Assets.php(10): view('/Template-parts...')
#8 E:\Projets\marketplace\app\Controllers\Accueil.php(21): App\Controllers\Assets->littlehorizontalcard()
#9 E:\Projets\marketplace\system\CodeIgniter.php(914): App\Controllers\Accueil->accueil()
#10 E:\Projets\marketplace\system\CodeIgniter.php(400): CodeIgniter\CodeIgniter->runController(Object(App\Controllers\Accueil))
#11 E:\Projets\marketplace\system\CodeIgniter.php(308): CodeIgniter\CodeIgniter->handleRequest(NULL, Object(Config\Cache), false)
#12 E:\Projets\marketplace\public\index.php(45): CodeIgniter\CodeIgniter->run()
#13 E:\Projets\marketplace\system\Commands\Server\rewrite.php(34): require_once('E:\\Projets\\mark...')
#14 {main}
CRITICAL - 2022-10-18 22:03:18 --> Array to string conversion
#0 E:\Projets\marketplace\app\Views\Template-parts\selectedproducts.php(25): CodeIgniter\Debug\Exceptions->errorHandler(8, 'Array to string...', 'E:\\Projets\\mark...', 25, Array)
#1 E:\Projets\marketplace\system\View\View.php(246): include('E:\\Projets\\mark...')
#2 E:\Projets\marketplace\system\Common.php(1087): CodeIgniter\View\View->render('Template-parts/...', Array, true)
#3 E:\Projets\marketplace\app\Controllers\Assets.php(22): view('Template-parts/...')
#4 E:\Projets\marketplace\app\Views\Template-parts\littlehorizontalcard.php(24): App\Controllers\Assets::selectedproducts()
#5 E:\Projets\marketplace\system\View\View.php(246): include('E:\\Projets\\mark...')
#6 E:\Projets\marketplace\system\Common.php(1087): CodeIgniter\View\View->render('/Template-parts...', Array, true)
#7 E:\Projets\marketplace\app\Controllers\Assets.php(10): view('/Template-parts...')
#8 E:\Projets\marketplace\app\Controllers\Accueil.php(21): App\Controllers\Assets->littlehorizontalcard()
#9 E:\Projets\marketplace\system\CodeIgniter.php(914): App\Controllers\Accueil->accueil()
#10 E:\Projets\marketplace\system\CodeIgniter.php(400): CodeIgniter\CodeIgniter->runController(Object(App\Controllers\Accueil))
#11 E:\Projets\marketplace\system\CodeIgniter.php(308): CodeIgniter\CodeIgniter->handleRequest(NULL, Object(Config\Cache), false)
#12 E:\Projets\marketplace\public\index.php(45): CodeIgniter\CodeIgniter->run()
#13 E:\Projets\marketplace\system\Commands\Server\rewrite.php(34): require_once('E:\\Projets\\mark...')
#14 {main}
CRITICAL - 2022-10-18 22:04:02 --> Array to string conversion
#0 E:\Projets\marketplace\app\Views\Template-parts\selectedproducts.php(25): CodeIgniter\Debug\Exceptions->errorHandler(8, 'Array to string...', 'E:\\Projets\\mark...', 25, Array)
#1 E:\Projets\marketplace\system\View\View.php(246): include('E:\\Projets\\mark...')
#2 E:\Projets\marketplace\system\Common.php(1087): CodeIgniter\View\View->render('Template-parts/...', Array, true)
#3 E:\Projets\marketplace\app\Controllers\Assets.php(22): view('Template-parts/...')
#4 E:\Projets\marketplace\app\Views\Template-parts\littlehorizontalcard.php(24): App\Controllers\Assets::selectedproducts()
#5 E:\Projets\marketplace\system\View\View.php(246): include('E:\\Projets\\mark...')
#6 E:\Projets\marketplace\system\Common.php(1087): CodeIgniter\View\View->render('/Template-parts...', Array, true)
#7 E:\Projets\marketplace\app\Controllers\Assets.php(10): view('/Template-parts...')
#8 E:\Projets\marketplace\app\Controllers\Accueil.php(21): App\Controllers\Assets->littlehorizontalcard()
#9 E:\Projets\marketplace\system\CodeIgniter.php(914): App\Controllers\Accueil->accueil()
#10 E:\Projets\marketplace\system\CodeIgniter.php(400): CodeIgniter\CodeIgniter->runController(Object(App\Controllers\Accueil))
#11 E:\Projets\marketplace\system\CodeIgniter.php(308): CodeIgniter\CodeIgniter->handleRequest(NULL, Object(Config\Cache), false)
#12 E:\Projets\marketplace\public\index.php(45): CodeIgniter\CodeIgniter->run()
#13 E:\Projets\marketplace\system\Commands\Server\rewrite.php(34): require_once('E:\\Projets\\mark...')
#14 {main}
CRITICAL - 2022-10-18 22:05:03 --> Call to undefined method CodeIgniter\Pager\PagerRenderer::simpleLinks()
#0 E:\Projets\marketplace\system\View\View.php(246): include()
#1 E:\Projets\marketplace\system\Common.php(1087): CodeIgniter\View\View->render('Template-parts/...', Array, true)
#2 E:\Projets\marketplace\app\Controllers\Assets.php(22): view('Template-parts/...')
#3 E:\Projets\marketplace\app\Views\Template-parts\littlehorizontalcard.php(24): App\Controllers\Assets::selectedproducts()
#4 E:\Projets\marketplace\system\View\View.php(246): include('E:\\Projets\\mark...')
#5 E:\Projets\marketplace\system\Common.php(1087): CodeIgniter\View\View->render('/Template-parts...', Array, true)
#6 E:\Projets\marketplace\app\Controllers\Assets.php(10): view('/Template-parts...')
#7 E:\Projets\marketplace\app\Controllers\Accueil.php(21): App\Controllers\Assets->littlehorizontalcard()
#8 E:\Projets\marketplace\system\CodeIgniter.php(914): App\Controllers\Accueil->accueil()
#9 E:\Projets\marketplace\system\CodeIgniter.php(400): CodeIgniter\CodeIgniter->runController(Object(App\Controllers\Accueil))
#10 E:\Projets\marketplace\system\CodeIgniter.php(308): CodeIgniter\CodeIgniter->handleRequest(NULL, Object(Config\Cache), false)
#11 E:\Projets\marketplace\public\index.php(45): CodeIgniter\CodeIgniter->run()
#12 E:\Projets\marketplace\system\Commands\Server\rewrite.php(34): require_once('E:\\Projets\\mark...')
#13 {main}
CRITICAL - 2022-10-18 22:05:27 --> Array to string conversion
#0 E:\Projets\marketplace\app\Views\Template-parts\selectedproducts.php(25): CodeIgniter\Debug\Exceptions->errorHandler(8, 'Array to string...', 'E:\\Projets\\mark...', 25, Array)
#1 E:\Projets\marketplace\system\View\View.php(246): include('E:\\Projets\\mark...')
#2 E:\Projets\marketplace\system\Common.php(1087): CodeIgniter\View\View->render('Template-parts/...', Array, true)
#3 E:\Projets\marketplace\app\Controllers\Assets.php(22): view('Template-parts/...')
#4 E:\Projets\marketplace\app\Views\Template-parts\littlehorizontalcard.php(24): App\Controllers\Assets::selectedproducts()
#5 E:\Projets\marketplace\system\View\View.php(246): include('E:\\Projets\\mark...')
#6 E:\Projets\marketplace\system\Common.php(1087): CodeIgniter\View\View->render('/Template-parts...', Array, true)
#7 E:\Projets\marketplace\app\Controllers\Assets.php(10): view('/Template-parts...')
#8 E:\Projets\marketplace\app\Controllers\Accueil.php(21): App\Controllers\Assets->littlehorizontalcard()
#9 E:\Projets\marketplace\system\CodeIgniter.php(914): App\Controllers\Accueil->accueil()
#10 E:\Projets\marketplace\system\CodeIgniter.php(400): CodeIgniter\CodeIgniter->runController(Object(App\Controllers\Accueil))
#11 E:\Projets\marketplace\system\CodeIgniter.php(308): CodeIgniter\CodeIgniter->handleRequest(NULL, Object(Config\Cache), false)
#12 E:\Projets\marketplace\public\index.php(45): CodeIgniter\CodeIgniter->run()
#13 E:\Projets\marketplace\system\Commands\Server\rewrite.php(34): require_once('E:\\Projets\\mark...')
#14 {main}
CRITICAL - 2022-10-18 22:10:04 --> syntax error, unexpected '?>'
#0 E:\Projets\marketplace\system\Common.php(1087): CodeIgniter\View\View->render('Template-parts/...', Array, true)
#1 E:\Projets\marketplace\app\Controllers\Produit.php(65): view('Template-parts/...', Array)
#2 E:\Projets\marketplace\app\Controllers\Accueil.php(17): App\Controllers\Produit::getSelectedProduct02(NULL, 100, 'selection')
#3 E:\Projets\marketplace\system\CodeIgniter.php(914): App\Controllers\Accueil->accueil()
#4 E:\Projets\marketplace\system\CodeIgniter.php(400): CodeIgniter\CodeIgniter->runController(Object(App\Controllers\Accueil))
#5 E:\Projets\marketplace\system\CodeIgniter.php(308): CodeIgniter\CodeIgniter->handleRequest(NULL, Object(Config\Cache), false)
#6 E:\Projets\marketplace\public\index.php(45): CodeIgniter\CodeIgniter->run()
#7 E:\Projets\marketplace\system\Commands\Server\rewrite.php(34): require_once('E:\\Projets\\mark...')
#8 {main}
CRITICAL - 2022-10-18 22:10:21 --> Undefined property: CodeIgniter\View\View::$pagination
#0 E:\Projets\marketplace\app\Views\Template-parts\selectedproducts.php(25): CodeIgniter\Debug\Exceptions->errorHandler(8, 'Undefined prope...', 'E:\\Projets\\mark...', 25, Array)
#1 E:\Projets\marketplace\system\View\View.php(246): include('E:\\Projets\\mark...')
#2 E:\Projets\marketplace\system\Common.php(1087): CodeIgniter\View\View->render('Template-parts/...', Array, true)
#3 E:\Projets\marketplace\app\Controllers\Produit.php(65): view('Template-parts/...', Array)
#4 E:\Projets\marketplace\app\Controllers\Accueil.php(17): App\Controllers\Produit::getSelectedProduct02(NULL, 100, 'selection')
#5 E:\Projets\marketplace\system\CodeIgniter.php(914): App\Controllers\Accueil->accueil()
#6 E:\Projets\marketplace\system\CodeIgniter.php(400): CodeIgniter\CodeIgniter->runController(Object(App\Controllers\Accueil))
#7 E:\Projets\marketplace\system\CodeIgniter.php(308): CodeIgniter\CodeIgniter->handleRequest(NULL, Object(Config\Cache), false)
#8 E:\Projets\marketplace\public\index.php(45): CodeIgniter\CodeIgniter->run()
#9 E:\Projets\marketplace\system\Commands\Server\rewrite.php(34): require_once('E:\\Projets\\mark...')
#10 {main}
CRITICAL - 2022-10-18 22:10:42 --> Undefined property: CodeIgniter\View\View::$pagination
#0 E:\Projets\marketplace\app\Views\Template-parts\selectedproducts.php(25): CodeIgniter\Debug\Exceptions->errorHandler(8, 'Undefined prope...', 'E:\\Projets\\mark...', 25, Array)
#1 E:\Projets\marketplace\system\View\View.php(246): include('E:\\Projets\\mark...')
#2 E:\Projets\marketplace\system\Common.php(1087): CodeIgniter\View\View->render('Template-parts/...', Array, true)
#3 E:\Projets\marketplace\app\Controllers\Produit.php(65): view('Template-parts/...', Array)
#4 E:\Projets\marketplace\app\Controllers\Accueil.php(17): App\Controllers\Produit::getSelectedProduct02(NULL, 100, 'selection')
#5 E:\Projets\marketplace\system\CodeIgniter.php(914): App\Controllers\Accueil->accueil()
#6 E:\Projets\marketplace\system\CodeIgniter.php(400): CodeIgniter\CodeIgniter->runController(Object(App\Controllers\Accueil))
#7 E:\Projets\marketplace\system\CodeIgniter.php(308): CodeIgniter\CodeIgniter->handleRequest(NULL, Object(Config\Cache), false)
#8 E:\Projets\marketplace\public\index.php(45): CodeIgniter\CodeIgniter->run()
#9 E:\Projets\marketplace\system\Commands\Server\rewrite.php(34): require_once('E:\\Projets\\mark...')
#10 {main}
CRITICAL - 2022-10-18 22:10:51 --> Undefined property: CodeIgniter\View\View::$pagination
#0 E:\Projets\marketplace\app\Views\Template-parts\selectedproducts.php(25): CodeIgniter\Debug\Exceptions->errorHandler(8, 'Undefined prope...', 'E:\\Projets\\mark...', 25, Array)
#1 E:\Projets\marketplace\system\View\View.php(246): include('E:\\Projets\\mark...')
#2 E:\Projets\marketplace\system\Common.php(1087): CodeIgniter\View\View->render('Template-parts/...', Array, true)
#3 E:\Projets\marketplace\app\Controllers\Produit.php(65): view('Template-parts/...', Array)
#4 E:\Projets\marketplace\app\Controllers\Accueil.php(17): App\Controllers\Produit::getSelectedProduct02(NULL, 100, 'selection')
#5 E:\Projets\marketplace\system\CodeIgniter.php(914): App\Controllers\Accueil->accueil()
#6 E:\Projets\marketplace\system\CodeIgniter.php(400): CodeIgniter\CodeIgniter->runController(Object(App\Controllers\Accueil))
#7 E:\Projets\marketplace\system\CodeIgniter.php(308): CodeIgniter\CodeIgniter->handleRequest(NULL, Object(Config\Cache), false)
#8 E:\Projets\marketplace\public\index.php(45): CodeIgniter\CodeIgniter->run()
#9 E:\Projets\marketplace\system\Commands\Server\rewrite.php(34): require_once('E:\\Projets\\mark...')
#10 {main}
CRITICAL - 2022-10-18 22:10:52 --> Undefined property: CodeIgniter\View\View::$pagination
#0 E:\Projets\marketplace\app\Views\Template-parts\selectedproducts.php(25): CodeIgniter\Debug\Exceptions->errorHandler(8, 'Undefined prope...', 'E:\\Projets\\mark...', 25, Array)
#1 E:\Projets\marketplace\system\View\View.php(246): include('E:\\Projets\\mark...')
#2 E:\Projets\marketplace\system\Common.php(1087): CodeIgniter\View\View->render('Template-parts/...', Array, true)
#3 E:\Projets\marketplace\app\Controllers\Produit.php(65): view('Template-parts/...', Array)
#4 E:\Projets\marketplace\app\Controllers\Accueil.php(17): App\Controllers\Produit::getSelectedProduct02(NULL, 100, 'selection')
#5 E:\Projets\marketplace\system\CodeIgniter.php(914): App\Controllers\Accueil->accueil()
#6 E:\Projets\marketplace\system\CodeIgniter.php(400): CodeIgniter\CodeIgniter->runController(Object(App\Controllers\Accueil))
#7 E:\Projets\marketplace\system\CodeIgniter.php(308): CodeIgniter\CodeIgniter->handleRequest(NULL, Object(Config\Cache), false)
#8 E:\Projets\marketplace\public\index.php(45): CodeIgniter\CodeIgniter->run()
#9 E:\Projets\marketplace\system\Commands\Server\rewrite.php(34): require_once('E:\\Projets\\mark...')
#10 {main}
CRITICAL - 2022-10-18 22:10:54 --> Undefined property: CodeIgniter\View\View::$pagination
#0 E:\Projets\marketplace\app\Views\Template-parts\selectedproducts.php(25): CodeIgniter\Debug\Exceptions->errorHandler(8, 'Undefined prope...', 'E:\\Projets\\mark...', 25, Array)
#1 E:\Projets\marketplace\system\View\View.php(246): include('E:\\Projets\\mark...')
#2 E:\Projets\marketplace\system\Common.php(1087): CodeIgniter\View\View->render('Template-parts/...', Array, true)
#3 E:\Projets\marketplace\app\Controllers\Produit.php(65): view('Template-parts/...', Array)
#4 E:\Projets\marketplace\app\Controllers\Accueil.php(17): App\Controllers\Produit::getSelectedProduct02(NULL, 100, 'selection')
#5 E:\Projets\marketplace\system\CodeIgniter.php(914): App\Controllers\Accueil->accueil()
#6 E:\Projets\marketplace\system\CodeIgniter.php(400): CodeIgniter\CodeIgniter->runController(Object(App\Controllers\Accueil))
#7 E:\Projets\marketplace\system\CodeIgniter.php(308): CodeIgniter\CodeIgniter->handleRequest(NULL, Object(Config\Cache), false)
#8 E:\Projets\marketplace\public\index.php(45): CodeIgniter\CodeIgniter->run()
#9 E:\Projets\marketplace\system\Commands\Server\rewrite.php(34): require_once('E:\\Projets\\mark...')
#10 {main}
CRITICAL - 2022-10-18 22:10:57 --> Undefined property: CodeIgniter\View\View::$pagination
#0 E:\Projets\marketplace\app\Views\Template-parts\selectedproducts.php(25): CodeIgniter\Debug\Exceptions->errorHandler(8, 'Undefined prope...', 'E:\\Projets\\mark...', 25, Array)
#1 E:\Projets\marketplace\system\View\View.php(246): include('E:\\Projets\\mark...')
#2 E:\Projets\marketplace\system\Common.php(1087): CodeIgniter\View\View->render('Template-parts/...', Array, true)
#3 E:\Projets\marketplace\app\Controllers\Produit.php(65): view('Template-parts/...', Array)
#4 E:\Projets\marketplace\app\Controllers\Accueil.php(17): App\Controllers\Produit::getSelectedProduct02(NULL, 100, 'selection')
#5 E:\Projets\marketplace\system\CodeIgniter.php(914): App\Controllers\Accueil->accueil()
#6 E:\Projets\marketplace\system\CodeIgniter.php(400): CodeIgniter\CodeIgniter->runController(Object(App\Controllers\Accueil))
#7 E:\Projets\marketplace\system\CodeIgniter.php(308): CodeIgniter\CodeIgniter->handleRequest(NULL, Object(Config\Cache), false)
#8 E:\Projets\marketplace\public\index.php(45): CodeIgniter\CodeIgniter->run()
#9 E:\Projets\marketplace\system\Commands\Server\rewrite.php(34): require_once('E:\\Projets\\mark...')
#10 {main}
CRITICAL - 2022-10-18 22:10:59 --> Undefined property: CodeIgniter\View\View::$pagination
#0 E:\Projets\marketplace\app\Views\Template-parts\selectedproducts.php(25): CodeIgniter\Debug\Exceptions->errorHandler(8, 'Undefined prope...', 'E:\\Projets\\mark...', 25, Array)
#1 E:\Projets\marketplace\system\View\View.php(246): include('E:\\Projets\\mark...')
#2 E:\Projets\marketplace\system\Common.php(1087): CodeIgniter\View\View->render('Template-parts/...', Array, true)
#3 E:\Projets\marketplace\app\Controllers\Produit.php(65): view('Template-parts/...', Array)
#4 E:\Projets\marketplace\app\Controllers\Accueil.php(17): App\Controllers\Produit::getSelectedProduct02(NULL, 100, 'selection')
#5 E:\Projets\marketplace\system\CodeIgniter.php(914): App\Controllers\Accueil->accueil()
#6 E:\Projets\marketplace\system\CodeIgniter.php(400): CodeIgniter\CodeIgniter->runController(Object(App\Controllers\Accueil))
#7 E:\Projets\marketplace\system\CodeIgniter.php(308): CodeIgniter\CodeIgniter->handleRequest(NULL, Object(Config\Cache), false)
#8 E:\Projets\marketplace\public\index.php(45): CodeIgniter\CodeIgniter->run()
#9 E:\Projets\marketplace\system\Commands\Server\rewrite.php(34): require_once('E:\\Projets\\mark...')
#10 {main}
CRITICAL - 2022-10-18 22:11:23 --> Undefined property: CodeIgniter\View\View::$pagination
#0 E:\Projets\marketplace\app\Views\Template-parts\selectedproducts.php(25): CodeIgniter\Debug\Exceptions->errorHandler(8, 'Undefined prope...', 'E:\\Projets\\mark...', 25, Array)
#1 E:\Projets\marketplace\system\View\View.php(246): include('E:\\Projets\\mark...')
#2 E:\Projets\marketplace\system\Common.php(1087): CodeIgniter\View\View->render('Template-parts/...', Array, true)
#3 E:\Projets\marketplace\app\Controllers\Produit.php(65): view('Template-parts/...', Array)
#4 E:\Projets\marketplace\app\Controllers\Accueil.php(17): App\Controllers\Produit::getSelectedProduct02(NULL, 100, 'selection')
#5 E:\Projets\marketplace\system\CodeIgniter.php(914): App\Controllers\Accueil->accueil()
#6 E:\Projets\marketplace\system\CodeIgniter.php(400): CodeIgniter\CodeIgniter->runController(Object(App\Controllers\Accueil))
#7 E:\Projets\marketplace\system\CodeIgniter.php(308): CodeIgniter\CodeIgniter->handleRequest(NULL, Object(Config\Cache), false)
#8 E:\Projets\marketplace\public\index.php(45): CodeIgniter\CodeIgniter->run()
#9 E:\Projets\marketplace\system\Commands\Server\rewrite.php(34): require_once('E:\\Projets\\mark...')
#10 {main}
CRITICAL - 2022-10-18 22:19:44 --> Array to string conversion
#0 E:\Projets\marketplace\app\Views\Template-parts\selectedproducts.php(25): CodeIgniter\Debug\Exceptions->errorHandler(8, 'Array to string...', 'E:\\Projets\\mark...', 25, Array)
#1 E:\Projets\marketplace\system\View\View.php(246): include('E:\\Projets\\mark...')
#2 E:\Projets\marketplace\system\Common.php(1087): CodeIgniter\View\View->render('Template-parts/...', Array, true)
#3 E:\Projets\marketplace\app\Controllers\Assets.php(22): view('Template-parts/...')
#4 E:\Projets\marketplace\app\Views\Template-parts\littlehorizontalcard.php(24): App\Controllers\Assets::selectedproducts()
#5 E:\Projets\marketplace\system\View\View.php(246): include('E:\\Projets\\mark...')
#6 E:\Projets\marketplace\system\Common.php(1087): CodeIgniter\View\View->render('/Template-parts...', Array, true)
#7 E:\Projets\marketplace\app\Controllers\Assets.php(10): view('/Template-parts...')
#8 E:\Projets\marketplace\app\Controllers\Accueil.php(21): App\Controllers\Assets->littlehorizontalcard()
#9 E:\Projets\marketplace\system\CodeIgniter.php(914): App\Controllers\Accueil->accueil()
#10 E:\Projets\marketplace\system\CodeIgniter.php(400): CodeIgniter\CodeIgniter->runController(Object(App\Controllers\Accueil))
#11 E:\Projets\marketplace\system\CodeIgniter.php(308): CodeIgniter\CodeIgniter->handleRequest(NULL, Object(Config\Cache), false)
#12 E:\Projets\marketplace\public\index.php(45): CodeIgniter\CodeIgniter->run()
#13 E:\Projets\marketplace\system\Commands\Server\rewrite.php(34): require_once('E:\\Projets\\mark...')
#14 {main}
CRITICAL - 2022-10-18 22:20:12 --> syntax error, unexpected '?>'
#0 E:\Projets\marketplace\system\Common.php(1087): CodeIgniter\View\View->render('Template-parts/...', Array, true)
#1 E:\Projets\marketplace\app\Controllers\Produit.php(65): view('Template-parts/...', Array)
#2 E:\Projets\marketplace\app\Controllers\Accueil.php(17): App\Controllers\Produit::getSelectedProduct02(NULL, 100, 'selection')
#3 E:\Projets\marketplace\system\CodeIgniter.php(914): App\Controllers\Accueil->accueil()
#4 E:\Projets\marketplace\system\CodeIgniter.php(400): CodeIgniter\CodeIgniter->runController(Object(App\Controllers\Accueil))
#5 E:\Projets\marketplace\system\CodeIgniter.php(308): CodeIgniter\CodeIgniter->handleRequest(NULL, Object(Config\Cache), false)
#6 E:\Projets\marketplace\public\index.php(45): CodeIgniter\CodeIgniter->run()
#7 E:\Projets\marketplace\system\Commands\Server\rewrite.php(34): require_once('E:\\Projets\\mark...')
#8 {main}
CRITICAL - 2022-10-18 22:20:17 --> syntax error, unexpected '?>'
#0 E:\Projets\marketplace\system\Common.php(1087): CodeIgniter\View\View->render('Template-parts/...', Array, true)
#1 E:\Projets\marketplace\app\Controllers\Produit.php(65): view('Template-parts/...', Array)
#2 E:\Projets\marketplace\app\Controllers\Accueil.php(17): App\Controllers\Produit::getSelectedProduct02(NULL, 100, 'selection')
#3 E:\Projets\marketplace\system\CodeIgniter.php(914): App\Controllers\Accueil->accueil()
#4 E:\Projets\marketplace\system\CodeIgniter.php(400): CodeIgniter\CodeIgniter->runController(Object(App\Controllers\Accueil))
#5 E:\Projets\marketplace\system\CodeIgniter.php(308): CodeIgniter\CodeIgniter->handleRequest(NULL, Object(Config\Cache), false)
#6 E:\Projets\marketplace\public\index.php(45): CodeIgniter\CodeIgniter->run()
#7 E:\Projets\marketplace\system\Commands\Server\rewrite.php(34): require_once('E:\\Projets\\mark...')
#8 {main}
CRITICAL - 2022-10-18 22:22:01 --> Array to string conversion
#0 E:\Projets\marketplace\app\Views\Template-parts\selectedproducts.php(24): CodeIgniter\Debug\Exceptions->errorHandler(8, 'Array to string...', 'E:\\Projets\\mark...', 24, Array)
#1 E:\Projets\marketplace\system\View\View.php(246): include('E:\\Projets\\mark...')
#2 E:\Projets\marketplace\system\Common.php(1087): CodeIgniter\View\View->render('Template-parts/...', Array, true)
#3 E:\Projets\marketplace\app\Controllers\Assets.php(22): view('Template-parts/...')
#4 E:\Projets\marketplace\app\Views\Template-parts\littlehorizontalcard.php(24): App\Controllers\Assets::selectedproducts()
#5 E:\Projets\marketplace\system\View\View.php(246): include('E:\\Projets\\mark...')
#6 E:\Projets\marketplace\system\Common.php(1087): CodeIgniter\View\View->render('/Template-parts...', Array, true)
#7 E:\Projets\marketplace\app\Controllers\Assets.php(10): view('/Template-parts...')
#8 E:\Projets\marketplace\app\Controllers\Accueil.php(21): App\Controllers\Assets->littlehorizontalcard()
#9 E:\Projets\marketplace\system\CodeIgniter.php(914): App\Controllers\Accueil->accueil()
#10 E:\Projets\marketplace\system\CodeIgniter.php(400): CodeIgniter\CodeIgniter->runController(Object(App\Controllers\Accueil))
#11 E:\Projets\marketplace\system\CodeIgniter.php(308): CodeIgniter\CodeIgniter->handleRequest(NULL, Object(Config\Cache), false)
#12 E:\Projets\marketplace\public\index.php(45): CodeIgniter\CodeIgniter->run()
#13 E:\Projets\marketplace\system\Commands\Server\rewrite.php(34): require_once('E:\\Projets\\mark...')
#14 {main}
CRITICAL - 2022-10-18 22:22:22 --> Array to string conversion
#0 E:\Projets\marketplace\app\Views\Template-parts\selectedproducts.php(24): CodeIgniter\Debug\Exceptions->errorHandler(8, 'Array to string...', 'E:\\Projets\\mark...', 24, Array)
#1 E:\Projets\marketplace\system\View\View.php(246): include('E:\\Projets\\mark...')
#2 E:\Projets\marketplace\system\Common.php(1087): CodeIgniter\View\View->render('Template-parts/...', Array, true)
#3 E:\Projets\marketplace\app\Controllers\Assets.php(22): view('Template-parts/...')
#4 E:\Projets\marketplace\app\Views\Template-parts\littlehorizontalcard.php(24): App\Controllers\Assets::selectedproducts()
#5 E:\Projets\marketplace\system\View\View.php(246): include('E:\\Projets\\mark...')
#6 E:\Projets\marketplace\system\Common.php(1087): CodeIgniter\View\View->render('/Template-parts...', Array, true)
#7 E:\Projets\marketplace\app\Controllers\Assets.php(10): view('/Template-parts...')
#8 E:\Projets\marketplace\app\Controllers\Accueil.php(21): App\Controllers\Assets->littlehorizontalcard()
#9 E:\Projets\marketplace\system\CodeIgniter.php(914): App\Controllers\Accueil->accueil()
#10 E:\Projets\marketplace\system\CodeIgniter.php(400): CodeIgniter\CodeIgniter->runController(Object(App\Controllers\Accueil))
#11 E:\Projets\marketplace\system\CodeIgniter.php(308): CodeIgniter\CodeIgniter->handleRequest(NULL, Object(Config\Cache), false)
#12 E:\Projets\marketplace\public\index.php(45): CodeIgniter\CodeIgniter->run()
#13 E:\Projets\marketplace\system\Commands\Server\rewrite.php(34): require_once('E:\\Projets\\mark...')
#14 {main}
CRITICAL - 2022-10-18 23:00:15 --> Array to string conversion
#0 E:\Projets\marketplace\app\Views\Template-parts\selectedproducts.php(24): CodeIgniter\Debug\Exceptions->errorHandler(8, 'Array to string...', 'E:\\Projets\\mark...', 24, Array)
#1 E:\Projets\marketplace\system\View\View.php(246): include('E:\\Projets\\mark...')
#2 E:\Projets\marketplace\system\Common.php(1087): CodeIgniter\View\View->render('Template-parts/...', Array, true)
#3 E:\Projets\marketplace\app\Controllers\Assets.php(22): view('Template-parts/...')
#4 E:\Projets\marketplace\app\Views\Template-parts\littlehorizontalcard.php(24): App\Controllers\Assets::selectedproducts()
#5 E:\Projets\marketplace\system\View\View.php(246): include('E:\\Projets\\mark...')
#6 E:\Projets\marketplace\system\Common.php(1087): CodeIgniter\View\View->render('/Template-parts...', Array, true)
#7 E:\Projets\marketplace\app\Controllers\Assets.php(10): view('/Template-parts...')
#8 E:\Projets\marketplace\app\Controllers\Accueil.php(21): App\Controllers\Assets->littlehorizontalcard()
#9 E:\Projets\marketplace\system\CodeIgniter.php(914): App\Controllers\Accueil->accueil()
#10 E:\Projets\marketplace\system\CodeIgniter.php(400): CodeIgniter\CodeIgniter->runController(Object(App\Controllers\Accueil))
#11 E:\Projets\marketplace\system\CodeIgniter.php(308): CodeIgniter\CodeIgniter->handleRequest(NULL, Object(Config\Cache), false)
#12 E:\Projets\marketplace\public\index.php(45): CodeIgniter\CodeIgniter->run()
#13 E:\Projets\marketplace\system\Commands\Server\rewrite.php(34): require_once('E:\\Projets\\mark...')
#14 {main}
CRITICAL - 2022-10-18 23:06:42 --> Call to undefined function paginate()
#0 E:\Projets\marketplace\app\Views\Template-parts\allproducts.php(2): App\Controllers\Filtre::getResultat('getSelectedProd...', NULL, 100, 'allproductshome', 'allprod')
#1 E:\Projets\marketplace\system\View\View.php(246): include('E:\\Projets\\mark...')
#2 E:\Projets\marketplace\system\Common.php(1087): CodeIgniter\View\View->render('/Template-parts...', Array, true)
#3 E:\Projets\marketplace\app\Controllers\Assets.php(42): view('/Template-parts...')
#4 E:\Projets\marketplace\app\Controllers\Accueil.php(25): App\Controllers\Assets->allproducts()
#5 E:\Projets\marketplace\system\CodeIgniter.php(914): App\Controllers\Accueil->accueil()
#6 E:\Projets\marketplace\system\CodeIgniter.php(400): CodeIgniter\CodeIgniter->runController(Object(App\Controllers\Accueil))
#7 E:\Projets\marketplace\system\CodeIgniter.php(308): CodeIgniter\CodeIgniter->handleRequest(NULL, Object(Config\Cache), false)
#8 E:\Projets\marketplace\public\index.php(45): CodeIgniter\CodeIgniter->run()
#9 E:\Projets\marketplace\system\Commands\Server\rewrite.php(34): require_once('E:\\Projets\\mark...')
#10 {main}
CRITICAL - 2022-10-18 23:07:08 --> Call to undefined function paginate()
#0 E:\Projets\marketplace\app\Views\Template-parts\allproducts.php(2): App\Controllers\Filtre::getResultat('getSelectedProd...', NULL, 100, 'allproductshome', 'allprod')
#1 E:\Projets\marketplace\system\View\View.php(246): include('E:\\Projets\\mark...')
#2 E:\Projets\marketplace\system\Common.php(1087): CodeIgniter\View\View->render('/Template-parts...', Array, true)
#3 E:\Projets\marketplace\app\Controllers\Assets.php(42): view('/Template-parts...')
#4 E:\Projets\marketplace\app\Controllers\Accueil.php(25): App\Controllers\Assets->allproducts()
#5 E:\Projets\marketplace\system\CodeIgniter.php(914): App\Controllers\Accueil->accueil()
#6 E:\Projets\marketplace\system\CodeIgniter.php(400): CodeIgniter\CodeIgniter->runController(Object(App\Controllers\Accueil))
#7 E:\Projets\marketplace\system\CodeIgniter.php(308): CodeIgniter\CodeIgniter->handleRequest(NULL, Object(Config\Cache), false)
#8 E:\Projets\marketplace\public\index.php(45): CodeIgniter\CodeIgniter->run()
#9 E:\Projets\marketplace\system\Commands\Server\rewrite.php(34): require_once('E:\\Projets\\mark...')
#10 {main}
CRITICAL - 2022-10-18 23:07:10 --> Call to undefined function paginate()
#0 E:\Projets\marketplace\app\Views\Template-parts\allproducts.php(2): App\Controllers\Filtre::getResultat('getSelectedProd...', NULL, 100, 'allproductshome', 'allprod')
#1 E:\Projets\marketplace\system\View\View.php(246): include('E:\\Projets\\mark...')
#2 E:\Projets\marketplace\system\Common.php(1087): CodeIgniter\View\View->render('/Template-parts...', Array, true)
#3 E:\Projets\marketplace\app\Controllers\Assets.php(42): view('/Template-parts...')
#4 E:\Projets\marketplace\app\Controllers\Accueil.php(25): App\Controllers\Assets->allproducts()
#5 E:\Projets\marketplace\system\CodeIgniter.php(914): App\Controllers\Accueil->accueil()
#6 E:\Projets\marketplace\system\CodeIgniter.php(400): CodeIgniter\CodeIgniter->runController(Object(App\Controllers\Accueil))
#7 E:\Projets\marketplace\system\CodeIgniter.php(308): CodeIgniter\CodeIgniter->handleRequest(NULL, Object(Config\Cache), false)
#8 E:\Projets\marketplace\public\index.php(45): CodeIgniter\CodeIgniter->run()
#9 E:\Projets\marketplace\system\Commands\Server\rewrite.php(34): require_once('E:\\Projets\\mark...')
#10 {main}
CRITICAL - 2022-10-18 23:11:45 --> count(): Parameter must be an array or an object that implements Countable
#0 E:\Projets\marketplace\app\Views\Template-parts\carouselproducts.php(4): CodeIgniter\Debug\Exceptions->errorHandler(2, 'count(): Parame...', 'E:\\Projets\\mark...', 4, Array)
#1 E:\Projets\marketplace\system\View\View.php(246): include('E:\\Projets\\mark...')
#2 E:\Projets\marketplace\system\Common.php(1087): CodeIgniter\View\View->render('Template-parts/...', Array, true)
#3 E:\Projets\marketplace\app\Controllers\Assets.php(18): view('Template-parts/...', Array)
#4 E:\Projets\marketplace\app\Views\Template-parts\carouselcommand.php(4): App\Controllers\Assets::carouselproducts(Array)
#5 E:\Projets\marketplace\system\View\View.php(246): include('E:\\Projets\\mark...')
#6 E:\Projets\marketplace\system\Common.php(1087): CodeIgniter\View\View->render('Template-parts/...', Array, true)
#7 E:\Projets\marketplace\app\Controllers\Assets.php(14): view('Template-parts/...')
#8 E:\Projets\marketplace\app\Views\Template-parts\littlehorizontalcard.php(11): App\Controllers\Assets::carouselcommand()
#9 E:\Projets\marketplace\system\View\View.php(246): include('E:\\Projets\\mark...')
#10 E:\Projets\marketplace\system\Common.php(1087): CodeIgniter\View\View->render('/Template-parts...', Array, true)
#11 E:\Projets\marketplace\app\Controllers\Assets.php(10): view('/Template-parts...')
#12 E:\Projets\marketplace\app\Controllers\Accueil.php(20): App\Controllers\Assets->littlehorizontalcard()
#13 E:\Projets\marketplace\system\CodeIgniter.php(914): App\Controllers\Accueil->accueil()
#14 E:\Projets\marketplace\system\CodeIgniter.php(400): CodeIgniter\CodeIgniter->runController(Object(App\Controllers\Accueil))
#15 E:\Projets\marketplace\system\CodeIgniter.php(308): CodeIgniter\CodeIgniter->handleRequest(NULL, Object(Config\Cache), false)
#16 E:\Projets\marketplace\public\index.php(45): CodeIgniter\CodeIgniter->run()
#17 E:\Projets\marketplace\system\Commands\Server\rewrite.php(34): require_once('E:\\Projets\\mark...')
#18 {main}
CRITICAL - 2022-10-18 23:12:29 --> count(): Parameter must be an array or an object that implements Countable
#0 E:\Projets\marketplace\app\Views\Template-parts\carouselproducts.php(4): CodeIgniter\Debug\Exceptions->errorHandler(2, 'count(): Parame...', 'E:\\Projets\\mark...', 4, Array)
#1 E:\Projets\marketplace\system\View\View.php(246): include('E:\\Projets\\mark...')
#2 E:\Projets\marketplace\system\Common.php(1087): CodeIgniter\View\View->render('Template-parts/...', Array, true)
#3 E:\Projets\marketplace\app\Controllers\Assets.php(18): view('Template-parts/...', Array)
#4 E:\Projets\marketplace\app\Views\Template-parts\carouselcommand.php(4): App\Controllers\Assets::carouselproducts(Array)
#5 E:\Projets\marketplace\system\View\View.php(246): include('E:\\Projets\\mark...')
#6 E:\Projets\marketplace\system\Common.php(1087): CodeIgniter\View\View->render('Template-parts/...', Array, true)
#7 E:\Projets\marketplace\app\Controllers\Assets.php(14): view('Template-parts/...')
#8 E:\Projets\marketplace\app\Views\Template-parts\littlehorizontalcard.php(11): App\Controllers\Assets::carouselcommand()
#9 E:\Projets\marketplace\system\View\View.php(246): include('E:\\Projets\\mark...')
#10 E:\Projets\marketplace\system\Common.php(1087): CodeIgniter\View\View->render('/Template-parts...', Array, true)
#11 E:\Projets\marketplace\app\Controllers\Assets.php(10): view('/Template-parts...')
#12 E:\Projets\marketplace\app\Controllers\Accueil.php(20): App\Controllers\Assets->littlehorizontalcard()
#13 E:\Projets\marketplace\system\CodeIgniter.php(914): App\Controllers\Accueil->accueil()
#14 E:\Projets\marketplace\system\CodeIgniter.php(400): CodeIgniter\CodeIgniter->runController(Object(App\Controllers\Accueil))
#15 E:\Projets\marketplace\system\CodeIgniter.php(308): CodeIgniter\CodeIgniter->handleRequest(NULL, Object(Config\Cache), false)
#16 E:\Projets\marketplace\public\index.php(45): CodeIgniter\CodeIgniter->run()
#17 E:\Projets\marketplace\system\Commands\Server\rewrite.php(34): require_once('E:\\Projets\\mark...')
#18 {main}
CRITICAL - 2022-10-18 23:13:04 --> Call to a member function links() on null
#0 E:\Projets\marketplace\system\View\View.php(246): include()
#1 E:\Projets\marketplace\system\Common.php(1087): CodeIgniter\View\View->render('Template-parts/...', Array, true)
#2 E:\Projets\marketplace\app\Controllers\Filtre.php(73): view('Template-parts/...', Array)
#3 E:\Projets\marketplace\system\CodeIgniter.php(914): App\Controllers\Filtre::getResultat('getSelectedProd...', '2', '6', 'selectedproduct...', 'selection')
#4 E:\Projets\marketplace\system\CodeIgniter.php(400): CodeIgniter\CodeIgniter->runController(Object(App\Controllers\Filtre))
#5 E:\Projets\marketplace\system\CodeIgniter.php(308): CodeIgniter\CodeIgniter->handleRequest(NULL, Object(Config\Cache), false)
#6 E:\Projets\marketplace\public\index.php(45): CodeIgniter\CodeIgniter->run()
#7 E:\Projets\marketplace\system\Commands\Server\rewrite.php(34): require_once('E:\\Projets\\mark...')
#8 {main}
CRITICAL - 2022-10-18 23:14:47 --> Call to a member function links() on null
#0 E:\Projets\marketplace\system\View\View.php(246): include()
#1 E:\Projets\marketplace\system\Common.php(1087): CodeIgniter\View\View->render('Template-parts/...', Array, true)
#2 E:\Projets\marketplace\app\Controllers\Filtre.php(73): view('Template-parts/...', Array)
#3 E:\Projets\marketplace\system\CodeIgniter.php(914): App\Controllers\Filtre::getResultat('getSelectedProd...', '3', '6', 'selectedproduct...', 'selection')
#4 E:\Projets\marketplace\system\CodeIgniter.php(400): CodeIgniter\CodeIgniter->runController(Object(App\Controllers\Filtre))
#5 E:\Projets\marketplace\system\CodeIgniter.php(308): CodeIgniter\CodeIgniter->handleRequest(NULL, Object(Config\Cache), false)
#6 E:\Projets\marketplace\public\index.php(45): CodeIgniter\CodeIgniter->run()
#7 E:\Projets\marketplace\system\Commands\Server\rewrite.php(34): require_once('E:\\Projets\\mark...')
#8 {main}
CRITICAL - 2022-10-18 23:14:49 --> Call to a member function links() on null
#0 E:\Projets\marketplace\system\View\View.php(246): include()
#1 E:\Projets\marketplace\system\Common.php(1087): CodeIgniter\View\View->render('Template-parts/...', Array, true)
#2 E:\Projets\marketplace\app\Controllers\Filtre.php(73): view('Template-parts/...', Array)
#3 E:\Projets\marketplace\system\CodeIgniter.php(914): App\Controllers\Filtre::getResultat('getSelectedProd...', NULL, '6', 'selectedproduct...', 'allprod')
#4 E:\Projets\marketplace\system\CodeIgniter.php(400): CodeIgniter\CodeIgniter->runController(Object(App\Controllers\Filtre))
#5 E:\Projets\marketplace\system\CodeIgniter.php(308): CodeIgniter\CodeIgniter->handleRequest(NULL, Object(Config\Cache), false)
#6 E:\Projets\marketplace\public\index.php(45): CodeIgniter\CodeIgniter->run()
#7 E:\Projets\marketplace\system\Commands\Server\rewrite.php(34): require_once('E:\\Projets\\mark...')
#8 {main}
CRITICAL - 2022-10-18 23:14:52 --> Call to a member function links() on null
#0 E:\Projets\marketplace\system\View\View.php(246): include()
#1 E:\Projets\marketplace\system\Common.php(1087): CodeIgniter\View\View->render('Template-parts/...', Array, true)
#2 E:\Projets\marketplace\app\Controllers\Filtre.php(73): view('Template-parts/...', Array)
#3 E:\Projets\marketplace\system\CodeIgniter.php(914): App\Controllers\Filtre::getResultat('getSelectedProd...', NULL, '6', 'selectedproduct...', 'promo')
#4 E:\Projets\marketplace\system\CodeIgniter.php(400): CodeIgniter\CodeIgniter->runController(Object(App\Controllers\Filtre))
#5 E:\Projets\marketplace\system\CodeIgniter.php(308): CodeIgniter\CodeIgniter->handleRequest(NULL, Object(Config\Cache), false)
#6 E:\Projets\marketplace\public\index.php(45): CodeIgniter\CodeIgniter->run()
#7 E:\Projets\marketplace\system\Commands\Server\rewrite.php(34): require_once('E:\\Projets\\mark...')
#8 {main}
CRITICAL - 2022-10-18 23:14:55 --> Call to a member function links() on null
#0 E:\Projets\marketplace\system\View\View.php(246): include()
#1 E:\Projets\marketplace\system\Common.php(1087): CodeIgniter\View\View->render('Template-parts/...', Array, true)
#2 E:\Projets\marketplace\app\Controllers\Filtre.php(73): view('Template-parts/...', Array)
#3 E:\Projets\marketplace\system\CodeIgniter.php(914): App\Controllers\Filtre::getResultat('getSelectedProd...', NULL, '6', 'selectedproduct...', 'selection')
#4 E:\Projets\marketplace\system\CodeIgniter.php(400): CodeIgniter\CodeIgniter->runController(Object(App\Controllers\Filtre))
#5 E:\Projets\marketplace\system\CodeIgniter.php(308): CodeIgniter\CodeIgniter->handleRequest(NULL, Object(Config\Cache), false)
#6 E:\Projets\marketplace\public\index.php(45): CodeIgniter\CodeIgniter->run()
#7 E:\Projets\marketplace\system\Commands\Server\rewrite.php(34): require_once('E:\\Projets\\mark...')
#8 {main}
CRITICAL - 2022-10-18 23:16:52 --> Array to string conversion
#0 E:\Projets\marketplace\app\Views\Template-parts\littlehorizontalcard.php(28): CodeIgniter\Debug\Exceptions->errorHandler(8, 'Array to string...', 'E:\\Projets\\mark...', 28, Array)
#1 E:\Projets\marketplace\system\View\View.php(246): include('E:\\Projets\\mark...')
#2 E:\Projets\marketplace\system\Common.php(1087): CodeIgniter\View\View->render('/Template-parts...', Array, true)
#3 E:\Projets\marketplace\app\Controllers\Assets.php(10): view('/Template-parts...')
#4 E:\Projets\marketplace\app\Controllers\Accueil.php(21): App\Controllers\Assets->littlehorizontalcard()
#5 E:\Projets\marketplace\system\CodeIgniter.php(914): App\Controllers\Accueil->accueil()
#6 E:\Projets\marketplace\system\CodeIgniter.php(400): CodeIgniter\CodeIgniter->runController(Object(App\Controllers\Accueil))
#7 E:\Projets\marketplace\system\CodeIgniter.php(308): CodeIgniter\CodeIgniter->handleRequest(NULL, Object(Config\Cache), false)
#8 E:\Projets\marketplace\public\index.php(45): CodeIgniter\CodeIgniter->run()
#9 E:\Projets\marketplace\system\Commands\Server\rewrite.php(34): require_once('E:\\Projets\\mark...')
#10 {main}
CRITICAL - 2022-10-18 23:17:24 --> Array to string conversion
#0 E:\Projets\marketplace\app\Views\Template-parts\littlehorizontalcard.php(25): CodeIgniter\Debug\Exceptions->errorHandler(8, 'Array to string...', 'E:\\Projets\\mark...', 25, Array)
#1 E:\Projets\marketplace\system\View\View.php(246): include('E:\\Projets\\mark...')
#2 E:\Projets\marketplace\system\Common.php(1087): CodeIgniter\View\View->render('/Template-parts...', Array, true)
#3 E:\Projets\marketplace\app\Controllers\Assets.php(10): view('/Template-parts...')
#4 E:\Projets\marketplace\app\Controllers\Accueil.php(21): App\Controllers\Assets->littlehorizontalcard()
#5 E:\Projets\marketplace\system\CodeIgniter.php(914): App\Controllers\Accueil->accueil()
#6 E:\Projets\marketplace\system\CodeIgniter.php(400): CodeIgniter\CodeIgniter->runController(Object(App\Controllers\Accueil))
#7 E:\Projets\marketplace\system\CodeIgniter.php(308): CodeIgniter\CodeIgniter->handleRequest(NULL, Object(Config\Cache), false)
#8 E:\Projets\marketplace\public\index.php(45): CodeIgniter\CodeIgniter->run()
#9 E:\Projets\marketplace\system\Commands\Server\rewrite.php(34): require_once('E:\\Projets\\mark...')
#10 {main}
CRITICAL - 2022-10-18 23:17:47 --> Array to string conversion
#0 E:\Projets\marketplace\app\Views\Template-parts\selectedproducts.php(28): CodeIgniter\Debug\Exceptions->errorHandler(8, 'Array to string...', 'E:\\Projets\\mark...', 28, Array)
#1 E:\Projets\marketplace\system\View\View.php(246): include('E:\\Projets\\mark...')
#2 E:\Projets\marketplace\system\Common.php(1087): CodeIgniter\View\View->render('Template-parts/...', Array, true)
#3 E:\Projets\marketplace\app\Controllers\Assets.php(22): view('Template-parts/...')
#4 E:\Projets\marketplace\app\Views\Template-parts\littlehorizontalcard.php(24): App\Controllers\Assets::selectedproducts()
#5 E:\Projets\marketplace\system\View\View.php(246): include('E:\\Projets\\mark...')
#6 E:\Projets\marketplace\system\Common.php(1087): CodeIgniter\View\View->render('/Template-parts...', Array, true)
#7 E:\Projets\marketplace\app\Controllers\Assets.php(10): view('/Template-parts...')
#8 E:\Projets\marketplace\app\Controllers\Accueil.php(21): App\Controllers\Assets->littlehorizontalcard()
#9 E:\Projets\marketplace\system\CodeIgniter.php(914): App\Controllers\Accueil->accueil()
#10 E:\Projets\marketplace\system\CodeIgniter.php(400): CodeIgniter\CodeIgniter->runController(Object(App\Controllers\Accueil))
#11 E:\Projets\marketplace\system\CodeIgniter.php(308): CodeIgniter\CodeIgniter->handleRequest(NULL, Object(Config\Cache), false)
#12 E:\Projets\marketplace\public\index.php(45): CodeIgniter\CodeIgniter->run()
#13 E:\Projets\marketplace\system\Commands\Server\rewrite.php(34): require_once('E:\\Projets\\mark...')
#14 {main}
