CRITICAL - 2022-10-04 01:44:30 --> You have an error in your SQL syntax; check the manual that corresponds to your MariaDB server version for the right syntax to use near '= 1
 LIMIT 10' at line 7
#0 E:\Projets\marketplace\system\Database\MySQLi\Connection.php(331): mysqli->query('SELECT *\nFROM `...')
#1 E:\Projets\marketplace\system\Database\BaseConnection.php(738): CodeIgniter\Database\MySQLi\Connection->execute('SELECT *\nFROM `...')
#2 E:\Projets\marketplace\system\Database\BaseConnection.php(666): CodeIgniter\Database\BaseConnection->simpleQuery('SELECT *\nFROM `...')
#3 E:\Projets\marketplace\system\Database\BaseBuilder.php(1845): CodeIgniter\Database\BaseConnection->query('SELECT *\nFROM `...', Array, false)
#4 E:\Projets\marketplace\system\Model.php(387): CodeIgniter\Database\BaseBuilder->get()
#5 E:\Projets\marketplace\app\Models\Productmodel.php(67): CodeIgniter\Model->find()
#6 E:\Projets\marketplace\app\Controllers\Produit.php(56): App\Models\Productmodel->getSelectedProduct(NULL, 10, NULL)
#7 E:\Projets\marketplace\app\Controllers\Filtre.php(35): App\Controllers\Produit::getSelectedProduct(NULL, 10, NULL)
#8 E:\Projets\marketplace\app\Views\Template-parts\allproducts.php(9): App\Controllers\Filtre::getResultat('getSelectedProd...', NULL, 10, 'allproductshome', NULL)
#9 E:\Projets\marketplace\system\View\View.php(246): include('E:\\Projets\\mark...')
#10 E:\Projets\marketplace\system\Common.php(1087): CodeIgniter\View\View->render('/Template-parts...', Array, true)
#11 E:\Projets\marketplace\app\Controllers\Assets.php(42): view('/Template-parts...')
#12 E:\Projets\marketplace\app\Controllers\Accueil.php(26): App\Controllers\Assets->allproducts()
#13 E:\Projets\marketplace\system\CodeIgniter.php(914): App\Controllers\Accueil->accueil()
#14 E:\Projets\marketplace\system\CodeIgniter.php(400): CodeIgniter\CodeIgniter->runController(Object(App\Controllers\Accueil))
#15 E:\Projets\marketplace\system\CodeIgniter.php(308): CodeIgniter\CodeIgniter->handleRequest(NULL, Object(Config\Cache), false)
#16 E:\Projets\marketplace\public\index.php(45): CodeIgniter\CodeIgniter->run()
#17 E:\Projets\marketplace\system\Commands\Server\rewrite.php(34): require_once('E:\\Projets\\mark...')
#18 {main}
CRITICAL - 2022-10-04 01:44:49 --> You have an error in your SQL syntax; check the manual that corresponds to your MariaDB server version for the right syntax to use near '= 1
 LIMIT 10' at line 7
#0 E:\Projets\marketplace\system\Database\MySQLi\Connection.php(331): mysqli->query('SELECT *\nFROM `...')
#1 E:\Projets\marketplace\system\Database\BaseConnection.php(738): CodeIgniter\Database\MySQLi\Connection->execute('SELECT *\nFROM `...')
#2 E:\Projets\marketplace\system\Database\BaseConnection.php(666): CodeIgniter\Database\BaseConnection->simpleQuery('SELECT *\nFROM `...')
#3 E:\Projets\marketplace\system\Database\BaseBuilder.php(1845): CodeIgniter\Database\BaseConnection->query('SELECT *\nFROM `...', Array, false)
#4 E:\Projets\marketplace\system\Model.php(387): CodeIgniter\Database\BaseBuilder->get()
#5 E:\Projets\marketplace\app\Models\Productmodel.php(67): CodeIgniter\Model->find()
#6 E:\Projets\marketplace\app\Controllers\Produit.php(56): App\Models\Productmodel->getSelectedProduct(NULL, 10, NULL)
#7 E:\Projets\marketplace\app\Controllers\Filtre.php(35): App\Controllers\Produit::getSelectedProduct(NULL, 10, NULL)
#8 E:\Projets\marketplace\app\Views\Template-parts\allproducts.php(9): App\Controllers\Filtre::getResultat('getSelectedProd...', NULL, 10, 'allproductshome', NULL)
#9 E:\Projets\marketplace\system\View\View.php(246): include('E:\\Projets\\mark...')
#10 E:\Projets\marketplace\system\Common.php(1087): CodeIgniter\View\View->render('/Template-parts...', Array, true)
#11 E:\Projets\marketplace\app\Controllers\Assets.php(42): view('/Template-parts...')
#12 E:\Projets\marketplace\app\Controllers\Accueil.php(26): App\Controllers\Assets->allproducts()
#13 E:\Projets\marketplace\system\CodeIgniter.php(914): App\Controllers\Accueil->accueil()
#14 E:\Projets\marketplace\system\CodeIgniter.php(400): CodeIgniter\CodeIgniter->runController(Object(App\Controllers\Accueil))
#15 E:\Projets\marketplace\system\CodeIgniter.php(308): CodeIgniter\CodeIgniter->handleRequest(NULL, Object(Config\Cache), false)
#16 E:\Projets\marketplace\public\index.php(45): CodeIgniter\CodeIgniter->run()
#17 E:\Projets\marketplace\system\Commands\Server\rewrite.php(34): require_once('E:\\Projets\\mark...')
#18 {main}
CRITICAL - 2022-10-04 01:45:45 --> You have an error in your SQL syntax; check the manual that corresponds to your MariaDB server version for the right syntax to use near '= 1
 LIMIT 10' at line 7
#0 E:\Projets\marketplace\system\Database\MySQLi\Connection.php(331): mysqli->query('SELECT *\nFROM `...')
#1 E:\Projets\marketplace\system\Database\BaseConnection.php(738): CodeIgniter\Database\MySQLi\Connection->execute('SELECT *\nFROM `...')
#2 E:\Projets\marketplace\system\Database\BaseConnection.php(666): CodeIgniter\Database\BaseConnection->simpleQuery('SELECT *\nFROM `...')
#3 E:\Projets\marketplace\system\Database\BaseBuilder.php(1845): CodeIgniter\Database\BaseConnection->query('SELECT *\nFROM `...', Array, false)
#4 E:\Projets\marketplace\system\Model.php(387): CodeIgniter\Database\BaseBuilder->get()
#5 E:\Projets\marketplace\app\Models\Productmodel.php(67): CodeIgniter\Model->find()
#6 E:\Projets\marketplace\app\Controllers\Produit.php(56): App\Models\Productmodel->getSelectedProduct(NULL, 10, NULL)
#7 E:\Projets\marketplace\app\Controllers\Filtre.php(45): App\Controllers\Produit::getSelectedProduct(NULL, 10, NULL)
#8 E:\Projets\marketplace\app\Views\Template-parts\allproducts.php(9): App\Controllers\Filtre::getResultat('getSelectedProd...', NULL, 10, 'allproductshome', NULL)
#9 E:\Projets\marketplace\system\View\View.php(246): include('E:\\Projets\\mark...')
#10 E:\Projets\marketplace\system\Common.php(1087): CodeIgniter\View\View->render('/Template-parts...', Array, true)
#11 E:\Projets\marketplace\app\Controllers\Assets.php(42): view('/Template-parts...')
#12 E:\Projets\marketplace\app\Controllers\Accueil.php(26): App\Controllers\Assets->allproducts()
#13 E:\Projets\marketplace\system\CodeIgniter.php(914): App\Controllers\Accueil->accueil()
#14 E:\Projets\marketplace\system\CodeIgniter.php(400): CodeIgniter\CodeIgniter->runController(Object(App\Controllers\Accueil))
#15 E:\Projets\marketplace\system\CodeIgniter.php(308): CodeIgniter\CodeIgniter->handleRequest(NULL, Object(Config\Cache), false)
#16 E:\Projets\marketplace\public\index.php(45): CodeIgniter\CodeIgniter->run()
#17 E:\Projets\marketplace\system\Commands\Server\rewrite.php(34): require_once('E:\\Projets\\mark...')
#18 {main}
CRITICAL - 2022-10-04 01:45:48 --> You have an error in your SQL syntax; check the manual that corresponds to your MariaDB server version for the right syntax to use near '= 1
 LIMIT 10' at line 7
#0 E:\Projets\marketplace\system\Database\MySQLi\Connection.php(331): mysqli->query('SELECT *\nFROM `...')
#1 E:\Projets\marketplace\system\Database\BaseConnection.php(738): CodeIgniter\Database\MySQLi\Connection->execute('SELECT *\nFROM `...')
#2 E:\Projets\marketplace\system\Database\BaseConnection.php(666): CodeIgniter\Database\BaseConnection->simpleQuery('SELECT *\nFROM `...')
#3 E:\Projets\marketplace\system\Database\BaseBuilder.php(1845): CodeIgniter\Database\BaseConnection->query('SELECT *\nFROM `...', Array, false)
#4 E:\Projets\marketplace\system\Model.php(387): CodeIgniter\Database\BaseBuilder->get()
#5 E:\Projets\marketplace\app\Models\Productmodel.php(67): CodeIgniter\Model->find()
#6 E:\Projets\marketplace\app\Controllers\Produit.php(56): App\Models\Productmodel->getSelectedProduct(NULL, 10, NULL)
#7 E:\Projets\marketplace\app\Controllers\Filtre.php(45): App\Controllers\Produit::getSelectedProduct(NULL, 10, NULL)
#8 E:\Projets\marketplace\app\Views\Template-parts\allproducts.php(9): App\Controllers\Filtre::getResultat('getSelectedProd...', NULL, 10, 'allproductshome', NULL)
#9 E:\Projets\marketplace\system\View\View.php(246): include('E:\\Projets\\mark...')
#10 E:\Projets\marketplace\system\Common.php(1087): CodeIgniter\View\View->render('/Template-parts...', Array, true)
#11 E:\Projets\marketplace\app\Controllers\Assets.php(42): view('/Template-parts...')
#12 E:\Projets\marketplace\app\Controllers\Accueil.php(26): App\Controllers\Assets->allproducts()
#13 E:\Projets\marketplace\system\CodeIgniter.php(914): App\Controllers\Accueil->accueil()
#14 E:\Projets\marketplace\system\CodeIgniter.php(400): CodeIgniter\CodeIgniter->runController(Object(App\Controllers\Accueil))
#15 E:\Projets\marketplace\system\CodeIgniter.php(308): CodeIgniter\CodeIgniter->handleRequest(NULL, Object(Config\Cache), false)
#16 E:\Projets\marketplace\public\index.php(45): CodeIgniter\CodeIgniter->run()
#17 E:\Projets\marketplace\system\Commands\Server\rewrite.php(34): require_once('E:\\Projets\\mark...')
#18 {main}
CRITICAL - 2022-10-04 01:47:02 --> You have an error in your SQL syntax; check the manual that corresponds to your MariaDB server version for the right syntax to use near '= 1
 LIMIT 10' at line 7
#0 E:\Projets\marketplace\system\Database\MySQLi\Connection.php(331): mysqli->query('SELECT *\nFROM `...')
#1 E:\Projets\marketplace\system\Database\BaseConnection.php(738): CodeIgniter\Database\MySQLi\Connection->execute('SELECT *\nFROM `...')
#2 E:\Projets\marketplace\system\Database\BaseConnection.php(666): CodeIgniter\Database\BaseConnection->simpleQuery('SELECT *\nFROM `...')
#3 E:\Projets\marketplace\system\Database\BaseBuilder.php(1845): CodeIgniter\Database\BaseConnection->query('SELECT *\nFROM `...', Array, false)
#4 E:\Projets\marketplace\system\Model.php(387): CodeIgniter\Database\BaseBuilder->get()
#5 E:\Projets\marketplace\app\Models\Productmodel.php(67): CodeIgniter\Model->find()
#6 E:\Projets\marketplace\app\Controllers\Produit.php(56): App\Models\Productmodel->getSelectedProduct(NULL, 10, NULL)
#7 E:\Projets\marketplace\app\Controllers\Filtre.php(45): App\Controllers\Produit::getSelectedProduct(NULL, 10, NULL)
#8 E:\Projets\marketplace\app\Views\Template-parts\allproducts.php(9): App\Controllers\Filtre::getResultat('getSelectedProd...', NULL, 10, 'allproductshome', NULL)
#9 E:\Projets\marketplace\system\View\View.php(246): include('E:\\Projets\\mark...')
#10 E:\Projets\marketplace\system\Common.php(1087): CodeIgniter\View\View->render('/Template-parts...', Array, true)
#11 E:\Projets\marketplace\app\Controllers\Assets.php(42): view('/Template-parts...')
#12 E:\Projets\marketplace\app\Controllers\Accueil.php(26): App\Controllers\Assets->allproducts()
#13 E:\Projets\marketplace\system\CodeIgniter.php(914): App\Controllers\Accueil->accueil()
#14 E:\Projets\marketplace\system\CodeIgniter.php(400): CodeIgniter\CodeIgniter->runController(Object(App\Controllers\Accueil))
#15 E:\Projets\marketplace\system\CodeIgniter.php(308): CodeIgniter\CodeIgniter->handleRequest(NULL, Object(Config\Cache), false)
#16 E:\Projets\marketplace\public\index.php(45): CodeIgniter\CodeIgniter->run()
#17 E:\Projets\marketplace\system\Commands\Server\rewrite.php(34): require_once('E:\\Projets\\mark...')
#18 {main}
CRITICAL - 2022-10-04 02:23:52 --> Unknown column 'undefined' in 'where clause'
#0 E:\Projets\marketplace\system\Database\MySQLi\Connection.php(331): mysqli->query('SELECT *\nFROM `...')
#1 E:\Projets\marketplace\system\Database\BaseConnection.php(738): CodeIgniter\Database\MySQLi\Connection->execute('SELECT *\nFROM `...')
#2 E:\Projets\marketplace\system\Database\BaseConnection.php(666): CodeIgniter\Database\BaseConnection->simpleQuery('SELECT *\nFROM `...')
#3 E:\Projets\marketplace\system\Database\BaseBuilder.php(1845): CodeIgniter\Database\BaseConnection->query('SELECT *\nFROM `...', Array, false)
#4 E:\Projets\marketplace\system\Model.php(387): CodeIgniter\Database\BaseBuilder->get()
#5 E:\Projets\marketplace\app\Models\Productmodel.php(56): CodeIgniter\Model->find()
#6 E:\Projets\marketplace\app\Controllers\Produit.php(56): App\Models\Productmodel->getSelectedProduct(NULL, '6', 'undefined')
#7 E:\Projets\marketplace\app\Controllers\Filtre.php(38): App\Controllers\Produit::getSelectedProduct(NULL, '6', 'undefined')
#8 E:\Projets\marketplace\system\CodeIgniter.php(914): App\Controllers\Filtre::getResultat('getSelectedProd...', NULL, '6', 'selectedproduct...', 'undefined')
#9 E:\Projets\marketplace\system\CodeIgniter.php(400): CodeIgniter\CodeIgniter->runController(Object(App\Controllers\Filtre))
#10 E:\Projets\marketplace\system\CodeIgniter.php(308): CodeIgniter\CodeIgniter->handleRequest(NULL, Object(Config\Cache), false)
#11 E:\Projets\marketplace\public\index.php(45): CodeIgniter\CodeIgniter->run()
#12 E:\Projets\marketplace\system\Commands\Server\rewrite.php(34): require_once('E:\\Projets\\mark...')
#13 {main}
CRITICAL - 2022-10-04 02:23:57 --> Unknown column 'undefined' in 'where clause'
#0 E:\Projets\marketplace\system\Database\MySQLi\Connection.php(331): mysqli->query('SELECT *\nFROM `...')
#1 E:\Projets\marketplace\system\Database\BaseConnection.php(738): CodeIgniter\Database\MySQLi\Connection->execute('SELECT *\nFROM `...')
#2 E:\Projets\marketplace\system\Database\BaseConnection.php(666): CodeIgniter\Database\BaseConnection->simpleQuery('SELECT *\nFROM `...')
#3 E:\Projets\marketplace\system\Database\BaseBuilder.php(1845): CodeIgniter\Database\BaseConnection->query('SELECT *\nFROM `...', Array, false)
#4 E:\Projets\marketplace\system\Model.php(387): CodeIgniter\Database\BaseBuilder->get()
#5 E:\Projets\marketplace\app\Models\Productmodel.php(67): CodeIgniter\Model->find()
#6 E:\Projets\marketplace\app\Controllers\Produit.php(56): App\Models\Productmodel->getSelectedProduct('1', '6', 'undefined')
#7 E:\Projets\marketplace\app\Controllers\Filtre.php(53): App\Controllers\Produit::getSelectedProduct('1', '6', 'undefined')
#8 E:\Projets\marketplace\system\CodeIgniter.php(914): App\Controllers\Filtre::getResultat('getSelectedProd...', '1', '6', 'carouselproduct...', 'undefined')
#9 E:\Projets\marketplace\system\CodeIgniter.php(400): CodeIgniter\CodeIgniter->runController(Object(App\Controllers\Filtre))
#10 E:\Projets\marketplace\system\CodeIgniter.php(308): CodeIgniter\CodeIgniter->handleRequest(NULL, Object(Config\Cache), false)
#11 E:\Projets\marketplace\public\index.php(45): CodeIgniter\CodeIgniter->run()
#12 E:\Projets\marketplace\system\Commands\Server\rewrite.php(34): require_once('E:\\Projets\\mark...')
#13 {main}
CRITICAL - 2022-10-04 02:23:57 --> Unknown column 'undefined' in 'where clause'
#0 E:\Projets\marketplace\system\Database\MySQLi\Connection.php(331): mysqli->query('SELECT *\nFROM `...')
#1 E:\Projets\marketplace\system\Database\BaseConnection.php(738): CodeIgniter\Database\MySQLi\Connection->execute('SELECT *\nFROM `...')
#2 E:\Projets\marketplace\system\Database\BaseConnection.php(666): CodeIgniter\Database\BaseConnection->simpleQuery('SELECT *\nFROM `...')
#3 E:\Projets\marketplace\system\Database\BaseBuilder.php(1845): CodeIgniter\Database\BaseConnection->query('SELECT *\nFROM `...', Array, false)
#4 E:\Projets\marketplace\system\Model.php(387): CodeIgniter\Database\BaseBuilder->get()
#5 E:\Projets\marketplace\app\Models\Productmodel.php(67): CodeIgniter\Model->find()
#6 E:\Projets\marketplace\app\Controllers\Produit.php(56): App\Models\Productmodel->getSelectedProduct('1', '6', 'undefined')
#7 E:\Projets\marketplace\app\Controllers\Filtre.php(53): App\Controllers\Produit::getSelectedProduct('1', '6', 'undefined')
#8 E:\Projets\marketplace\system\CodeIgniter.php(914): App\Controllers\Filtre::getResultat('getSelectedProd...', '1', '6', 'selectedproduct...', 'undefined')
#9 E:\Projets\marketplace\system\CodeIgniter.php(400): CodeIgniter\CodeIgniter->runController(Object(App\Controllers\Filtre))
#10 E:\Projets\marketplace\system\CodeIgniter.php(308): CodeIgniter\CodeIgniter->handleRequest(NULL, Object(Config\Cache), false)
#11 E:\Projets\marketplace\public\index.php(45): CodeIgniter\CodeIgniter->run()
#12 E:\Projets\marketplace\system\Commands\Server\rewrite.php(34): require_once('E:\\Projets\\mark...')
#13 {main}
CRITICAL - 2022-10-04 02:24:39 --> Unknown column 'undefined' in 'where clause'
#0 E:\Projets\marketplace\system\Database\MySQLi\Connection.php(331): mysqli->query('SELECT *\nFROM `...')
#1 E:\Projets\marketplace\system\Database\BaseConnection.php(738): CodeIgniter\Database\MySQLi\Connection->execute('SELECT *\nFROM `...')
#2 E:\Projets\marketplace\system\Database\BaseConnection.php(666): CodeIgniter\Database\BaseConnection->simpleQuery('SELECT *\nFROM `...')
#3 E:\Projets\marketplace\system\Database\BaseBuilder.php(1845): CodeIgniter\Database\BaseConnection->query('SELECT *\nFROM `...', Array, false)
#4 E:\Projets\marketplace\system\Model.php(387): CodeIgniter\Database\BaseBuilder->get()
#5 E:\Projets\marketplace\app\Models\Productmodel.php(67): CodeIgniter\Model->find()
#6 E:\Projets\marketplace\app\Controllers\Produit.php(56): App\Models\Productmodel->getSelectedProduct('3', '6', 'undefined')
#7 E:\Projets\marketplace\app\Controllers\Filtre.php(53): App\Controllers\Produit::getSelectedProduct('3', '6', 'undefined')
#8 E:\Projets\marketplace\system\CodeIgniter.php(914): App\Controllers\Filtre::getResultat('getSelectedProd...', '3', '6', 'selectedproduct...', 'undefined')
#9 E:\Projets\marketplace\system\CodeIgniter.php(400): CodeIgniter\CodeIgniter->runController(Object(App\Controllers\Filtre))
#10 E:\Projets\marketplace\system\CodeIgniter.php(308): CodeIgniter\CodeIgniter->handleRequest(NULL, Object(Config\Cache), false)
#11 E:\Projets\marketplace\public\index.php(45): CodeIgniter\CodeIgniter->run()
#12 E:\Projets\marketplace\system\Commands\Server\rewrite.php(34): require_once('E:\\Projets\\mark...')
#13 {main}
CRITICAL - 2022-10-04 02:24:39 --> Unknown column 'undefined' in 'where clause'
#0 E:\Projets\marketplace\system\Database\MySQLi\Connection.php(331): mysqli->query('SELECT *\nFROM `...')
#1 E:\Projets\marketplace\system\Database\BaseConnection.php(738): CodeIgniter\Database\MySQLi\Connection->execute('SELECT *\nFROM `...')
#2 E:\Projets\marketplace\system\Database\BaseConnection.php(666): CodeIgniter\Database\BaseConnection->simpleQuery('SELECT *\nFROM `...')
#3 E:\Projets\marketplace\system\Database\BaseBuilder.php(1845): CodeIgniter\Database\BaseConnection->query('SELECT *\nFROM `...', Array, false)
#4 E:\Projets\marketplace\system\Model.php(387): CodeIgniter\Database\BaseBuilder->get()
#5 E:\Projets\marketplace\app\Models\Productmodel.php(67): CodeIgniter\Model->find()
#6 E:\Projets\marketplace\app\Controllers\Produit.php(56): App\Models\Productmodel->getSelectedProduct('3', '6', 'undefined')
#7 E:\Projets\marketplace\app\Controllers\Filtre.php(53): App\Controllers\Produit::getSelectedProduct('3', '6', 'undefined')
#8 E:\Projets\marketplace\system\CodeIgniter.php(914): App\Controllers\Filtre::getResultat('getSelectedProd...', '3', '6', 'carouselproduct...', 'undefined')
#9 E:\Projets\marketplace\system\CodeIgniter.php(400): CodeIgniter\CodeIgniter->runController(Object(App\Controllers\Filtre))
#10 E:\Projets\marketplace\system\CodeIgniter.php(308): CodeIgniter\CodeIgniter->handleRequest(NULL, Object(Config\Cache), false)
#11 E:\Projets\marketplace\public\index.php(45): CodeIgniter\CodeIgniter->run()
#12 E:\Projets\marketplace\system\Commands\Server\rewrite.php(34): require_once('E:\\Projets\\mark...')
#13 {main}
CRITICAL - 2022-10-04 02:25:49 --> Unknown column 'undefined' in 'where clause'
#0 E:\Projets\marketplace\system\Database\MySQLi\Connection.php(331): mysqli->query('SELECT *\nFROM `...')
#1 E:\Projets\marketplace\system\Database\BaseConnection.php(738): CodeIgniter\Database\MySQLi\Connection->execute('SELECT *\nFROM `...')
#2 E:\Projets\marketplace\system\Database\BaseConnection.php(666): CodeIgniter\Database\BaseConnection->simpleQuery('SELECT *\nFROM `...')
#3 E:\Projets\marketplace\system\Database\BaseBuilder.php(1845): CodeIgniter\Database\BaseConnection->query('SELECT *\nFROM `...', Array, false)
#4 E:\Projets\marketplace\system\Model.php(387): CodeIgniter\Database\BaseBuilder->get()
#5 E:\Projets\marketplace\app\Models\Productmodel.php(67): CodeIgniter\Model->find()
#6 E:\Projets\marketplace\app\Controllers\Produit.php(56): App\Models\Productmodel->getSelectedProduct('1', '6', 'undefined')
#7 E:\Projets\marketplace\app\Controllers\Filtre.php(53): App\Controllers\Produit::getSelectedProduct('1', '6', 'undefined')
#8 E:\Projets\marketplace\system\CodeIgniter.php(914): App\Controllers\Filtre::getResultat('getSelectedProd...', '1', '6', 'selectedproduct...', 'undefined')
#9 E:\Projets\marketplace\system\CodeIgniter.php(400): CodeIgniter\CodeIgniter->runController(Object(App\Controllers\Filtre))
#10 E:\Projets\marketplace\system\CodeIgniter.php(308): CodeIgniter\CodeIgniter->handleRequest(NULL, Object(Config\Cache), false)
#11 E:\Projets\marketplace\public\index.php(45): CodeIgniter\CodeIgniter->run()
#12 E:\Projets\marketplace\system\Commands\Server\rewrite.php(34): require_once('E:\\Projets\\mark...')
#13 {main}
CRITICAL - 2022-10-04 02:25:49 --> Unknown column 'undefined' in 'where clause'
#0 E:\Projets\marketplace\system\Database\MySQLi\Connection.php(331): mysqli->query('SELECT *\nFROM `...')
#1 E:\Projets\marketplace\system\Database\BaseConnection.php(738): CodeIgniter\Database\MySQLi\Connection->execute('SELECT *\nFROM `...')
#2 E:\Projets\marketplace\system\Database\BaseConnection.php(666): CodeIgniter\Database\BaseConnection->simpleQuery('SELECT *\nFROM `...')
#3 E:\Projets\marketplace\system\Database\BaseBuilder.php(1845): CodeIgniter\Database\BaseConnection->query('SELECT *\nFROM `...', Array, false)
#4 E:\Projets\marketplace\system\Model.php(387): CodeIgniter\Database\BaseBuilder->get()
#5 E:\Projets\marketplace\app\Models\Productmodel.php(67): CodeIgniter\Model->find()
#6 E:\Projets\marketplace\app\Controllers\Produit.php(56): App\Models\Productmodel->getSelectedProduct('1', '6', 'undefined')
#7 E:\Projets\marketplace\app\Controllers\Filtre.php(53): App\Controllers\Produit::getSelectedProduct('1', '6', 'undefined')
#8 E:\Projets\marketplace\system\CodeIgniter.php(914): App\Controllers\Filtre::getResultat('getSelectedProd...', '1', '6', 'carouselproduct...', 'undefined')
#9 E:\Projets\marketplace\system\CodeIgniter.php(400): CodeIgniter\CodeIgniter->runController(Object(App\Controllers\Filtre))
#10 E:\Projets\marketplace\system\CodeIgniter.php(308): CodeIgniter\CodeIgniter->handleRequest(NULL, Object(Config\Cache), false)
#11 E:\Projets\marketplace\public\index.php(45): CodeIgniter\CodeIgniter->run()
#12 E:\Projets\marketplace\system\Commands\Server\rewrite.php(34): require_once('E:\\Projets\\mark...')
#13 {main}
CRITICAL - 2022-10-04 02:25:54 --> Unknown column 'undefined' in 'where clause'
#0 E:\Projets\marketplace\system\Database\MySQLi\Connection.php(331): mysqli->query('SELECT *\nFROM `...')
#1 E:\Projets\marketplace\system\Database\BaseConnection.php(738): CodeIgniter\Database\MySQLi\Connection->execute('SELECT *\nFROM `...')
#2 E:\Projets\marketplace\system\Database\BaseConnection.php(666): CodeIgniter\Database\BaseConnection->simpleQuery('SELECT *\nFROM `...')
#3 E:\Projets\marketplace\system\Database\BaseBuilder.php(1845): CodeIgniter\Database\BaseConnection->query('SELECT *\nFROM `...', Array, false)
#4 E:\Projets\marketplace\system\Model.php(387): CodeIgniter\Database\BaseBuilder->get()
#5 E:\Projets\marketplace\app\Models\Productmodel.php(67): CodeIgniter\Model->find()
#6 E:\Projets\marketplace\app\Controllers\Produit.php(56): App\Models\Productmodel->getSelectedProduct('2', '6', 'undefined')
#7 E:\Projets\marketplace\app\Controllers\Filtre.php(53): App\Controllers\Produit::getSelectedProduct('2', '6', 'undefined')
#8 E:\Projets\marketplace\system\CodeIgniter.php(914): App\Controllers\Filtre::getResultat('getSelectedProd...', '2', '6', 'selectedproduct...', 'undefined')
#9 E:\Projets\marketplace\system\CodeIgniter.php(400): CodeIgniter\CodeIgniter->runController(Object(App\Controllers\Filtre))
#10 E:\Projets\marketplace\system\CodeIgniter.php(308): CodeIgniter\CodeIgniter->handleRequest(NULL, Object(Config\Cache), false)
#11 E:\Projets\marketplace\public\index.php(45): CodeIgniter\CodeIgniter->run()
#12 E:\Projets\marketplace\system\Commands\Server\rewrite.php(34): require_once('E:\\Projets\\mark...')
#13 {main}
CRITICAL - 2022-10-04 02:25:54 --> Unknown column 'undefined' in 'where clause'
#0 E:\Projets\marketplace\system\Database\MySQLi\Connection.php(331): mysqli->query('SELECT *\nFROM `...')
#1 E:\Projets\marketplace\system\Database\BaseConnection.php(738): CodeIgniter\Database\MySQLi\Connection->execute('SELECT *\nFROM `...')
#2 E:\Projets\marketplace\system\Database\BaseConnection.php(666): CodeIgniter\Database\BaseConnection->simpleQuery('SELECT *\nFROM `...')
#3 E:\Projets\marketplace\system\Database\BaseBuilder.php(1845): CodeIgniter\Database\BaseConnection->query('SELECT *\nFROM `...', Array, false)
#4 E:\Projets\marketplace\system\Model.php(387): CodeIgniter\Database\BaseBuilder->get()
#5 E:\Projets\marketplace\app\Models\Productmodel.php(67): CodeIgniter\Model->find()
#6 E:\Projets\marketplace\app\Controllers\Produit.php(56): App\Models\Productmodel->getSelectedProduct('2', '6', 'undefined')
#7 E:\Projets\marketplace\app\Controllers\Filtre.php(53): App\Controllers\Produit::getSelectedProduct('2', '6', 'undefined')
#8 E:\Projets\marketplace\system\CodeIgniter.php(914): App\Controllers\Filtre::getResultat('getSelectedProd...', '2', '6', 'carouselproduct...', 'undefined')
#9 E:\Projets\marketplace\system\CodeIgniter.php(400): CodeIgniter\CodeIgniter->runController(Object(App\Controllers\Filtre))
#10 E:\Projets\marketplace\system\CodeIgniter.php(308): CodeIgniter\CodeIgniter->handleRequest(NULL, Object(Config\Cache), false)
#11 E:\Projets\marketplace\public\index.php(45): CodeIgniter\CodeIgniter->run()
#12 E:\Projets\marketplace\system\Commands\Server\rewrite.php(34): require_once('E:\\Projets\\mark...')
#13 {main}
CRITICAL - 2022-10-04 03:39:22 --> You have an error in your SQL syntax; check the manual that corresponds to your MariaDB server version for the right syntax to use near ':1:
 LIMIT 6' at line 7
#0 E:\Projets\marketplace\system\Database\MySQLi\Connection.php(331): mysqli->query('SELECT *\nFROM `...')
#1 E:\Projets\marketplace\system\Database\BaseConnection.php(738): CodeIgniter\Database\MySQLi\Connection->execute('SELECT *\nFROM `...')
#2 E:\Projets\marketplace\system\Database\BaseConnection.php(666): CodeIgniter\Database\BaseConnection->simpleQuery('SELECT *\nFROM `...')
#3 E:\Projets\marketplace\system\Database\BaseBuilder.php(1845): CodeIgniter\Database\BaseConnection->query('SELECT *\nFROM `...', Array, false)
#4 E:\Projets\marketplace\system\Model.php(387): CodeIgniter\Database\BaseBuilder->get()
#5 E:\Projets\marketplace\app\Models\Productmodel.php(67): CodeIgniter\Model->find()
#6 E:\Projets\marketplace\app\Controllers\Produit.php(56): App\Models\Productmodel->getSelectedProduct('2', '6', '1')
#7 E:\Projets\marketplace\app\Controllers\Filtre.php(53): App\Controllers\Produit::getSelectedProduct('2', '6', '1')
#8 E:\Projets\marketplace\system\CodeIgniter.php(914): App\Controllers\Filtre::getResultat('getSelectedProd...', '2', '6', 'selectedproduct...', '1')
#9 E:\Projets\marketplace\system\CodeIgniter.php(400): CodeIgniter\CodeIgniter->runController(Object(App\Controllers\Filtre))
#10 E:\Projets\marketplace\system\CodeIgniter.php(308): CodeIgniter\CodeIgniter->handleRequest(NULL, Object(Config\Cache), false)
#11 E:\Projets\marketplace\public\index.php(45): CodeIgniter\CodeIgniter->run()
#12 E:\Projets\marketplace\system\Commands\Server\rewrite.php(34): require_once('E:\\Projets\\mark...')
#13 {main}
CRITICAL - 2022-10-04 03:39:28 --> You have an error in your SQL syntax; check the manual that corresponds to your MariaDB server version for the right syntax to use near ':2:
 LIMIT 6' at line 7
#0 E:\Projets\marketplace\system\Database\MySQLi\Connection.php(331): mysqli->query('SELECT *\nFROM `...')
#1 E:\Projets\marketplace\system\Database\BaseConnection.php(738): CodeIgniter\Database\MySQLi\Connection->execute('SELECT *\nFROM `...')
#2 E:\Projets\marketplace\system\Database\BaseConnection.php(666): CodeIgniter\Database\BaseConnection->simpleQuery('SELECT *\nFROM `...')
#3 E:\Projets\marketplace\system\Database\BaseBuilder.php(1845): CodeIgniter\Database\BaseConnection->query('SELECT *\nFROM `...', Array, false)
#4 E:\Projets\marketplace\system\Model.php(387): CodeIgniter\Database\BaseBuilder->get()
#5 E:\Projets\marketplace\app\Models\Productmodel.php(67): CodeIgniter\Model->find()
#6 E:\Projets\marketplace\app\Controllers\Produit.php(56): App\Models\Productmodel->getSelectedProduct('3', '6', '2')
#7 E:\Projets\marketplace\app\Controllers\Filtre.php(53): App\Controllers\Produit::getSelectedProduct('3', '6', '2')
#8 E:\Projets\marketplace\system\CodeIgniter.php(914): App\Controllers\Filtre::getResultat('getSelectedProd...', '3', '6', 'selectedproduct...', '2')
#9 E:\Projets\marketplace\system\CodeIgniter.php(400): CodeIgniter\CodeIgniter->runController(Object(App\Controllers\Filtre))
#10 E:\Projets\marketplace\system\CodeIgniter.php(308): CodeIgniter\CodeIgniter->handleRequest(NULL, Object(Config\Cache), false)
#11 E:\Projets\marketplace\public\index.php(45): CodeIgniter\CodeIgniter->run()
#12 E:\Projets\marketplace\system\Commands\Server\rewrite.php(34): require_once('E:\\Projets\\mark...')
#13 {main}
CRITICAL - 2022-10-04 03:39:28 --> You have an error in your SQL syntax; check the manual that corresponds to your MariaDB server version for the right syntax to use near ':2:
 LIMIT 6' at line 7
#0 E:\Projets\marketplace\system\Database\MySQLi\Connection.php(331): mysqli->query('SELECT *\nFROM `...')
#1 E:\Projets\marketplace\system\Database\BaseConnection.php(738): CodeIgniter\Database\MySQLi\Connection->execute('SELECT *\nFROM `...')
#2 E:\Projets\marketplace\system\Database\BaseConnection.php(666): CodeIgniter\Database\BaseConnection->simpleQuery('SELECT *\nFROM `...')
#3 E:\Projets\marketplace\system\Database\BaseBuilder.php(1845): CodeIgniter\Database\BaseConnection->query('SELECT *\nFROM `...', Array, false)
#4 E:\Projets\marketplace\system\Model.php(387): CodeIgniter\Database\BaseBuilder->get()
#5 E:\Projets\marketplace\app\Models\Productmodel.php(67): CodeIgniter\Model->find()
#6 E:\Projets\marketplace\app\Controllers\Produit.php(56): App\Models\Productmodel->getSelectedProduct('3', '6', '2')
#7 E:\Projets\marketplace\app\Controllers\Filtre.php(53): App\Controllers\Produit::getSelectedProduct('3', '6', '2')
#8 E:\Projets\marketplace\system\CodeIgniter.php(914): App\Controllers\Filtre::getResultat('getSelectedProd...', '3', '6', 'carouselproduct...', '2')
#9 E:\Projets\marketplace\system\CodeIgniter.php(400): CodeIgniter\CodeIgniter->runController(Object(App\Controllers\Filtre))
#10 E:\Projets\marketplace\system\CodeIgniter.php(308): CodeIgniter\CodeIgniter->handleRequest(NULL, Object(Config\Cache), false)
#11 E:\Projets\marketplace\public\index.php(45): CodeIgniter\CodeIgniter->run()
#12 E:\Projets\marketplace\system\Commands\Server\rewrite.php(34): require_once('E:\\Projets\\mark...')
#13 {main}
CRITICAL - 2022-10-04 03:39:37 --> You have an error in your SQL syntax; check the manual that corresponds to your MariaDB server version for the right syntax to use near ':3:
 LIMIT 6' at line 7
#0 E:\Projets\marketplace\system\Database\MySQLi\Connection.php(331): mysqli->query('SELECT *\nFROM `...')
#1 E:\Projets\marketplace\system\Database\BaseConnection.php(738): CodeIgniter\Database\MySQLi\Connection->execute('SELECT *\nFROM `...')
#2 E:\Projets\marketplace\system\Database\BaseConnection.php(666): CodeIgniter\Database\BaseConnection->simpleQuery('SELECT *\nFROM `...')
#3 E:\Projets\marketplace\system\Database\BaseBuilder.php(1845): CodeIgniter\Database\BaseConnection->query('SELECT *\nFROM `...', Array, false)
#4 E:\Projets\marketplace\system\Model.php(387): CodeIgniter\Database\BaseBuilder->get()
#5 E:\Projets\marketplace\app\Models\Productmodel.php(67): CodeIgniter\Model->find()
#6 E:\Projets\marketplace\app\Controllers\Produit.php(56): App\Models\Productmodel->getSelectedProduct('1', '6', '3')
#7 E:\Projets\marketplace\app\Controllers\Filtre.php(53): App\Controllers\Produit::getSelectedProduct('1', '6', '3')
#8 E:\Projets\marketplace\system\CodeIgniter.php(914): App\Controllers\Filtre::getResultat('getSelectedProd...', '1', '6', 'selectedproduct...', '3')
#9 E:\Projets\marketplace\system\CodeIgniter.php(400): CodeIgniter\CodeIgniter->runController(Object(App\Controllers\Filtre))
#10 E:\Projets\marketplace\system\CodeIgniter.php(308): CodeIgniter\CodeIgniter->handleRequest(NULL, Object(Config\Cache), false)
#11 E:\Projets\marketplace\public\index.php(45): CodeIgniter\CodeIgniter->run()
#12 E:\Projets\marketplace\system\Commands\Server\rewrite.php(34): require_once('E:\\Projets\\mark...')
#13 {main}
CRITICAL - 2022-10-04 03:39:37 --> You have an error in your SQL syntax; check the manual that corresponds to your MariaDB server version for the right syntax to use near ':3:
 LIMIT 6' at line 7
#0 E:\Projets\marketplace\system\Database\MySQLi\Connection.php(331): mysqli->query('SELECT *\nFROM `...')
#1 E:\Projets\marketplace\system\Database\BaseConnection.php(738): CodeIgniter\Database\MySQLi\Connection->execute('SELECT *\nFROM `...')
#2 E:\Projets\marketplace\system\Database\BaseConnection.php(666): CodeIgniter\Database\BaseConnection->simpleQuery('SELECT *\nFROM `...')
#3 E:\Projets\marketplace\system\Database\BaseBuilder.php(1845): CodeIgniter\Database\BaseConnection->query('SELECT *\nFROM `...', Array, false)
#4 E:\Projets\marketplace\system\Model.php(387): CodeIgniter\Database\BaseBuilder->get()
#5 E:\Projets\marketplace\app\Models\Productmodel.php(67): CodeIgniter\Model->find()
#6 E:\Projets\marketplace\app\Controllers\Produit.php(56): App\Models\Productmodel->getSelectedProduct('1', '6', '3')
#7 E:\Projets\marketplace\app\Controllers\Filtre.php(53): App\Controllers\Produit::getSelectedProduct('1', '6', '3')
#8 E:\Projets\marketplace\system\CodeIgniter.php(914): App\Controllers\Filtre::getResultat('getSelectedProd...', '1', '6', 'carouselproduct...', '3')
#9 E:\Projets\marketplace\system\CodeIgniter.php(400): CodeIgniter\CodeIgniter->runController(Object(App\Controllers\Filtre))
#10 E:\Projets\marketplace\system\CodeIgniter.php(308): CodeIgniter\CodeIgniter->handleRequest(NULL, Object(Config\Cache), false)
#11 E:\Projets\marketplace\public\index.php(45): CodeIgniter\CodeIgniter->run()
#12 E:\Projets\marketplace\system\Commands\Server\rewrite.php(34): require_once('E:\\Projets\\mark...')
#13 {main}
CRITICAL - 2022-10-04 03:39:53 --> You have an error in your SQL syntax; check the manual that corresponds to your MariaDB server version for the right syntax to use near ':1:
 LIMIT 6' at line 7
#0 E:\Projets\marketplace\system\Database\MySQLi\Connection.php(331): mysqli->query('SELECT *\nFROM `...')
#1 E:\Projets\marketplace\system\Database\BaseConnection.php(738): CodeIgniter\Database\MySQLi\Connection->execute('SELECT *\nFROM `...')
#2 E:\Projets\marketplace\system\Database\BaseConnection.php(666): CodeIgniter\Database\BaseConnection->simpleQuery('SELECT *\nFROM `...')
#3 E:\Projets\marketplace\system\Database\BaseBuilder.php(1845): CodeIgniter\Database\BaseConnection->query('SELECT *\nFROM `...', Array, false)
#4 E:\Projets\marketplace\system\Model.php(387): CodeIgniter\Database\BaseBuilder->get()
#5 E:\Projets\marketplace\app\Models\Productmodel.php(67): CodeIgniter\Model->find()
#6 E:\Projets\marketplace\app\Controllers\Produit.php(56): App\Models\Productmodel->getSelectedProduct('2', '6', '1')
#7 E:\Projets\marketplace\app\Controllers\Filtre.php(53): App\Controllers\Produit::getSelectedProduct('2', '6', '1')
#8 E:\Projets\marketplace\system\CodeIgniter.php(914): App\Controllers\Filtre::getResultat('getSelectedProd...', '2', '6', 'selectedproduct...', '1')
#9 E:\Projets\marketplace\system\CodeIgniter.php(400): CodeIgniter\CodeIgniter->runController(Object(App\Controllers\Filtre))
#10 E:\Projets\marketplace\system\CodeIgniter.php(308): CodeIgniter\CodeIgniter->handleRequest(NULL, Object(Config\Cache), false)
#11 E:\Projets\marketplace\public\index.php(45): CodeIgniter\CodeIgniter->run()
#12 E:\Projets\marketplace\system\Commands\Server\rewrite.php(34): require_once('E:\\Projets\\mark...')
#13 {main}
CRITICAL - 2022-10-04 03:39:54 --> You have an error in your SQL syntax; check the manual that corresponds to your MariaDB server version for the right syntax to use near ':1:
 LIMIT 6' at line 7
#0 E:\Projets\marketplace\system\Database\MySQLi\Connection.php(331): mysqli->query('SELECT *\nFROM `...')
#1 E:\Projets\marketplace\system\Database\BaseConnection.php(738): CodeIgniter\Database\MySQLi\Connection->execute('SELECT *\nFROM `...')
#2 E:\Projets\marketplace\system\Database\BaseConnection.php(666): CodeIgniter\Database\BaseConnection->simpleQuery('SELECT *\nFROM `...')
#3 E:\Projets\marketplace\system\Database\BaseBuilder.php(1845): CodeIgniter\Database\BaseConnection->query('SELECT *\nFROM `...', Array, false)
#4 E:\Projets\marketplace\system\Model.php(387): CodeIgniter\Database\BaseBuilder->get()
#5 E:\Projets\marketplace\app\Models\Productmodel.php(67): CodeIgniter\Model->find()
#6 E:\Projets\marketplace\app\Controllers\Produit.php(56): App\Models\Productmodel->getSelectedProduct('2', '6', '1')
#7 E:\Projets\marketplace\app\Controllers\Filtre.php(53): App\Controllers\Produit::getSelectedProduct('2', '6', '1')
#8 E:\Projets\marketplace\system\CodeIgniter.php(914): App\Controllers\Filtre::getResultat('getSelectedProd...', '2', '6', 'carouselproduct...', '1')
#9 E:\Projets\marketplace\system\CodeIgniter.php(400): CodeIgniter\CodeIgniter->runController(Object(App\Controllers\Filtre))
#10 E:\Projets\marketplace\system\CodeIgniter.php(308): CodeIgniter\CodeIgniter->handleRequest(NULL, Object(Config\Cache), false)
#11 E:\Projets\marketplace\public\index.php(45): CodeIgniter\CodeIgniter->run()
#12 E:\Projets\marketplace\system\Commands\Server\rewrite.php(34): require_once('E:\\Projets\\mark...')
#13 {main}
CRITICAL - 2022-10-04 03:39:58 --> You have an error in your SQL syntax; check the manual that corresponds to your MariaDB server version for the right syntax to use near ':2:
 LIMIT 6' at line 7
#0 E:\Projets\marketplace\system\Database\MySQLi\Connection.php(331): mysqli->query('SELECT *\nFROM `...')
#1 E:\Projets\marketplace\system\Database\BaseConnection.php(738): CodeIgniter\Database\MySQLi\Connection->execute('SELECT *\nFROM `...')
#2 E:\Projets\marketplace\system\Database\BaseConnection.php(666): CodeIgniter\Database\BaseConnection->simpleQuery('SELECT *\nFROM `...')
#3 E:\Projets\marketplace\system\Database\BaseBuilder.php(1845): CodeIgniter\Database\BaseConnection->query('SELECT *\nFROM `...', Array, false)
#4 E:\Projets\marketplace\system\Model.php(387): CodeIgniter\Database\BaseBuilder->get()
#5 E:\Projets\marketplace\app\Models\Productmodel.php(67): CodeIgniter\Model->find()
#6 E:\Projets\marketplace\app\Controllers\Produit.php(56): App\Models\Productmodel->getSelectedProduct('3', '6', '2')
#7 E:\Projets\marketplace\app\Controllers\Filtre.php(53): App\Controllers\Produit::getSelectedProduct('3', '6', '2')
#8 E:\Projets\marketplace\system\CodeIgniter.php(914): App\Controllers\Filtre::getResultat('getSelectedProd...', '3', '6', 'selectedproduct...', '2')
#9 E:\Projets\marketplace\system\CodeIgniter.php(400): CodeIgniter\CodeIgniter->runController(Object(App\Controllers\Filtre))
#10 E:\Projets\marketplace\system\CodeIgniter.php(308): CodeIgniter\CodeIgniter->handleRequest(NULL, Object(Config\Cache), false)
#11 E:\Projets\marketplace\public\index.php(45): CodeIgniter\CodeIgniter->run()
#12 E:\Projets\marketplace\system\Commands\Server\rewrite.php(34): require_once('E:\\Projets\\mark...')
#13 {main}
CRITICAL - 2022-10-04 03:39:58 --> You have an error in your SQL syntax; check the manual that corresponds to your MariaDB server version for the right syntax to use near ':2:
 LIMIT 6' at line 7
#0 E:\Projets\marketplace\system\Database\MySQLi\Connection.php(331): mysqli->query('SELECT *\nFROM `...')
#1 E:\Projets\marketplace\system\Database\BaseConnection.php(738): CodeIgniter\Database\MySQLi\Connection->execute('SELECT *\nFROM `...')
#2 E:\Projets\marketplace\system\Database\BaseConnection.php(666): CodeIgniter\Database\BaseConnection->simpleQuery('SELECT *\nFROM `...')
#3 E:\Projets\marketplace\system\Database\BaseBuilder.php(1845): CodeIgniter\Database\BaseConnection->query('SELECT *\nFROM `...', Array, false)
#4 E:\Projets\marketplace\system\Model.php(387): CodeIgniter\Database\BaseBuilder->get()
#5 E:\Projets\marketplace\app\Models\Productmodel.php(67): CodeIgniter\Model->find()
#6 E:\Projets\marketplace\app\Controllers\Produit.php(56): App\Models\Productmodel->getSelectedProduct('3', '6', '2')
#7 E:\Projets\marketplace\app\Controllers\Filtre.php(53): App\Controllers\Produit::getSelectedProduct('3', '6', '2')
#8 E:\Projets\marketplace\system\CodeIgniter.php(914): App\Controllers\Filtre::getResultat('getSelectedProd...', '3', '6', 'carouselproduct...', '2')
#9 E:\Projets\marketplace\system\CodeIgniter.php(400): CodeIgniter\CodeIgniter->runController(Object(App\Controllers\Filtre))
#10 E:\Projets\marketplace\system\CodeIgniter.php(308): CodeIgniter\CodeIgniter->handleRequest(NULL, Object(Config\Cache), false)
#11 E:\Projets\marketplace\public\index.php(45): CodeIgniter\CodeIgniter->run()
#12 E:\Projets\marketplace\system\Commands\Server\rewrite.php(34): require_once('E:\\Projets\\mark...')
#13 {main}
CRITICAL - 2022-10-04 03:40:29 --> You have an error in your SQL syntax; check the manual that corresponds to your MariaDB server version for the right syntax to use near ':1:
 LIMIT 6' at line 7
#0 E:\Projets\marketplace\system\Database\MySQLi\Connection.php(331): mysqli->query('SELECT *\nFROM `...')
#1 E:\Projets\marketplace\system\Database\BaseConnection.php(738): CodeIgniter\Database\MySQLi\Connection->execute('SELECT *\nFROM `...')
#2 E:\Projets\marketplace\system\Database\BaseConnection.php(666): CodeIgniter\Database\BaseConnection->simpleQuery('SELECT *\nFROM `...')
#3 E:\Projets\marketplace\system\Database\BaseBuilder.php(1845): CodeIgniter\Database\BaseConnection->query('SELECT *\nFROM `...', Array, false)
#4 E:\Projets\marketplace\system\Model.php(387): CodeIgniter\Database\BaseBuilder->get()
#5 E:\Projets\marketplace\app\Models\Productmodel.php(67): CodeIgniter\Model->find()
#6 E:\Projets\marketplace\app\Controllers\Produit.php(56): App\Models\Productmodel->getSelectedProduct('3', '6', '1')
#7 E:\Projets\marketplace\app\Controllers\Filtre.php(53): App\Controllers\Produit::getSelectedProduct('3', '6', '1')
#8 E:\Projets\marketplace\system\CodeIgniter.php(914): App\Controllers\Filtre::getResultat('getSelectedProd...', '3', '6', 'selectedproduct...', '1')
#9 E:\Projets\marketplace\system\CodeIgniter.php(400): CodeIgniter\CodeIgniter->runController(Object(App\Controllers\Filtre))
#10 E:\Projets\marketplace\system\CodeIgniter.php(308): CodeIgniter\CodeIgniter->handleRequest(NULL, Object(Config\Cache), false)
#11 E:\Projets\marketplace\public\index.php(45): CodeIgniter\CodeIgniter->run()
#12 E:\Projets\marketplace\system\Commands\Server\rewrite.php(34): require_once('E:\\Projets\\mark...')
#13 {main}
CRITICAL - 2022-10-04 03:40:29 --> You have an error in your SQL syntax; check the manual that corresponds to your MariaDB server version for the right syntax to use near ':1:
 LIMIT 6' at line 7
#0 E:\Projets\marketplace\system\Database\MySQLi\Connection.php(331): mysqli->query('SELECT *\nFROM `...')
#1 E:\Projets\marketplace\system\Database\BaseConnection.php(738): CodeIgniter\Database\MySQLi\Connection->execute('SELECT *\nFROM `...')
#2 E:\Projets\marketplace\system\Database\BaseConnection.php(666): CodeIgniter\Database\BaseConnection->simpleQuery('SELECT *\nFROM `...')
#3 E:\Projets\marketplace\system\Database\BaseBuilder.php(1845): CodeIgniter\Database\BaseConnection->query('SELECT *\nFROM `...', Array, false)
#4 E:\Projets\marketplace\system\Model.php(387): CodeIgniter\Database\BaseBuilder->get()
#5 E:\Projets\marketplace\app\Models\Productmodel.php(67): CodeIgniter\Model->find()
#6 E:\Projets\marketplace\app\Controllers\Produit.php(56): App\Models\Productmodel->getSelectedProduct('3', '6', '1')
#7 E:\Projets\marketplace\app\Controllers\Filtre.php(53): App\Controllers\Produit::getSelectedProduct('3', '6', '1')
#8 E:\Projets\marketplace\system\CodeIgniter.php(914): App\Controllers\Filtre::getResultat('getSelectedProd...', '3', '6', 'carouselproduct...', '1')
#9 E:\Projets\marketplace\system\CodeIgniter.php(400): CodeIgniter\CodeIgniter->runController(Object(App\Controllers\Filtre))
#10 E:\Projets\marketplace\system\CodeIgniter.php(308): CodeIgniter\CodeIgniter->handleRequest(NULL, Object(Config\Cache), false)
#11 E:\Projets\marketplace\public\index.php(45): CodeIgniter\CodeIgniter->run()
#12 E:\Projets\marketplace\system\Commands\Server\rewrite.php(34): require_once('E:\\Projets\\mark...')
#13 {main}
CRITICAL - 2022-10-04 03:40:44 --> You have an error in your SQL syntax; check the manual that corresponds to your MariaDB server version for the right syntax to use near ':3:
 LIMIT 6' at line 7
#0 E:\Projets\marketplace\system\Database\MySQLi\Connection.php(331): mysqli->query('SELECT *\nFROM `...')
#1 E:\Projets\marketplace\system\Database\BaseConnection.php(738): CodeIgniter\Database\MySQLi\Connection->execute('SELECT *\nFROM `...')
#2 E:\Projets\marketplace\system\Database\BaseConnection.php(666): CodeIgniter\Database\BaseConnection->simpleQuery('SELECT *\nFROM `...')
#3 E:\Projets\marketplace\system\Database\BaseBuilder.php(1845): CodeIgniter\Database\BaseConnection->query('SELECT *\nFROM `...', Array, false)
#4 E:\Projets\marketplace\system\Model.php(387): CodeIgniter\Database\BaseBuilder->get()
#5 E:\Projets\marketplace\app\Models\Productmodel.php(67): CodeIgniter\Model->find()
#6 E:\Projets\marketplace\app\Controllers\Produit.php(56): App\Models\Productmodel->getSelectedProduct('1', '6', '3')
#7 E:\Projets\marketplace\app\Controllers\Filtre.php(53): App\Controllers\Produit::getSelectedProduct('1', '6', '3')
#8 E:\Projets\marketplace\system\CodeIgniter.php(914): App\Controllers\Filtre::getResultat('getSelectedProd...', '1', '6', 'selectedproduct...', '3')
#9 E:\Projets\marketplace\system\CodeIgniter.php(400): CodeIgniter\CodeIgniter->runController(Object(App\Controllers\Filtre))
#10 E:\Projets\marketplace\system\CodeIgniter.php(308): CodeIgniter\CodeIgniter->handleRequest(NULL, Object(Config\Cache), false)
#11 E:\Projets\marketplace\public\index.php(45): CodeIgniter\CodeIgniter->run()
#12 E:\Projets\marketplace\system\Commands\Server\rewrite.php(34): require_once('E:\\Projets\\mark...')
#13 {main}
CRITICAL - 2022-10-04 03:40:44 --> You have an error in your SQL syntax; check the manual that corresponds to your MariaDB server version for the right syntax to use near ':3:
 LIMIT 6' at line 7
#0 E:\Projets\marketplace\system\Database\MySQLi\Connection.php(331): mysqli->query('SELECT *\nFROM `...')
#1 E:\Projets\marketplace\system\Database\BaseConnection.php(738): CodeIgniter\Database\MySQLi\Connection->execute('SELECT *\nFROM `...')
#2 E:\Projets\marketplace\system\Database\BaseConnection.php(666): CodeIgniter\Database\BaseConnection->simpleQuery('SELECT *\nFROM `...')
#3 E:\Projets\marketplace\system\Database\BaseBuilder.php(1845): CodeIgniter\Database\BaseConnection->query('SELECT *\nFROM `...', Array, false)
#4 E:\Projets\marketplace\system\Model.php(387): CodeIgniter\Database\BaseBuilder->get()
#5 E:\Projets\marketplace\app\Models\Productmodel.php(67): CodeIgniter\Model->find()
#6 E:\Projets\marketplace\app\Controllers\Produit.php(56): App\Models\Productmodel->getSelectedProduct('1', '6', '3')
#7 E:\Projets\marketplace\app\Controllers\Filtre.php(53): App\Controllers\Produit::getSelectedProduct('1', '6', '3')
#8 E:\Projets\marketplace\system\CodeIgniter.php(914): App\Controllers\Filtre::getResultat('getSelectedProd...', '1', '6', 'carouselproduct...', '3')
#9 E:\Projets\marketplace\system\CodeIgniter.php(400): CodeIgniter\CodeIgniter->runController(Object(App\Controllers\Filtre))
#10 E:\Projets\marketplace\system\CodeIgniter.php(308): CodeIgniter\CodeIgniter->handleRequest(NULL, Object(Config\Cache), false)
#11 E:\Projets\marketplace\public\index.php(45): CodeIgniter\CodeIgniter->run()
#12 E:\Projets\marketplace\system\Commands\Server\rewrite.php(34): require_once('E:\\Projets\\mark...')
#13 {main}
CRITICAL - 2022-10-04 03:41:29 --> You have an error in your SQL syntax; check the manual that corresponds to your MariaDB server version for the right syntax to use near ':1:
 LIMIT 6' at line 7
#0 E:\Projets\marketplace\system\Database\MySQLi\Connection.php(331): mysqli->query('SELECT *\nFROM `...')
#1 E:\Projets\marketplace\system\Database\BaseConnection.php(738): CodeIgniter\Database\MySQLi\Connection->execute('SELECT *\nFROM `...')
#2 E:\Projets\marketplace\system\Database\BaseConnection.php(666): CodeIgniter\Database\BaseConnection->simpleQuery('SELECT *\nFROM `...')
#3 E:\Projets\marketplace\system\Database\BaseBuilder.php(1845): CodeIgniter\Database\BaseConnection->query('SELECT *\nFROM `...', Array, false)
#4 E:\Projets\marketplace\system\Model.php(387): CodeIgniter\Database\BaseBuilder->get()
#5 E:\Projets\marketplace\app\Models\Productmodel.php(67): CodeIgniter\Model->find()
#6 E:\Projets\marketplace\app\Controllers\Produit.php(56): App\Models\Productmodel->getSelectedProduct('3', '6', '1')
#7 E:\Projets\marketplace\app\Controllers\Filtre.php(53): App\Controllers\Produit::getSelectedProduct('3', '6', '1')
#8 E:\Projets\marketplace\system\CodeIgniter.php(914): App\Controllers\Filtre::getResultat('getSelectedProd...', '3', '6', 'selectedproduct...', '1')
#9 E:\Projets\marketplace\system\CodeIgniter.php(400): CodeIgniter\CodeIgniter->runController(Object(App\Controllers\Filtre))
#10 E:\Projets\marketplace\system\CodeIgniter.php(308): CodeIgniter\CodeIgniter->handleRequest(NULL, Object(Config\Cache), false)
#11 E:\Projets\marketplace\public\index.php(45): CodeIgniter\CodeIgniter->run()
#12 E:\Projets\marketplace\system\Commands\Server\rewrite.php(34): require_once('E:\\Projets\\mark...')
#13 {main}
CRITICAL - 2022-10-04 03:41:29 --> You have an error in your SQL syntax; check the manual that corresponds to your MariaDB server version for the right syntax to use near ':1:
 LIMIT 6' at line 7
#0 E:\Projets\marketplace\system\Database\MySQLi\Connection.php(331): mysqli->query('SELECT *\nFROM `...')
#1 E:\Projets\marketplace\system\Database\BaseConnection.php(738): CodeIgniter\Database\MySQLi\Connection->execute('SELECT *\nFROM `...')
#2 E:\Projets\marketplace\system\Database\BaseConnection.php(666): CodeIgniter\Database\BaseConnection->simpleQuery('SELECT *\nFROM `...')
#3 E:\Projets\marketplace\system\Database\BaseBuilder.php(1845): CodeIgniter\Database\BaseConnection->query('SELECT *\nFROM `...', Array, false)
#4 E:\Projets\marketplace\system\Model.php(387): CodeIgniter\Database\BaseBuilder->get()
#5 E:\Projets\marketplace\app\Models\Productmodel.php(67): CodeIgniter\Model->find()
#6 E:\Projets\marketplace\app\Controllers\Produit.php(56): App\Models\Productmodel->getSelectedProduct('3', '6', '1')
#7 E:\Projets\marketplace\app\Controllers\Filtre.php(53): App\Controllers\Produit::getSelectedProduct('3', '6', '1')
#8 E:\Projets\marketplace\system\CodeIgniter.php(914): App\Controllers\Filtre::getResultat('getSelectedProd...', '3', '6', 'carouselproduct...', '1')
#9 E:\Projets\marketplace\system\CodeIgniter.php(400): CodeIgniter\CodeIgniter->runController(Object(App\Controllers\Filtre))
#10 E:\Projets\marketplace\system\CodeIgniter.php(308): CodeIgniter\CodeIgniter->handleRequest(NULL, Object(Config\Cache), false)
#11 E:\Projets\marketplace\public\index.php(45): CodeIgniter\CodeIgniter->run()
#12 E:\Projets\marketplace\system\Commands\Server\rewrite.php(34): require_once('E:\\Projets\\mark...')
#13 {main}
CRITICAL - 2022-10-04 03:43:08 --> Unknown column 'undefined' in 'where clause'
#0 E:\Projets\marketplace\system\Database\MySQLi\Connection.php(331): mysqli->query('SELECT *\nFROM `...')
#1 E:\Projets\marketplace\system\Database\BaseConnection.php(738): CodeIgniter\Database\MySQLi\Connection->execute('SELECT *\nFROM `...')
#2 E:\Projets\marketplace\system\Database\BaseConnection.php(666): CodeIgniter\Database\BaseConnection->simpleQuery('SELECT *\nFROM `...')
#3 E:\Projets\marketplace\system\Database\BaseBuilder.php(1845): CodeIgniter\Database\BaseConnection->query('SELECT *\nFROM `...', Array, false)
#4 E:\Projets\marketplace\system\Model.php(387): CodeIgniter\Database\BaseBuilder->get()
#5 E:\Projets\marketplace\app\Models\Productmodel.php(67): CodeIgniter\Model->find()
#6 E:\Projets\marketplace\app\Controllers\Produit.php(56): App\Models\Productmodel->getSelectedProduct('2', '6', 'undefined')
#7 E:\Projets\marketplace\app\Controllers\Filtre.php(53): App\Controllers\Produit::getSelectedProduct('2', '6', 'undefined')
#8 E:\Projets\marketplace\system\CodeIgniter.php(914): App\Controllers\Filtre::getResultat('getSelectedProd...', '2', '6', 'selectedproduct...', 'undefined')
#9 E:\Projets\marketplace\system\CodeIgniter.php(400): CodeIgniter\CodeIgniter->runController(Object(App\Controllers\Filtre))
#10 E:\Projets\marketplace\system\CodeIgniter.php(308): CodeIgniter\CodeIgniter->handleRequest(NULL, Object(Config\Cache), false)
#11 E:\Projets\marketplace\public\index.php(45): CodeIgniter\CodeIgniter->run()
#12 E:\Projets\marketplace\system\Commands\Server\rewrite.php(34): require_once('E:\\Projets\\mark...')
#13 {main}
CRITICAL - 2022-10-04 03:43:09 --> Unknown column 'undefined' in 'where clause'
#0 E:\Projets\marketplace\system\Database\MySQLi\Connection.php(331): mysqli->query('SELECT *\nFROM `...')
#1 E:\Projets\marketplace\system\Database\BaseConnection.php(738): CodeIgniter\Database\MySQLi\Connection->execute('SELECT *\nFROM `...')
#2 E:\Projets\marketplace\system\Database\BaseConnection.php(666): CodeIgniter\Database\BaseConnection->simpleQuery('SELECT *\nFROM `...')
#3 E:\Projets\marketplace\system\Database\BaseBuilder.php(1845): CodeIgniter\Database\BaseConnection->query('SELECT *\nFROM `...', Array, false)
#4 E:\Projets\marketplace\system\Model.php(387): CodeIgniter\Database\BaseBuilder->get()
#5 E:\Projets\marketplace\app\Models\Productmodel.php(67): CodeIgniter\Model->find()
#6 E:\Projets\marketplace\app\Controllers\Produit.php(56): App\Models\Productmodel->getSelectedProduct('2', '6', 'undefined')
#7 E:\Projets\marketplace\app\Controllers\Filtre.php(53): App\Controllers\Produit::getSelectedProduct('2', '6', 'undefined')
#8 E:\Projets\marketplace\system\CodeIgniter.php(914): App\Controllers\Filtre::getResultat('getSelectedProd...', '2', '6', 'carouselproduct...', 'undefined')
#9 E:\Projets\marketplace\system\CodeIgniter.php(400): CodeIgniter\CodeIgniter->runController(Object(App\Controllers\Filtre))
#10 E:\Projets\marketplace\system\CodeIgniter.php(308): CodeIgniter\CodeIgniter->handleRequest(NULL, Object(Config\Cache), false)
#11 E:\Projets\marketplace\public\index.php(45): CodeIgniter\CodeIgniter->run()
#12 E:\Projets\marketplace\system\Commands\Server\rewrite.php(34): require_once('E:\\Projets\\mark...')
#13 {main}
CRITICAL - 2022-10-04 03:47:52 --> Unknown column 'undefined' in 'where clause'
#0 E:\Projets\marketplace\system\Database\MySQLi\Connection.php(331): mysqli->query('SELECT *\nFROM `...')
#1 E:\Projets\marketplace\system\Database\BaseConnection.php(738): CodeIgniter\Database\MySQLi\Connection->execute('SELECT *\nFROM `...')
#2 E:\Projets\marketplace\system\Database\BaseConnection.php(666): CodeIgniter\Database\BaseConnection->simpleQuery('SELECT *\nFROM `...')
#3 E:\Projets\marketplace\system\Database\BaseBuilder.php(1845): CodeIgniter\Database\BaseConnection->query('SELECT *\nFROM `...', Array, false)
#4 E:\Projets\marketplace\system\Model.php(387): CodeIgniter\Database\BaseBuilder->get()
#5 E:\Projets\marketplace\app\Models\Productmodel.php(67): CodeIgniter\Model->find()
#6 E:\Projets\marketplace\app\Controllers\Produit.php(56): App\Models\Productmodel->getSelectedProduct('1', '6', 'undefined')
#7 E:\Projets\marketplace\app\Controllers\Filtre.php(53): App\Controllers\Produit::getSelectedProduct('1', '6', 'undefined')
#8 E:\Projets\marketplace\system\CodeIgniter.php(914): App\Controllers\Filtre::getResultat('getSelectedProd...', '1', '6', 'selectedproduct...', 'undefined')
#9 E:\Projets\marketplace\system\CodeIgniter.php(400): CodeIgniter\CodeIgniter->runController(Object(App\Controllers\Filtre))
#10 E:\Projets\marketplace\system\CodeIgniter.php(308): CodeIgniter\CodeIgniter->handleRequest(NULL, Object(Config\Cache), false)
#11 E:\Projets\marketplace\public\index.php(45): CodeIgniter\CodeIgniter->run()
#12 E:\Projets\marketplace\system\Commands\Server\rewrite.php(34): require_once('E:\\Projets\\mark...')
#13 {main}
CRITICAL - 2022-10-04 03:47:52 --> Unknown column 'undefined' in 'where clause'
#0 E:\Projets\marketplace\system\Database\MySQLi\Connection.php(331): mysqli->query('SELECT *\nFROM `...')
#1 E:\Projets\marketplace\system\Database\BaseConnection.php(738): CodeIgniter\Database\MySQLi\Connection->execute('SELECT *\nFROM `...')
#2 E:\Projets\marketplace\system\Database\BaseConnection.php(666): CodeIgniter\Database\BaseConnection->simpleQuery('SELECT *\nFROM `...')
#3 E:\Projets\marketplace\system\Database\BaseBuilder.php(1845): CodeIgniter\Database\BaseConnection->query('SELECT *\nFROM `...', Array, false)
#4 E:\Projets\marketplace\system\Model.php(387): CodeIgniter\Database\BaseBuilder->get()
#5 E:\Projets\marketplace\app\Models\Productmodel.php(67): CodeIgniter\Model->find()
#6 E:\Projets\marketplace\app\Controllers\Produit.php(56): App\Models\Productmodel->getSelectedProduct('1', '6', 'undefined')
#7 E:\Projets\marketplace\app\Controllers\Filtre.php(53): App\Controllers\Produit::getSelectedProduct('1', '6', 'undefined')
#8 E:\Projets\marketplace\system\CodeIgniter.php(914): App\Controllers\Filtre::getResultat('getSelectedProd...', '1', '6', 'carouselproduct...', 'undefined')
#9 E:\Projets\marketplace\system\CodeIgniter.php(400): CodeIgniter\CodeIgniter->runController(Object(App\Controllers\Filtre))
#10 E:\Projets\marketplace\system\CodeIgniter.php(308): CodeIgniter\CodeIgniter->handleRequest(NULL, Object(Config\Cache), false)
#11 E:\Projets\marketplace\public\index.php(45): CodeIgniter\CodeIgniter->run()
#12 E:\Projets\marketplace\system\Commands\Server\rewrite.php(34): require_once('E:\\Projets\\mark...')
#13 {main}
CRITICAL - 2022-10-04 06:32:50 --> Too few arguments to function App\Controllers\Produit::getSelectedProduct(), 2 passed in E:\Projets\marketplace\app\Controllers\Storebackoffice.php on line 29 and exactly 3 expected
#0 E:\Projets\marketplace\app\Controllers\Storebackoffice.php(29): App\Controllers\Produit::getSelectedProduct(NULL, 10)
#1 E:\Projets\marketplace\system\CodeIgniter.php(914): App\Controllers\Storebackoffice->mystore()
#2 E:\Projets\marketplace\system\CodeIgniter.php(400): CodeIgniter\CodeIgniter->runController(Object(App\Controllers\Storebackoffice))
#3 E:\Projets\marketplace\system\CodeIgniter.php(308): CodeIgniter\CodeIgniter->handleRequest(NULL, Object(Config\Cache), false)
#4 E:\Projets\marketplace\public\index.php(45): CodeIgniter\CodeIgniter->run()
#5 E:\Projets\marketplace\system\Commands\Server\rewrite.php(34): require_once('E:\\Projets\\mark...')
#6 {main}
