CRITICAL - 2022-10-15 21:14:03 --> Unknown column 'undefined' in 'where clause'
#0 E:\Projets\marketplace\system\Database\MySQLi\Connection.php(331): mysqli->query('SELECT *\nFROM `...')
#1 E:\Projets\marketplace\system\Database\BaseConnection.php(738): CodeIgniter\Database\MySQLi\Connection->execute('SELECT *\nFROM `...')
#2 E:\Projets\marketplace\system\Database\BaseConnection.php(666): CodeIgniter\Database\BaseConnection->simpleQuery('SELECT *\nFROM `...')
#3 E:\Projets\marketplace\system\Database\BaseBuilder.php(1845): CodeIgniter\Database\BaseConnection->query('SELECT *\nFROM `...', Array, false)
#4 E:\Projets\marketplace\system\Model.php(387): CodeIgniter\Database\BaseBuilder->get()
#5 E:\Projets\marketplace\app\Models\Productmodel.php(56): CodeIgniter\Model->find()
#6 E:\Projets\marketplace\app\Controllers\Produit.php(56): App\Models\Productmodel->getSelectedProduct(NULL, '6', 'undefined')
#7 E:\Projets\marketplace\app\Controllers\Filtre.php(48): App\Controllers\Produit::getSelectedProduct(NULL, '6', 'undefined')
#8 E:\Projets\marketplace\system\CodeIgniter.php(914): App\Controllers\Filtre::getResultat('getSelectedProd...', NULL, '6', 'selectedproduct...', 'undefined')
#9 E:\Projets\marketplace\system\CodeIgniter.php(400): CodeIgniter\CodeIgniter->runController(Object(App\Controllers\Filtre))
#10 E:\Projets\marketplace\system\CodeIgniter.php(308): CodeIgniter\CodeIgniter->handleRequest(NULL, Object(Config\Cache), false)
#11 E:\Projets\marketplace\public\index.php(45): CodeIgniter\CodeIgniter->run()
#12 E:\Projets\marketplace\system\Commands\Server\rewrite.php(34): require_once('E:\\Projets\\mark...')
#13 {main}
CRITICAL - 2022-10-15 21:14:04 --> Unknown column 'undefined' in 'where clause'
#0 E:\Projets\marketplace\system\Database\MySQLi\Connection.php(331): mysqli->query('SELECT *\nFROM `...')
#1 E:\Projets\marketplace\system\Database\BaseConnection.php(738): CodeIgniter\Database\MySQLi\Connection->execute('SELECT *\nFROM `...')
#2 E:\Projets\marketplace\system\Database\BaseConnection.php(666): CodeIgniter\Database\BaseConnection->simpleQuery('SELECT *\nFROM `...')
#3 E:\Projets\marketplace\system\Database\BaseBuilder.php(1845): CodeIgniter\Database\BaseConnection->query('SELECT *\nFROM `...', Array, false)
#4 E:\Projets\marketplace\system\Model.php(387): CodeIgniter\Database\BaseBuilder->get()
#5 E:\Projets\marketplace\app\Models\Productmodel.php(56): CodeIgniter\Model->find()
#6 E:\Projets\marketplace\app\Controllers\Produit.php(56): App\Models\Productmodel->getSelectedProduct(NULL, '6', 'undefined')
#7 E:\Projets\marketplace\app\Controllers\Filtre.php(48): App\Controllers\Produit::getSelectedProduct(NULL, '6', 'undefined')
#8 E:\Projets\marketplace\system\CodeIgniter.php(914): App\Controllers\Filtre::getResultat('getSelectedProd...', NULL, '6', 'carouselproduct...', 'undefined')
#9 E:\Projets\marketplace\system\CodeIgniter.php(400): CodeIgniter\CodeIgniter->runController(Object(App\Controllers\Filtre))
#10 E:\Projets\marketplace\system\CodeIgniter.php(308): CodeIgniter\CodeIgniter->handleRequest(NULL, Object(Config\Cache), false)
#11 E:\Projets\marketplace\public\index.php(45): CodeIgniter\CodeIgniter->run()
#12 E:\Projets\marketplace\system\Commands\Server\rewrite.php(34): require_once('E:\\Projets\\mark...')
#13 {main}
