CRITICAL - 2022-09-21 03:28:04 --> Call to undefined method App\Controllers\Assets::homenavmenu()
#0 E:\PROJET\test\system\CodeIgniter.php(914): App\Controllers\Accueil->accueil()
#1 E:\PROJET\test\system\CodeIgniter.php(400): CodeIgniter\CodeIgniter->runController(Object(App\Controllers\Accueil))
#2 E:\PROJET\test\system\CodeIgniter.php(308): CodeIgniter\CodeIgniter->handleRequest(NULL, Object(Config\Cache), false)
#3 E:\PROJET\test\public\index.php(45): CodeIgniter\CodeIgniter->run()
#4 E:\PROJET\test\system\Commands\Server\rewrite.php(34): require_once('E:\\PROJET\\test\\...')
#5 {main}
CRITICAL - 2022-09-21 05:50:32 --> syntax error, unexpected '{', expecting function (T_FUNCTION) or const (T_CONST)
#0 E:\PROJET\test\system\Autoloader\Autoloader.php(296): CodeIgniter\Autoloader\Autoloader->requireFile('E:\\PROJET\\test\\...')
#1 E:\PROJET\test\system\Autoloader\Autoloader.php(258): CodeIgniter\Autoloader\Autoloader->loadInNamespace('App\\Controllers...')
#2 [internal function]: CodeIgniter\Autoloader\Autoloader->loadClass('App\\Controllers...')
#3 [internal function]: spl_autoload_call('App\\Controllers...')
#4 E:\PROJET\test\system\Database\ModelFactory.php(74): class_exists('App\\Controllers...')
#5 E:\PROJET\test\system\Database\ModelFactory.php(40): CodeIgniter\Database\ModelFactory::createClass('App\\Controllers...', NULL)
#6 E:\PROJET\test\system\Common.php(742): CodeIgniter\Database\ModelFactory::get('App\\Controllers...', true, NULL)
#7 E:\PROJET\test\app\Controllers\Accueil.php(9): model('App\\Controllers...')
#8 E:\PROJET\test\system\CodeIgniter.php(914): App\Controllers\Accueil->accueil()
#9 E:\PROJET\test\system\CodeIgniter.php(400): CodeIgniter\CodeIgniter->runController(Object(App\Controllers\Accueil))
#10 E:\PROJET\test\system\CodeIgniter.php(308): CodeIgniter\CodeIgniter->handleRequest(NULL, Object(Config\Cache), false)
#11 E:\PROJET\test\public\index.php(45): CodeIgniter\CodeIgniter->run()
#12 E:\PROJET\test\system\Commands\Server\rewrite.php(34): require_once('E:\\PROJET\\test\\...')
#13 {main}
CRITICAL - 2022-09-21 06:00:56 --> Call to undefined method App\Controllers\Assets::homenavmenu()
#0 E:\PROJET\test\system\CodeIgniter.php(914): App\Controllers\Accueil->accueil()
#1 E:\PROJET\test\system\CodeIgniter.php(400): CodeIgniter\CodeIgniter->runController(Object(App\Controllers\Accueil))
#2 E:\PROJET\test\system\CodeIgniter.php(308): CodeIgniter\CodeIgniter->handleRequest(NULL, Object(Config\Cache), false)
#3 E:\PROJET\test\public\index.php(45): CodeIgniter\CodeIgniter->run()
#4 E:\PROJET\test\system\Commands\Server\rewrite.php(34): require_once('E:\\PROJET\\test\\...')
#5 {main}
CRITICAL - 2022-09-21 06:57:23 --> Call to undefined method App\Controllers\Assets::homenavmenu()
#0 E:\PROJET\test\system\CodeIgniter.php(914): App\Controllers\Accueil->accueil()
#1 E:\PROJET\test\system\CodeIgniter.php(400): CodeIgniter\CodeIgniter->runController(Object(App\Controllers\Accueil))
#2 E:\PROJET\test\system\CodeIgniter.php(308): CodeIgniter\CodeIgniter->handleRequest(NULL, Object(Config\Cache), false)
#3 E:\PROJET\test\public\index.php(45): CodeIgniter\CodeIgniter->run()
#4 E:\PROJET\test\system\Commands\Server\rewrite.php(34): require_once('E:\\PROJET\\test\\...')
#5 {main}
CRITICAL - 2022-09-21 07:35:01 -->  is not a valid rule.
#0 E:\PROJET\test\system\Validation\Validation.php(302): CodeIgniter\Validation\Exceptions\ValidationException::forRuleNotFound('')
#1 E:\PROJET\test\system\Validation\Validation.php(189): CodeIgniter\Validation\Validation->processRules('telephone', 'telephone', '0202203489', Array, Array)
#2 E:\PROJET\test\system\Controller.php(219): CodeIgniter\Validation\Validation->run()
#3 E:\PROJET\test\app\Controllers\Users.php(90): CodeIgniter\Controller->validate(Array)
#4 E:\PROJET\test\system\CodeIgniter.php(914): App\Controllers\Users->register()
#5 E:\PROJET\test\system\CodeIgniter.php(400): CodeIgniter\CodeIgniter->runController(Object(App\Controllers\Users))
#6 E:\PROJET\test\system\CodeIgniter.php(308): CodeIgniter\CodeIgniter->handleRequest(NULL, Object(Config\Cache), false)
#7 E:\PROJET\test\public\index.php(45): CodeIgniter\CodeIgniter->run()
#8 E:\PROJET\test\system\Commands\Server\rewrite.php(34): require_once('E:\\PROJET\\test\\...')
#9 {main}
