CRITICAL - 2022-09-24 22:12:56 --> Invalid file: http://localhost:8080.php
#0 E:\Projets\marketplace\system\View\View.php(228): CodeIgniter\Exceptions\FrameworkException::forInvalidFile('http://localhos...')
#1 E:\Projets\marketplace\system\Common.php(1087): CodeIgniter\View\View->render('http://localhos...', Array, true)
#2 E:\Projets\marketplace\app\Controllers\Users.php(49): view('http://localhos...')
#3 E:\Projets\marketplace\system\CodeIgniter.php(914): App\Controllers\Users->index()
#4 E:\Projets\marketplace\system\CodeIgniter.php(400): CodeIgniter\CodeIgniter->runController(Object(App\Controllers\Users))
#5 E:\Projets\marketplace\system\CodeIgniter.php(308): CodeIgniter\CodeIgniter->handleRequest(NULL, Object(Config\Cache), false)
#6 E:\Projets\marketplace\public\index.php(45): CodeIgniter\CodeIgniter->run()
#7 E:\Projets\marketplace\system\Commands\Server\rewrite.php(34): require_once('E:\\Projets\\mark...')
#8 {main}
CRITICAL - 2022-09-24 22:14:11 --> Invalid file: http://localhost:8080.php
#0 E:\Projets\marketplace\system\View\View.php(228): CodeIgniter\Exceptions\FrameworkException::forInvalidFile('http://localhos...')
#1 E:\Projets\marketplace\system\Common.php(1087): CodeIgniter\View\View->render('http://localhos...', Array, true)
#2 E:\Projets\marketplace\app\Controllers\Users.php(49): view('http://localhos...')
#3 E:\Projets\marketplace\system\CodeIgniter.php(914): App\Controllers\Users->index()
#4 E:\Projets\marketplace\system\CodeIgniter.php(400): CodeIgniter\CodeIgniter->runController(Object(App\Controllers\Users))
#5 E:\Projets\marketplace\system\CodeIgniter.php(308): CodeIgniter\CodeIgniter->handleRequest(NULL, Object(Config\Cache), false)
#6 E:\Projets\marketplace\public\index.php(45): CodeIgniter\CodeIgniter->run()
#7 E:\Projets\marketplace\system\Commands\Server\rewrite.php(34): require_once('E:\\Projets\\mark...')
#8 {main}
CRITICAL - 2022-09-24 22:14:40 --> Invalid file: /.php
#0 E:\Projets\marketplace\system\View\View.php(228): CodeIgniter\Exceptions\FrameworkException::forInvalidFile('/.php')
#1 E:\Projets\marketplace\system\Common.php(1087): CodeIgniter\View\View->render('/', Array, true)
#2 E:\Projets\marketplace\app\Controllers\Users.php(49): view('/')
#3 E:\Projets\marketplace\system\CodeIgniter.php(914): App\Controllers\Users->index()
#4 E:\Projets\marketplace\system\CodeIgniter.php(400): CodeIgniter\CodeIgniter->runController(Object(App\Controllers\Users))
#5 E:\Projets\marketplace\system\CodeIgniter.php(308): CodeIgniter\CodeIgniter->handleRequest(NULL, Object(Config\Cache), false)
#6 E:\Projets\marketplace\public\index.php(45): CodeIgniter\CodeIgniter->run()
#7 E:\Projets\marketplace\system\Commands\Server\rewrite.php(34): require_once('E:\\Projets\\mark...')
#8 {main}
CRITICAL - 2022-09-24 22:24:48 --> Undefined index: adresse
#0 E:\Projets\marketplace\app\Controllers\Users.php(59): CodeIgniter\Debug\Exceptions->errorHandler(8, 'Undefined index...', 'E:\\Projets\\mark...', 59, Array)
#1 E:\Projets\marketplace\app\Controllers\Users.php(42): App\Controllers\Users->setUserSession(Array)
#2 E:\Projets\marketplace\system\CodeIgniter.php(914): App\Controllers\Users->index()
#3 E:\Projets\marketplace\system\CodeIgniter.php(400): CodeIgniter\CodeIgniter->runController(Object(App\Controllers\Users))
#4 E:\Projets\marketplace\system\CodeIgniter.php(308): CodeIgniter\CodeIgniter->handleRequest(NULL, Object(Config\Cache), false)
#5 E:\Projets\marketplace\public\index.php(45): CodeIgniter\CodeIgniter->run()
#6 E:\Projets\marketplace\system\Commands\Server\rewrite.php(34): require_once('E:\\Projets\\mark...')
#7 {main}
